TN:
SF:src\index.js
FN:7,(anonymous_0)
FNF:1
FNH:1
FNDA:1,(anonymous_0)
DA:1,1
DA:2,1
DA:5,1
DA:6,1
DA:7,1
DA:13,1
LF:6
LH:6
BRDA:5,0,0,0
BRDA:5,0,1,1
BRF:2
BRH:1
end_of_record
TN:
SF:src\server.js
FN:7,(anonymous_0)
FNF:1
FNH:1
FNDA:626,(anonymous_0)
DA:1,28
DA:2,28
DA:3,28
DA:4,28
DA:5,28
DA:7,28
DA:9,626
DA:12,626
DA:13,626
DA:16,626
DA:18,626
DA:22,28
DA:24,28
LF:13
LH:13
BRF:0
BRH:0
end_of_record
TN:
SF:src\configs\config.js
FNF:0
FNH:0
DA:1,29
LF:1
LH:1
BRDA:3,0,0,29
BRDA:3,0,1,0
BRDA:4,1,0,29
BRDA:4,1,1,0
BRDA:5,2,0,29
BRDA:5,2,1,0
BRDA:6,3,0,29
BRDA:6,3,1,0
BRDA:7,4,0,29
BRDA:7,4,1,29
BRDA:8,5,0,29
BRDA:8,5,1,0
BRDA:9,6,0,29
BRDA:9,6,1,0
BRDA:10,7,0,29
BRDA:10,7,1,0
BRDA:13,8,0,29
BRDA:13,8,1,0
BRDA:14,9,0,29
BRDA:14,9,1,0
BRF:20
BRH:11
end_of_record
TN:
SF:src\controllers\activity.controller.js
FN:4,(anonymous_0)
FN:9,(anonymous_1)
FN:14,(anonymous_2)
FN:19,(anonymous_3)
FN:24,(anonymous_4)
FN:29,(anonymous_5)
FNF:6
FNH:6
FNDA:3,(anonymous_0)
FNDA:8,(anonymous_1)
FNDA:9,(anonymous_2)
FNDA:8,(anonymous_3)
FNDA:8,(anonymous_4)
FNDA:5,(anonymous_5)
DA:1,28
DA:4,28
DA:5,3
DA:6,3
DA:9,28
DA:10,8
DA:11,5
DA:14,28
DA:15,9
DA:16,9
DA:19,28
DA:20,8
DA:21,4
DA:24,28
DA:25,8
DA:26,4
DA:29,28
DA:30,5
DA:31,4
DA:35,28
LF:20
LH:20
BRF:0
BRH:0
end_of_record
TN:
SF:src\controllers\activityAttendee.controller.js
FN:5,(anonymous_0)
FN:11,(anonymous_1)
FN:20,(anonymous_2)
FNF:3
FNH:3
FNDA:4,(anonymous_0)
FNDA:6,(anonymous_1)
FNDA:5,(anonymous_2)
DA:1,28
DA:5,28
DA:6,4
DA:7,4
DA:8,3
DA:11,28
DA:12,6
DA:16,6
DA:17,4
DA:20,28
DA:21,5
DA:25,5
DA:26,3
DA:30,28
LF:14
LH:14
BRF:0
BRH:0
end_of_record
TN:
SF:src\controllers\activityStatus.controller.js
FN:4,(anonymous_0)
FN:9,(anonymous_1)
FN:14,(anonymous_2)
FN:19,(anonymous_3)
FN:24,(anonymous_4)
FNF:5
FNH:5
FNDA:2,(anonymous_0)
FNDA:5,(anonymous_1)
FNDA:2,(anonymous_2)
FNDA:3,(anonymous_3)
FNDA:3,(anonymous_4)
DA:1,28
DA:4,28
DA:5,2
DA:6,1
DA:9,28
DA:10,5
DA:11,3
DA:14,28
DA:15,2
DA:16,2
DA:19,28
DA:20,3
DA:21,2
DA:24,28
DA:25,3
DA:26,2
DA:30,28
LF:17
LH:17
BRF:0
BRH:0
end_of_record
TN:
SF:src\controllers\activityType.controller.js
FN:4,(anonymous_0)
FN:9,(anonymous_1)
FN:14,(anonymous_2)
FN:19,(anonymous_3)
FN:24,(anonymous_4)
FNF:5
FNH:5
FNDA:2,(anonymous_0)
FNDA:5,(anonymous_1)
FNDA:2,(anonymous_2)
FNDA:3,(anonymous_3)
FNDA:3,(anonymous_4)
DA:1,28
DA:4,28
DA:5,2
DA:6,1
DA:9,28
DA:10,5
DA:11,3
DA:14,28
DA:15,2
DA:16,2
DA:19,28
DA:20,3
DA:21,2
DA:24,28
DA:25,3
DA:26,2
DA:30,28
LF:17
LH:17
BRF:0
BRH:0
end_of_record
TN:
SF:src\controllers\auth.controller.js
FN:6,(anonymous_0)
FN:11,(anonymous_1)
FN:17,(anonymous_2)
FN:22,(anonymous_3)
FN:27,(anonymous_4)
FN:32,(anonymous_5)
FN:37,(anonymous_6)
FN:42,(anonymous_7)
FNF:8
FNH:8
FNDA:3,(anonymous_0)
FNDA:2,(anonymous_1)
FNDA:2,(anonymous_2)
FNDA:5,(anonymous_3)
FNDA:4,(anonymous_4)
FNDA:2,(anonymous_5)
FNDA:4,(anonymous_6)
FNDA:3,(anonymous_7)
DA:1,28
DA:2,28
DA:6,28
DA:7,3
DA:8,2
DA:11,28
DA:12,2
DA:13,2
DA:14,1
DA:17,28
DA:18,2
DA:19,1
DA:22,28
DA:23,5
DA:24,2
DA:27,28
DA:28,4
DA:29,2
DA:32,28
DA:33,2
DA:34,1
DA:37,28
DA:38,4
DA:39,1
DA:42,28
DA:43,3
DA:44,2
DA:48,28
LF:28
LH:28
BRF:0
BRH:0
end_of_record
TN:
SF:src\controllers\campus.controller.js
FN:4,(anonymous_0)
FN:9,(anonymous_1)
FN:14,(anonymous_2)
FN:19,(anonymous_3)
FN:24,(anonymous_4)
FNF:5
FNH:5
FNDA:2,(anonymous_0)
FNDA:5,(anonymous_1)
FNDA:2,(anonymous_2)
FNDA:3,(anonymous_3)
FNDA:3,(anonymous_4)
DA:1,28
DA:4,28
DA:5,2
DA:6,1
DA:9,28
DA:10,5
DA:11,3
DA:14,28
DA:15,2
DA:16,2
DA:19,28
DA:20,3
DA:21,2
DA:24,28
DA:25,3
DA:26,2
DA:30,28
LF:17
LH:17
BRF:0
BRH:0
end_of_record
TN:
SF:src\controllers\campusSpot.controller.js
FN:4,(anonymous_0)
FN:9,(anonymous_1)
FN:14,(anonymous_2)
FN:19,(anonymous_3)
FN:24,(anonymous_4)
FNF:5
FNH:5
FNDA:2,(anonymous_0)
FNDA:5,(anonymous_1)
FNDA:3,(anonymous_2)
FNDA:3,(anonymous_3)
FNDA:3,(anonymous_4)
DA:1,28
DA:4,28
DA:5,2
DA:6,1
DA:9,28
DA:10,5
DA:11,3
DA:14,28
DA:15,3
DA:16,2
DA:19,28
DA:20,3
DA:21,2
DA:24,28
DA:25,3
DA:26,2
DA:30,28
LF:17
LH:17
BRF:0
BRH:0
end_of_record
TN:
SF:src\controllers\class.controller.js
FN:4,(anonymous_0)
FN:9,(anonymous_1)
FN:14,(anonymous_2)
FN:19,(anonymous_3)
FN:24,(anonymous_4)
FN:29,(anonymous_5)
FNF:6
FNH:6
FNDA:4,(anonymous_0)
FNDA:6,(anonymous_1)
FNDA:8,(anonymous_2)
FNDA:7,(anonymous_3)
FNDA:9,(anonymous_4)
FNDA:8,(anonymous_5)
DA:1,28
DA:4,28
DA:5,4
DA:6,3
DA:9,28
DA:10,6
DA:11,3
DA:14,28
DA:15,8
DA:16,2
DA:19,28
DA:20,7
DA:21,1
DA:24,28
DA:25,9
DA:26,2
DA:29,28
DA:30,8
DA:31,6
DA:35,28
LF:20
LH:20
BRF:0
BRH:0
end_of_record
TN:
SF:src\controllers\classroom.controller.js
FN:4,(anonymous_0)
FN:9,(anonymous_1)
FN:14,(anonymous_2)
FN:19,(anonymous_3)
FN:24,(anonymous_4)
FNF:5
FNH:5
FNDA:2,(anonymous_0)
FNDA:5,(anonymous_1)
FNDA:3,(anonymous_2)
FNDA:4,(anonymous_3)
FNDA:3,(anonymous_4)
DA:1,28
DA:4,28
DA:5,2
DA:6,1
DA:9,28
DA:10,5
DA:11,3
DA:14,28
DA:15,3
DA:16,2
DA:19,28
DA:20,4
DA:21,2
DA:24,28
DA:25,3
DA:26,2
DA:30,28
LF:17
LH:17
BRF:0
BRH:0
end_of_record
TN:
SF:src\controllers\hangoutRequest.controller.js
FN:5,(anonymous_0)
FN:10,(anonymous_1)
FN:15,(anonymous_2)
FN:20,(anonymous_3)
FN:25,(anonymous_4)
FNF:5
FNH:5
FNDA:4,(anonymous_0)
FNDA:2,(anonymous_1)
FNDA:3,(anonymous_2)
FNDA:2,(anonymous_3)
FNDA:2,(anonymous_4)
DA:1,28
DA:5,28
DA:6,4
DA:7,4
DA:10,28
DA:11,2
DA:12,2
DA:15,28
DA:16,3
DA:17,2
DA:20,28
DA:21,2
DA:22,2
DA:25,28
DA:26,2
DA:27,2
DA:31,28
LF:17
LH:17
BRF:0
BRH:0
end_of_record
TN:
SF:src\controllers\healthCheck.controller.js
FN:6,(anonymous_0)
FNF:1
FNH:1
FNDA:1,(anonymous_0)
DA:1,28
DA:3,28
DA:6,28
DA:7,1
DA:13,1
DA:14,1
DA:15,1
DA:16,1
DA:18,0
DA:19,0
DA:20,0
DA:23,0
DA:24,0
DA:29,28
LF:14
LH:9
BRF:0
BRH:0
end_of_record
TN:
SF:src\controllers\hobby.controller.js
FN:4,(anonymous_0)
FN:9,(anonymous_1)
FN:14,(anonymous_2)
FN:19,(anonymous_3)
FN:24,(anonymous_4)
FNF:5
FNH:5
FNDA:2,(anonymous_0)
FNDA:5,(anonymous_1)
FNDA:2,(anonymous_2)
FNDA:3,(anonymous_3)
FNDA:3,(anonymous_4)
DA:1,28
DA:4,28
DA:5,2
DA:6,1
DA:9,28
DA:10,5
DA:11,3
DA:14,28
DA:15,2
DA:16,2
DA:19,28
DA:20,3
DA:21,2
DA:24,28
DA:25,3
DA:26,2
DA:30,28
LF:17
LH:17
BRF:0
BRH:0
end_of_record
TN:
SF:src\controllers\interest.controller.js
FN:4,(anonymous_0)
FN:9,(anonymous_1)
FN:14,(anonymous_2)
FN:19,(anonymous_3)
FN:24,(anonymous_4)
FNF:5
FNH:5
FNDA:2,(anonymous_0)
FNDA:5,(anonymous_1)
FNDA:2,(anonymous_2)
FNDA:3,(anonymous_3)
FNDA:3,(anonymous_4)
DA:1,28
DA:4,28
DA:5,2
DA:6,1
DA:9,28
DA:10,5
DA:11,3
DA:14,28
DA:15,2
DA:16,2
DA:19,28
DA:20,3
DA:21,2
DA:24,28
DA:25,3
DA:26,2
DA:30,28
LF:17
LH:17
BRF:0
BRH:0
end_of_record
TN:
SF:src\controllers\post.controller.js
FN:4,(anonymous_0)
FN:9,(anonymous_1)
FN:14,(anonymous_2)
FN:19,(anonymous_3)
FN:24,(anonymous_4)
FN:29,(anonymous_5)
FNF:6
FNH:6
FNDA:3,(anonymous_0)
FNDA:6,(anonymous_1)
FNDA:5,(anonymous_2)
FNDA:3,(anonymous_3)
FNDA:2,(anonymous_4)
FNDA:4,(anonymous_5)
DA:1,28
DA:4,28
DA:5,3
DA:6,3
DA:9,28
DA:10,6
DA:11,3
DA:14,28
DA:15,5
DA:16,5
DA:19,28
DA:20,3
DA:21,3
DA:24,28
DA:25,2
DA:26,2
DA:29,28
DA:30,4
DA:31,3
DA:35,28
LF:20
LH:20
BRF:0
BRH:0
end_of_record
TN:
SF:src\controllers\postReaction.controller.js
FN:5,(anonymous_0)
FN:11,(anonymous_1)
FN:20,(anonymous_2)
FNF:3
FNH:3
FNDA:4,(anonymous_0)
FNDA:3,(anonymous_1)
FNDA:7,(anonymous_2)
DA:1,28
DA:5,28
DA:6,4
DA:7,4
DA:8,3
DA:11,28
DA:12,3
DA:16,3
DA:17,2
DA:20,28
DA:21,7
DA:25,7
DA:26,3
DA:30,28
LF:14
LH:14
BRF:0
BRH:0
end_of_record
TN:
SF:src\controllers\program.controller.js
FN:4,(anonymous_0)
FN:9,(anonymous_1)
FN:14,(anonymous_2)
FN:19,(anonymous_3)
FN:24,(anonymous_4)
FNF:5
FNH:5
FNDA:2,(anonymous_0)
FNDA:5,(anonymous_1)
FNDA:2,(anonymous_2)
FNDA:3,(anonymous_3)
FNDA:3,(anonymous_4)
DA:1,28
DA:4,28
DA:5,2
DA:6,1
DA:9,28
DA:10,5
DA:11,3
DA:14,28
DA:15,2
DA:16,2
DA:19,28
DA:20,3
DA:21,2
DA:24,28
DA:25,3
DA:26,2
DA:30,28
LF:17
LH:17
BRF:0
BRH:0
end_of_record
TN:
SF:src\controllers\reactionType.controller.js
FN:4,(anonymous_0)
FN:9,(anonymous_1)
FN:14,(anonymous_2)
FN:19,(anonymous_3)
FN:24,(anonymous_4)
FNF:5
FNH:5
FNDA:2,(anonymous_0)
FNDA:5,(anonymous_1)
FNDA:2,(anonymous_2)
FNDA:3,(anonymous_3)
FNDA:3,(anonymous_4)
DA:1,28
DA:4,28
DA:5,2
DA:6,1
DA:9,28
DA:10,5
DA:11,3
DA:14,28
DA:15,2
DA:16,2
DA:19,28
DA:20,3
DA:21,2
DA:24,28
DA:25,3
DA:26,2
DA:30,28
LF:17
LH:17
BRF:0
BRH:0
end_of_record
TN:
SF:src\controllers\savedActivity.controller.js
FN:5,(anonymous_0)
FN:11,(anonymous_1)
FNF:2
FNH:2
FNDA:6,(anonymous_0)
FNDA:6,(anonymous_1)
DA:1,28
DA:5,28
DA:6,6
DA:7,6
DA:8,4
DA:11,28
DA:12,6
DA:16,6
DA:17,4
DA:21,28
LF:10
LH:10
BRF:0
BRH:0
end_of_record
TN:
SF:src\controllers\student.controller.js
FN:4,(anonymous_0)
FN:9,(anonymous_1)
FN:14,(anonymous_2)
FN:19,(anonymous_3)
FN:24,(anonymous_4)
FN:29,(anonymous_5)
FN:34,(anonymous_6)
FNF:7
FNH:7
FNDA:3,(anonymous_0)
FNDA:6,(anonymous_1)
FNDA:4,(anonymous_2)
FNDA:4,(anonymous_3)
FNDA:8,(anonymous_4)
FNDA:5,(anonymous_5)
FNDA:4,(anonymous_6)
DA:1,28
DA:4,28
DA:5,3
DA:6,3
DA:9,28
DA:10,6
DA:11,4
DA:14,28
DA:15,4
DA:16,2
DA:19,28
DA:20,4
DA:21,2
DA:24,28
DA:25,8
DA:26,4
DA:29,28
DA:30,5
DA:31,4
DA:34,28
DA:35,4
DA:36,3
DA:40,28
LF:23
LH:23
BRF:0
BRH:0
end_of_record
TN:
SF:src\controllers\studentConnection.controller.js
FN:5,(anonymous_0)
FN:10,(anonymous_1)
FN:15,(anonymous_2)
FN:20,(anonymous_3)
FN:25,(anonymous_4)
FN:30,(anonymous_5)
FNF:6
FNH:6
FNDA:4,(anonymous_0)
FNDA:3,(anonymous_1)
FNDA:2,(anonymous_2)
FNDA:6,(anonymous_3)
FNDA:2,(anonymous_4)
FNDA:3,(anonymous_5)
DA:1,28
DA:5,28
DA:6,4
DA:7,4
DA:10,28
DA:11,3
DA:12,3
DA:15,28
DA:16,2
DA:17,2
DA:20,28
DA:21,6
DA:22,3
DA:25,28
DA:26,2
DA:27,2
DA:30,28
DA:31,3
DA:32,3
DA:36,28
LF:20
LH:20
BRF:0
BRH:0
end_of_record
TN:
SF:src\controllers\studentStatus.controller.js
FN:4,(anonymous_0)
FN:9,(anonymous_1)
FN:14,(anonymous_2)
FN:19,(anonymous_3)
FN:24,(anonymous_4)
FNF:5
FNH:5
FNDA:2,(anonymous_0)
FNDA:5,(anonymous_1)
FNDA:2,(anonymous_2)
FNDA:3,(anonymous_3)
FNDA:3,(anonymous_4)
DA:1,28
DA:4,28
DA:5,2
DA:6,1
DA:9,28
DA:10,5
DA:11,3
DA:14,28
DA:15,2
DA:16,2
DA:19,28
DA:20,3
DA:21,2
DA:24,28
DA:25,3
DA:26,2
DA:30,28
LF:17
LH:17
BRF:0
BRH:0
end_of_record
TN:
SF:src\controllers\subject.controller.js
FN:4,(anonymous_0)
FN:9,(anonymous_1)
FN:14,(anonymous_2)
FN:19,(anonymous_3)
FN:24,(anonymous_4)
FNF:5
FNH:5
FNDA:2,(anonymous_0)
FNDA:5,(anonymous_1)
FNDA:2,(anonymous_2)
FNDA:3,(anonymous_3)
FNDA:3,(anonymous_4)
DA:1,28
DA:4,28
DA:5,2
DA:6,1
DA:9,28
DA:10,5
DA:11,3
DA:14,28
DA:15,2
DA:16,2
DA:19,28
DA:20,3
DA:21,2
DA:24,28
DA:25,3
DA:26,2
DA:30,28
LF:17
LH:17
BRF:0
BRH:0
end_of_record
TN:
SF:src\controllers\teacher.controller.js
FN:4,(anonymous_0)
FN:9,(anonymous_1)
FN:14,(anonymous_2)
FN:19,(anonymous_3)
FN:24,(anonymous_4)
FNF:5
FNH:5
FNDA:2,(anonymous_0)
FNDA:5,(anonymous_1)
FNDA:2,(anonymous_2)
FNDA:3,(anonymous_3)
FNDA:3,(anonymous_4)
DA:1,28
DA:4,28
DA:5,2
DA:6,2
DA:9,28
DA:10,5
DA:11,3
DA:14,28
DA:15,2
DA:16,2
DA:19,28
DA:20,3
DA:21,2
DA:24,28
DA:25,3
DA:26,2
DA:30,28
LF:17
LH:17
BRF:0
BRH:0
end_of_record
TN:
SF:src\controllers\teacherReview.controller.js
FN:4,(anonymous_0)
FN:9,(anonymous_1)
FN:14,(anonymous_2)
FN:19,(anonymous_3)
FNF:4
FNH:4
FNDA:2,(anonymous_0)
FNDA:4,(anonymous_1)
FNDA:4,(anonymous_2)
FNDA:2,(anonymous_3)
DA:1,28
DA:4,28
DA:5,2
DA:6,2
DA:9,28
DA:10,4
DA:11,2
DA:14,28
DA:15,4
DA:16,2
DA:19,28
DA:20,2
DA:21,2
DA:25,28
LF:14
LH:14
BRF:0
BRH:0
end_of_record
TN:
SF:src\controllers\term.controller.js
FN:4,(anonymous_0)
FN:9,(anonymous_1)
FN:14,(anonymous_2)
FN:19,(anonymous_3)
FN:24,(anonymous_4)
FNF:5
FNH:5
FNDA:2,(anonymous_0)
FNDA:5,(anonymous_1)
FNDA:2,(anonymous_2)
FNDA:3,(anonymous_3)
FNDA:3,(anonymous_4)
DA:1,28
DA:4,28
DA:5,2
DA:6,1
DA:9,28
DA:10,5
DA:11,3
DA:14,28
DA:15,2
DA:16,2
DA:19,28
DA:20,3
DA:21,2
DA:24,28
DA:25,3
DA:26,2
DA:30,28
LF:17
LH:17
BRF:0
BRH:0
end_of_record
TN:
SF:src\controllers\timeslot.controller.js
FN:4,(anonymous_0)
FN:9,(anonymous_1)
FN:14,(anonymous_2)
FN:19,(anonymous_3)
FN:24,(anonymous_4)
FNF:5
FNH:5
FNDA:2,(anonymous_0)
FNDA:5,(anonymous_1)
FNDA:3,(anonymous_2)
FNDA:4,(anonymous_3)
FNDA:3,(anonymous_4)
DA:1,28
DA:4,28
DA:5,2
DA:6,1
DA:9,28
DA:10,5
DA:11,3
DA:14,28
DA:15,3
DA:16,2
DA:19,28
DA:20,4
DA:21,2
DA:24,28
DA:25,3
DA:26,2
DA:30,28
LF:17
LH:17
BRF:0
BRH:0
end_of_record
TN:
SF:src\controllers\timetable.controller.js
FN:4,(anonymous_0)
FN:9,(anonymous_1)
FN:14,(anonymous_2)
FN:19,(anonymous_3)
FN:24,(anonymous_4)
FN:29,(anonymous_5)
FN:34,(anonymous_6)
FNF:7
FNH:7
FNDA:3,(anonymous_0)
FNDA:2,(anonymous_1)
FNDA:6,(anonymous_2)
FNDA:2,(anonymous_3)
FNDA:2,(anonymous_4)
FNDA:3,(anonymous_5)
FNDA:2,(anonymous_6)
DA:1,28
DA:4,28
DA:5,3
DA:6,2
DA:9,28
DA:10,2
DA:11,1
DA:14,28
DA:15,6
DA:16,4
DA:19,28
DA:20,2
DA:21,2
DA:24,28
DA:25,2
DA:26,2
DA:29,28
DA:30,3
DA:31,2
DA:34,28
DA:35,2
DA:36,2
DA:40,28
LF:23
LH:23
BRF:0
BRH:0
end_of_record
TN:
SF:src\db\db-service.js
FN:11,(anonymous_0)
FN:24,(anonymous_1)
FN:25,(anonymous_2)
FN:41,(anonymous_3)
FN:42,(anonymous_4)
FN:43,(anonymous_5)
FN:65,(anonymous_6)
FN:82,(anonymous_7)
FN:95,(anonymous_8)
FN:96,(anonymous_9)
FN:97,(anonymous_10)
FNF:11
FNH:10
FNDA:28,(anonymous_0)
FNDA:28,(anonymous_1)
FNDA:28,(anonymous_2)
FNDA:1151,(anonymous_3)
FNDA:1151,(anonymous_4)
FNDA:1151,(anonymous_5)
FNDA:40,(anonymous_6)
FNDA:0,(anonymous_7)
FNDA:16,(anonymous_8)
FNDA:16,(anonymous_9)
FNDA:16,(anonymous_10)
DA:1,29
DA:6,29
DA:7,29
DA:8,29
DA:12,28
DA:13,28
DA:25,28
DA:26,28
DA:27,0
DA:28,0
DA:29,0
DA:30,0
DA:31,0
DA:32,0
DA:35,28
DA:36,28
DA:41,29
DA:42,1151
DA:43,1151
DA:44,1151
DA:45,40
DA:46,40
DA:48,1111
DA:50,1151
DA:51,0
DA:52,0
DA:55,1151
DA:57,1151
DA:58,1151
DA:59,1119
DA:60,7
DA:62,32
DA:63,7
DA:66,40
DA:67,0
DA:68,0
DA:71,40
DA:72,40
DA:73,40
DA:74,40
DA:75,36
DA:78,0
DA:82,29
DA:83,0
DA:84,0
DA:85,0
DA:86,0
DA:87,0
DA:89,0
DA:95,29
DA:96,16
DA:97,16
DA:98,16
DA:100,0
DA:101,0
DA:102,0
DA:103,0
DA:104,0
DA:105,0
DA:107,0
DA:109,16
DA:117,29
DA:123,29
LF:63
LH:39
BRDA:12,0,0,28
BRDA:12,0,1,0
BRDA:26,1,0,0
BRDA:26,1,1,28
BRDA:27,2,0,0
BRDA:27,2,1,0
BRDA:29,3,0,0
BRDA:29,3,1,0
BRDA:31,4,0,0
BRDA:31,4,1,0
BRDA:35,5,0,28
BRDA:35,5,1,0
BRDA:41,6,0,1076
BRDA:44,7,0,40
BRDA:44,7,1,1111
BRDA:50,8,0,0
BRDA:50,8,1,1151
BRDA:57,9,0,0
BRDA:57,9,1,1151
BRDA:58,10,0,1119
BRDA:58,10,1,32
BRDA:59,11,0,1112
BRDA:59,11,1,7
BRDA:62,12,0,25
BRDA:62,12,1,7
BRDA:66,13,0,0
BRDA:66,13,1,40
BRDA:72,14,0,40
BRDA:72,14,1,0
BRDA:74,15,0,4
BRDA:74,15,1,36
BRDA:75,16,0,36
BRDA:75,16,1,0
BRDA:83,17,0,0
BRDA:83,17,1,0
BRDA:98,18,0,0
BRDA:98,18,1,16
BRDA:100,19,0,0
BRDA:100,19,1,0
BRDA:102,20,0,0
BRDA:102,20,1,0
BRDA:104,21,0,0
BRDA:104,21,1,0
BRF:43
BRH:20
end_of_record
TN:
SF:src\db\db-transaction.js
FN:4,(anonymous_0)
FN:11,(anonymous_1)
FN:16,(anonymous_2)
FN:18,(anonymous_3)
FN:19,(anonymous_4)
FN:32,(anonymous_5)
FN:33,(anonymous_6)
FN:34,(anonymous_7)
FN:47,(anonymous_8)
FN:48,(anonymous_9)
FN:49,(anonymous_10)
FNF:11
FNH:11
FNDA:16,(anonymous_0)
FNDA:16,(anonymous_1)
FNDA:16,(anonymous_2)
FNDA:16,(anonymous_3)
FNDA:16,(anonymous_4)
FNDA:3,(anonymous_5)
FNDA:3,(anonymous_6)
FNDA:3,(anonymous_7)
FNDA:13,(anonymous_8)
FNDA:13,(anonymous_9)
FNDA:13,(anonymous_10)
DA:1,28
DA:5,16
DA:6,0
DA:8,16
DA:11,28
DA:12,16
DA:13,16
DA:16,28
DA:17,16
DA:18,16
DA:19,16
DA:20,16
DA:21,0
DA:22,0
DA:23,0
DA:25,16
DA:27,16
DA:28,16
DA:32,16
DA:33,3
DA:34,3
DA:35,3
DA:36,0
DA:37,0
DA:38,0
DA:40,3
DA:41,3
DA:43,3
DA:47,16
DA:48,13
DA:49,13
DA:50,13
DA:51,0
DA:52,0
DA:53,0
DA:55,13
DA:56,13
DA:58,13
DA:63,28
LF:39
LH:29
BRDA:5,0,0,0
BRDA:5,0,1,16
BRDA:20,1,0,0
BRDA:20,1,1,16
BRDA:35,2,0,0
BRDA:35,2,1,3
BRDA:50,3,0,0
BRDA:50,3,1,13
BRF:8
BRH:4
end_of_record
TN:
SF:src\loaders\database.loader.js
FN:5,(anonymous_0)
FNF:1
FNH:1
FNDA:28,(anonymous_0)
DA:1,28
DA:2,28
DA:8,28
DA:18,28
DA:22,28
LF:5
LH:5
BRF:0
BRH:0
end_of_record
TN:
SF:src\loaders\express.loader.js
FN:8,(anonymous_0)
FNF:1
FNH:1
FNDA:626,(anonymous_0)
DA:1,28
DA:2,28
DA:3,28
DA:4,28
DA:5,28
DA:9,626
DA:11,626
DA:13,0
DA:17,0
DA:20,0
DA:24,626
DA:27,626
DA:28,626
DA:30,626
DA:34,28
LF:15
LH:12
BRDA:11,0,0,0
BRDA:11,0,1,626
BRF:2
BRH:1
end_of_record
TN:
SF:src\loaders\middleware.loader.js
FN:7,(anonymous_0)
FN:9,(anonymous_1)
FNF:2
FNH:1
FNDA:626,(anonymous_0)
FNDA:0,(anonymous_1)
DA:1,28
DA:2,28
DA:3,28
DA:4,28
DA:9,626
DA:10,0
DA:11,0
DA:14,626
DA:17,0
DA:22,626
DA:26,28
LF:11
LH:8
BRDA:14,0,0,0
BRDA:14,0,1,626
BRF:2
BRH:1
end_of_record
TN:
SF:src\loaders\routes.loader.js
FN:31,(anonymous_0)
FNF:1
FNH:1
FNDA:626,(anonymous_0)
DA:2,28
DA:3,28
DA:4,28
DA:5,28
DA:6,28
DA:7,28
DA:8,28
DA:9,28
DA:10,28
DA:11,28
DA:12,28
DA:13,28
DA:14,28
DA:15,28
DA:16,28
DA:17,28
DA:18,28
DA:19,28
DA:20,28
DA:21,28
DA:22,28
DA:23,28
DA:24,28
DA:25,28
DA:26,28
DA:27,28
DA:28,28
DA:32,626
DA:33,626
DA:34,626
DA:35,626
DA:36,626
DA:37,626
DA:38,626
DA:39,626
DA:40,626
DA:41,626
DA:42,626
DA:43,626
DA:44,626
DA:45,626
DA:46,626
DA:47,626
DA:48,626
DA:49,626
DA:50,626
DA:51,626
DA:52,626
DA:53,626
DA:54,626
DA:55,626
DA:56,626
DA:57,626
DA:58,626
DA:62,28
LF:55
LH:55
BRF:0
BRH:0
end_of_record
TN:
SF:src\loaders\sentry.loader.js
FN:6,(anonymous_0)
FNF:1
FNH:0
FNDA:0,(anonymous_0)
DA:1,28
DA:2,28
DA:3,28
DA:7,0
DA:22,28
LF:5
LH:4
BRDA:11,0,0,0
BRDA:11,0,1,0
BRF:2
BRH:0
end_of_record
TN:
SF:src\middleware\auth.middleware.js
FN:11,(anonymous_0)
FN:12,(anonymous_1)
FN:26,(anonymous_2)
FN:57,(anonymous_3)
FN:58,(anonymous_4)
FNF:5
FNH:5
FNDA:3220,(anonymous_0)
FNDA:722,(anonymous_1)
FNDA:609,(anonymous_2)
FNDA:924,(anonymous_3)
FNDA:179,(anonymous_4)
DA:6,28
DA:7,28
DA:8,28
DA:9,28
DA:11,28
DA:12,3220
DA:13,722
DA:14,722
DA:15,722
DA:17,722
DA:18,113
DA:21,609
DA:22,609
DA:26,609
DA:27,609
DA:28,0
DA:29,0
DA:30,0
DA:31,0
DA:33,609
DA:35,609
DA:37,609
DA:38,0
DA:43,609
DA:44,55
DA:48,554
DA:49,554
DA:52,168
DA:57,28
DA:58,924
DA:59,179
DA:60,179
DA:62,179
DA:63,0
DA:67,179
DA:69,179
DA:72,120
DA:73,11
DA:77,109
DA:80,135
DA:83,44
LF:41
LH:35
BRDA:17,0,0,113
BRDA:17,0,1,609
BRDA:17,1,0,722
BRDA:17,1,1,609
BRDA:27,2,0,0
BRDA:27,2,1,609
BRDA:28,3,0,0
BRDA:28,3,1,0
BRDA:30,4,0,0
BRDA:30,4,1,0
BRDA:37,5,0,0
BRDA:37,5,1,609
BRDA:43,6,0,55
BRDA:43,6,1,554
BRDA:43,7,0,609
BRDA:43,7,1,481
BRDA:57,8,0,0
BRDA:57,9,0,112
BRDA:62,10,0,0
BRDA:62,10,1,179
BRDA:69,11,0,120
BRDA:69,11,1,59
BRDA:72,12,0,109
BRDA:72,12,1,11
BRDA:77,13,0,33
BRDA:77,13,1,76
BRF:26
BRH:18
end_of_record
TN:
SF:src\middleware\awaitHandlerFactory.middleware.js
FN:1,(anonymous_0)
FN:2,(anonymous_1)
FNF:2
FNH:2
FNDA:3752,(anonymous_0)
FNDA:487,(anonymous_1)
DA:1,28
DA:2,3752
DA:3,487
DA:4,487
DA:6,168
DA:11,28
LF:6
LH:6
BRF:0
BRH:0
end_of_record
TN:
SF:src\middleware\error.middleware.js
FN:5,errorMiddleware
FNF:1
FNH:1
FNDA:457,errorMiddleware
DA:1,28
DA:2,28
DA:3,28
DA:6,457
DA:7,0
DA:8,457
DA:9,3
DA:12,457
DA:14,457
DA:15,0
DA:16,0
DA:17,0
DA:20,457
DA:22,457
DA:25,28
LF:15
LH:11
BRDA:6,0,0,0
BRDA:6,0,1,457
BRDA:7,1,0,0
BRDA:7,1,1,0
BRDA:8,2,0,3
BRDA:8,2,1,454
BRDA:9,3,0,0
BRDA:9,3,1,3
BRDA:14,4,0,0
BRDA:14,4,1,457
BRF:10
BRH:5
end_of_record
TN:
SF:src\middleware\validation.middleware.js
FN:4,(anonymous_0)
FNF:1
FNH:1
FNDA:364,(anonymous_0)
DA:1,28
DA:2,28
DA:4,28
DA:5,364
DA:6,364
DA:7,77
DA:9,287
LF:7
LH:7
BRDA:6,0,0,77
BRDA:6,0,1,287
BRF:2
BRH:2
end_of_record
TN:
SF:src\middleware\validators\activityAttendeeValidator.middleware.js
FN:27,(anonymous_0)
FN:31,(anonymous_1)
FN:34,(anonymous_2)
FN:39,(anonymous_3)
FNF:4
FNH:4
FNDA:8,(anonymous_0)
FNDA:8,(anonymous_1)
FNDA:9,(anonymous_2)
FNDA:6,(anonymous_3)
DA:1,28
DA:2,28
DA:3,28
DA:4,28
DA:6,28
DA:21,28
DA:28,8
DA:32,8
DA:33,8
DA:34,9
DA:39,28
DA:40,6
DA:42,6
DA:43,2
DA:46,4
DA:48,4
LF:16
LH:16
BRDA:42,0,0,2
BRDA:42,0,1,4
BRF:2
BRH:2
end_of_record
TN:
SF:src\middleware\validators\activityStatusValidator.middleware.js
FN:24,(anonymous_0)
FN:28,(anonymous_1)
FN:31,(anonymous_2)
FNF:3
FNH:3
FNDA:4,(anonymous_0)
FNDA:4,(anonymous_1)
FNDA:4,(anonymous_2)
DA:1,28
DA:3,28
DA:14,28
DA:25,4
DA:29,4
DA:30,4
DA:31,4
LF:7
LH:7
BRF:0
BRH:0
end_of_record
TN:
SF:src\middleware\validators\activityTypeValidator.middleware.js
FN:24,(anonymous_0)
FN:28,(anonymous_1)
FN:31,(anonymous_2)
FNF:3
FNH:3
FNDA:4,(anonymous_0)
FNDA:4,(anonymous_1)
FNDA:4,(anonymous_2)
DA:1,28
DA:3,28
DA:14,28
DA:25,4
DA:29,4
DA:30,4
DA:31,4
LF:7
LH:7
BRF:0
BRH:0
end_of_record
TN:
SF:src\middleware\validators\activityValidator.middleware.js
FN:65,(anonymous_0)
FN:67,(anonymous_1)
FN:196,(anonymous_2)
FN:200,(anonymous_3)
FN:206,(anonymous_4)
FN:283,(anonymous_5)
FN:289,(anonymous_6)
FN:300,(anonymous_7)
FN:303,(anonymous_8)
FN:308,(anonymous_9)
FNF:10
FNH:10
FNDA:10,(anonymous_0)
FNDA:70,(anonymous_1)
FNDA:10,(anonymous_2)
FNDA:10,(anonymous_3)
FNDA:10,(anonymous_4)
FNDA:4,(anonymous_5)
FNDA:3,(anonymous_6)
FNDA:9,(anonymous_7)
FNDA:4,(anonymous_8)
FNDA:7,(anonymous_9)
DA:1,28
DA:2,28
DA:3,28
DA:4,28
DA:5,28
DA:6,28
DA:7,28
DA:8,28
DA:9,28
DA:11,28
DA:66,10
DA:67,70
DA:68,10
DA:69,10
DA:119,28
DA:197,10
DA:201,10
DA:202,10
DA:206,10
DA:211,28
DA:284,4
DA:285,4
DA:289,4
DA:294,28
DA:301,9
DA:302,9
DA:303,9
DA:308,28
DA:309,7
DA:310,7
DA:312,7
DA:313,2
DA:316,5
DA:317,5
DA:318,0
DA:321,5
LF:36
LH:35
BRDA:68,0,0,0
BRDA:68,0,1,10
BRDA:312,1,0,2
BRDA:312,1,1,5
BRDA:317,2,0,0
BRDA:317,2,1,5
BRF:6
BRH:4
end_of_record
TN:
SF:src\middleware\validators\authValidator.middleware.js
FN:22,(anonymous_0)
FNF:1
FNH:1
FNDA:5,(anonymous_0)
DA:1,28
DA:2,28
DA:4,28
DA:22,5
DA:26,28
DA:34,28
DA:50,28
DA:64,28
DA:78,28
LF:9
LH:9
BRF:0
BRH:0
end_of_record
TN:
SF:src\middleware\validators\campusSpotValidator.middleware.js
FN:24,(anonymous_0)
FN:28,(anonymous_1)
FN:31,(anonymous_2)
FNF:3
FNH:3
FNDA:4,(anonymous_0)
FNDA:4,(anonymous_1)
FNDA:4,(anonymous_2)
DA:1,28
DA:3,28
DA:17,28
DA:25,4
DA:29,4
DA:30,4
DA:31,4
LF:7
LH:7
BRF:0
BRH:0
end_of_record
TN:
SF:src\middleware\validators\campusValidator.middleware.js
FN:34,(anonymous_0)
FN:38,(anonymous_1)
FN:41,(anonymous_2)
FNF:3
FNH:3
FNDA:4,(anonymous_0)
FNDA:4,(anonymous_1)
FNDA:4,(anonymous_2)
DA:1,28
DA:3,28
DA:20,28
DA:35,4
DA:39,4
DA:40,4
DA:41,4
LF:7
LH:7
BRF:0
BRH:0
end_of_record
TN:
SF:src\middleware\validators\classValidator.middleware.js
FN:192,(anonymous_0)
FN:196,(anonymous_1)
FN:200,(anonymous_2)
FN:227,(anonymous_3)
FN:230,(anonymous_4)
FNF:5
FNH:5
FNDA:10,(anonymous_0)
FNDA:10,(anonymous_1)
FNDA:10,(anonymous_2)
FNDA:5,(anonymous_3)
FNDA:5,(anonymous_4)
DA:1,28
DA:2,28
DA:3,28
DA:5,28
DA:70,28
DA:149,28
DA:193,10
DA:197,10
DA:198,10
DA:200,10
DA:205,28
DA:228,5
DA:229,5
DA:230,5
LF:14
LH:14
BRF:0
BRH:0
end_of_record
TN:
SF:src\middleware\validators\classroomValidator.middleware.js
FN:28,(anonymous_0)
FN:32,(anonymous_1)
FN:35,(anonymous_2)
FNF:3
FNH:3
FNDA:5,(anonymous_0)
FNDA:5,(anonymous_1)
FNDA:5,(anonymous_2)
DA:1,28
DA:3,28
DA:17,28
DA:29,5
DA:33,5
DA:34,5
DA:35,5
LF:7
LH:7
BRF:0
BRH:0
end_of_record
TN:
SF:src\middleware\validators\hangoutRequestValidator.middleware.js
FN:21,(anonymous_0)
FN:50,(anonymous_1)
FN:62,(anonymous_2)
FN:68,(anonymous_3)
FN:72,(anonymous_4)
FN:75,(anonymous_5)
FN:91,(anonymous_6)
FN:94,(anonymous_7)
FN:98,(anonymous_8)
FN:101,(anonymous_9)
FN:106,(anonymous_10)
FNF:11
FNH:11
FNDA:6,(anonymous_0)
FNDA:4,(anonymous_1)
FNDA:3,(anonymous_2)
FNDA:4,(anonymous_3)
FNDA:4,(anonymous_4)
FNDA:9,(anonymous_5)
FNDA:4,(anonymous_6)
FNDA:9,(anonymous_7)
FNDA:9,(anonymous_8)
FNDA:10,(anonymous_9)
FNDA:20,(anonymous_10)
DA:1,28
DA:2,28
DA:3,28
DA:4,28
DA:5,28
DA:6,28
DA:8,28
DA:21,6
DA:43,28
DA:51,4
DA:52,3
DA:54,1
DA:63,3
DA:69,4
DA:73,4
DA:74,4
DA:75,9
DA:80,28
DA:91,4
DA:95,9
DA:99,9
DA:100,9
DA:101,10
DA:106,28
DA:107,20
DA:109,20
DA:110,4
DA:113,16
DA:114,6
DA:115,3
DA:118,10
DA:120,10
DA:121,10
DA:122,2
DA:125,8
DA:126,8
DA:128,8
DA:129,3
DA:130,5
DA:131,3
DA:134,2
LF:41
LH:41
BRDA:51,0,0,3
BRDA:51,0,1,1
BRDA:63,1,0,3
BRDA:63,1,1,1
BRDA:109,2,0,4
BRDA:109,2,1,16
BRDA:113,3,0,6
BRDA:113,3,1,10
BRDA:114,4,0,3
BRDA:114,4,1,3
BRDA:115,5,0,3
BRDA:115,5,1,0
BRDA:121,6,0,2
BRDA:121,6,1,8
BRDA:128,7,0,3
BRDA:128,7,1,5
BRDA:130,8,0,3
BRDA:130,8,1,2
BRDA:134,9,0,2
BRDA:134,9,1,1
BRF:20
BRH:19
end_of_record
TN:
SF:src\middleware\validators\hobbyValidator.middleware.js
FN:24,(anonymous_0)
FN:28,(anonymous_1)
FN:31,(anonymous_2)
FNF:3
FNH:3
FNDA:4,(anonymous_0)
FNDA:4,(anonymous_1)
FNDA:4,(anonymous_2)
DA:1,28
DA:3,28
DA:14,28
DA:25,4
DA:29,4
DA:30,4
DA:31,4
LF:7
LH:7
BRF:0
BRH:0
end_of_record
TN:
SF:src\middleware\validators\interestValidator.middleware.js
FN:24,(anonymous_0)
FN:28,(anonymous_1)
FN:31,(anonymous_2)
FNF:3
FNH:3
FNDA:4,(anonymous_0)
FNDA:4,(anonymous_1)
FNDA:4,(anonymous_2)
DA:1,28
DA:3,28
DA:14,28
DA:25,4
DA:29,4
DA:30,4
DA:31,4
LF:7
LH:7
BRF:0
BRH:0
end_of_record
TN:
SF:src\middleware\validators\postReactionValidator.middleware.js
FN:38,(anonymous_0)
FN:42,(anonymous_1)
FN:45,(anonymous_2)
FN:50,(anonymous_3)
FNF:4
FNH:4
FNDA:5,(anonymous_0)
FNDA:5,(anonymous_1)
FNDA:10,(anonymous_2)
FNDA:13,(anonymous_3)
DA:1,28
DA:2,28
DA:3,28
DA:5,28
DA:25,28
DA:39,5
DA:43,5
DA:44,5
DA:45,10
DA:50,28
DA:51,13
DA:53,13
DA:54,5
DA:57,8
DA:59,8
LF:15
LH:15
BRDA:53,0,0,5
BRDA:53,0,1,8
BRF:2
BRH:2
end_of_record
TN:
SF:src\middleware\validators\postValidator.middleware.js
FN:64,(anonymous_0)
FN:68,(anonymous_1)
FN:71,(anonymous_2)
FN:87,(anonymous_3)
FN:90,(anonymous_4)
FN:95,(anonymous_5)
FNF:6
FNH:6
FNDA:5,(anonymous_0)
FNDA:5,(anonymous_1)
FNDA:5,(anonymous_2)
FNDA:4,(anonymous_3)
FNDA:3,(anonymous_4)
FNDA:10,(anonymous_5)
DA:1,28
DA:2,28
DA:3,28
DA:4,28
DA:5,28
DA:6,28
DA:7,28
DA:9,28
DA:55,28
DA:65,5
DA:69,5
DA:70,5
DA:71,5
DA:76,28
DA:88,4
DA:89,4
DA:90,4
DA:95,28
DA:96,10
DA:97,10
DA:99,10
DA:100,4
DA:103,6
DA:104,6
DA:105,1
DA:108,5
LF:26
LH:26
BRDA:99,0,0,4
BRDA:99,0,1,6
BRDA:104,1,0,1
BRDA:104,1,1,5
BRF:4
BRH:4
end_of_record
TN:
SF:src\middleware\validators\programValidator.middleware.js
FN:24,(anonymous_0)
FN:28,(anonymous_1)
FN:31,(anonymous_2)
FNF:3
FNH:3
FNDA:4,(anonymous_0)
FNDA:4,(anonymous_1)
FNDA:4,(anonymous_2)
DA:1,28
DA:3,28
DA:14,28
DA:25,4
DA:29,4
DA:30,4
DA:31,4
LF:7
LH:7
BRF:0
BRH:0
end_of_record
TN:
SF:src\middleware\validators\reactionTypeValidator.middleware.js
FN:24,(anonymous_0)
FN:28,(anonymous_1)
FN:31,(anonymous_2)
FNF:3
FNH:3
FNDA:4,(anonymous_0)
FNDA:4,(anonymous_1)
FNDA:4,(anonymous_2)
DA:1,28
DA:3,28
DA:14,28
DA:25,4
DA:29,4
DA:30,4
DA:31,4
LF:7
LH:7
BRF:0
BRH:0
end_of_record
TN:
SF:src\middleware\validators\savedActivityValidator.middleware.js
FNF:0
FNH:0
DA:1,28
DA:2,28
DA:4,28
LF:3
LH:3
BRF:0
BRH:0
end_of_record
TN:
SF:src\middleware\validators\studentConnectionValidator.middleware.js
FN:21,(anonymous_0)
FN:38,(anonymous_1)
FN:50,(anonymous_2)
FN:53,(anonymous_3)
FN:57,(anonymous_4)
FN:60,(anonymous_5)
FN:76,(anonymous_6)
FN:79,(anonymous_7)
FN:83,(anonymous_8)
FN:86,(anonymous_9)
FN:99,(anonymous_10)
FN:102,(anonymous_11)
FN:107,(anonymous_12)
FNF:13
FNH:13
FNDA:9,(anonymous_0)
FNDA:4,(anonymous_1)
FNDA:3,(anonymous_2)
FNDA:4,(anonymous_3)
FNDA:4,(anonymous_4)
FNDA:9,(anonymous_5)
FNDA:4,(anonymous_6)
FNDA:9,(anonymous_7)
FNDA:9,(anonymous_8)
FNDA:10,(anonymous_9)
FNDA:5,(anonymous_10)
FNDA:6,(anonymous_11)
FNDA:25,(anonymous_12)
DA:1,28
DA:2,28
DA:3,28
DA:4,28
DA:5,28
DA:6,28
DA:8,28
DA:21,9
DA:31,28
DA:39,4
DA:40,2
DA:42,2
DA:50,3
DA:54,4
DA:58,4
DA:59,4
DA:60,9
DA:65,28
DA:76,4
DA:80,9
DA:84,9
DA:85,9
DA:86,10
DA:91,28
DA:100,5
DA:101,5
DA:102,6
DA:107,28
DA:108,25
DA:110,25
DA:111,7
DA:114,18
DA:115,6
DA:116,3
DA:119,12
DA:121,12
DA:122,12
DA:123,3
DA:126,9
DA:127,9
DA:129,9
DA:130,3
DA:133,6
LF:43
LH:43
BRDA:39,0,0,2
BRDA:39,0,1,2
BRDA:110,1,0,7
BRDA:110,1,1,18
BRDA:114,2,0,6
BRDA:114,2,1,12
BRDA:115,3,0,3
BRDA:115,3,1,3
BRDA:116,4,0,3
BRDA:116,4,1,0
BRDA:122,5,0,3
BRDA:122,5,1,9
BRDA:129,6,0,3
BRDA:129,6,1,6
BRDA:133,7,0,6
BRDA:133,7,1,3
BRF:16
BRH:15
end_of_record
TN:
SF:src\middleware\validators\studentStatusValidator.middleware.js
FN:24,(anonymous_0)
FN:28,(anonymous_1)
FN:31,(anonymous_2)
FNF:3
FNH:3
FNDA:4,(anonymous_0)
FNDA:4,(anonymous_1)
FNDA:4,(anonymous_2)
DA:1,28
DA:3,28
DA:14,28
DA:25,4
DA:29,4
DA:30,4
DA:31,4
LF:7
LH:7
BRF:0
BRH:0
end_of_record
TN:
SF:src\middleware\validators\studentValidator.middleware.js
FN:75,(anonymous_0)
FN:126,(anonymous_1)
FN:152,(anonymous_2)
FN:213,(anonymous_3)
FN:217,(anonymous_4)
FN:223,(anonymous_5)
FN:318,(anonymous_6)
FN:324,(anonymous_7)
FN:399,(anonymous_8)
FN:405,(anonymous_9)
FN:417,(anonymous_10)
FN:420,(anonymous_11)
FN:505,(anonymous_12)
FN:511,(anonymous_13)
FNF:14
FNH:12
FNDA:7,(anonymous_0)
FNDA:0,(anonymous_1)
FNDA:0,(anonymous_2)
FNDA:6,(anonymous_3)
FNDA:6,(anonymous_4)
FNDA:6,(anonymous_5)
FNDA:3,(anonymous_6)
FNDA:1,(anonymous_7)
FNDA:5,(anonymous_8)
FNDA:3,(anonymous_9)
FNDA:5,(anonymous_10)
FNDA:3,(anonymous_11)
FNDA:9,(anonymous_12)
FNDA:3,(anonymous_13)
DA:1,28
DA:2,28
DA:3,28
DA:4,28
DA:5,28
DA:6,28
DA:7,28
DA:8,28
DA:9,28
DA:11,28
DA:76,7
DA:77,7
DA:97,28
DA:127,0
DA:128,0
DA:153,0
DA:154,0
DA:214,6
DA:218,6
DA:219,6
DA:223,6
DA:228,28
DA:319,3
DA:320,3
DA:324,3
DA:329,28
DA:400,5
DA:401,5
DA:405,5
DA:410,28
DA:418,5
DA:419,5
DA:420,5
DA:425,28
DA:506,9
DA:507,9
DA:511,9
LF:37
LH:33
BRF:0
BRH:0
end_of_record
TN:
SF:src\middleware\validators\subjectValidator.middleware.js
FN:31,(anonymous_0)
FN:35,(anonymous_1)
FN:38,(anonymous_2)
FNF:3
FNH:3
FNDA:4,(anonymous_0)
FNDA:4,(anonymous_1)
FNDA:4,(anonymous_2)
DA:1,28
DA:2,28
DA:4,28
DA:21,28
DA:32,4
DA:36,4
DA:37,4
DA:38,4
LF:8
LH:8
BRF:0
BRH:0
end_of_record
TN:
SF:src\middleware\validators\teacherReviewValidator.middleware.js
FN:96,(anonymous_0)
FN:100,(anonymous_1)
FN:103,(anonymous_2)
FN:125,(anonymous_3)
FN:128,(anonymous_4)
FN:133,(anonymous_5)
FNF:6
FNH:6
FNDA:5,(anonymous_0)
FNDA:5,(anonymous_1)
FNDA:20,(anonymous_2)
FNDA:4,(anonymous_3)
FNDA:5,(anonymous_4)
FNDA:10,(anonymous_5)
DA:1,28
DA:2,28
DA:3,28
DA:4,28
DA:5,28
DA:7,28
DA:70,28
DA:97,5
DA:101,5
DA:102,5
DA:103,20
DA:108,28
DA:126,4
DA:127,4
DA:128,5
DA:133,28
DA:134,10
DA:135,10
DA:137,10
DA:138,5
DA:141,5
DA:142,5
DA:143,1
DA:146,4
DA:147,4
DA:149,4
DA:150,4
DA:151,1
DA:155,3
LF:29
LH:29
BRDA:137,0,0,5
BRDA:137,0,1,5
BRDA:142,1,0,1
BRDA:142,1,1,4
BRDA:146,2,0,4
BRDA:146,2,1,0
BRDA:150,3,0,1
BRDA:150,3,1,3
BRDA:150,4,0,4
BRDA:150,4,1,3
BRF:10
BRH:9
end_of_record
TN:
SF:src\middleware\validators\teacherValidator.middleware.js
FN:13,(anonymous_0)
FN:17,(anonymous_1)
FN:20,(anonymous_2)
FN:35,(anonymous_3)
FN:39,(anonymous_4)
FN:42,(anonymous_5)
FNF:6
FNH:6
FNDA:3,(anonymous_0)
FNDA:3,(anonymous_1)
FNDA:3,(anonymous_2)
FNDA:4,(anonymous_3)
FNDA:4,(anonymous_4)
FNDA:4,(anonymous_5)
DA:1,28
DA:3,28
DA:14,3
DA:18,3
DA:19,3
DA:20,3
DA:25,28
DA:36,4
DA:40,4
DA:41,4
DA:42,4
LF:11
LH:11
BRF:0
BRH:0
end_of_record
TN:
SF:src\middleware\validators\termValidator.middleware.js
FN:24,(anonymous_0)
FN:28,(anonymous_1)
FN:31,(anonymous_2)
FNF:3
FNH:3
FNDA:4,(anonymous_0)
FNDA:4,(anonymous_1)
FNDA:4,(anonymous_2)
DA:1,28
DA:3,28
DA:14,28
DA:25,4
DA:29,4
DA:30,4
DA:31,4
LF:7
LH:7
BRF:0
BRH:0
end_of_record
TN:
SF:src\middleware\validators\timeslotValidator.middleware.js
FN:17,(anonymous_0)
FN:37,(anonymous_1)
FN:46,(anonymous_2)
FN:50,(anonymous_3)
FN:53,(anonymous_4)
FNF:5
FNH:4
FNDA:4,(anonymous_0)
FNDA:0,(anonymous_1)
FNDA:5,(anonymous_2)
FNDA:5,(anonymous_3)
FNDA:5,(anonymous_4)
DA:1,28
DA:2,28
DA:4,28
DA:17,4
DA:26,28
DA:38,0
DA:47,5
DA:51,5
DA:52,5
DA:53,5
LF:10
LH:9
BRDA:38,0,0,0
BRDA:38,0,1,0
BRF:2
BRH:0
end_of_record
TN:
SF:src\middleware\validators\timetableValidator.middleware.js
FN:49,(anonymous_0)
FN:52,(anonymous_1)
FN:97,(anonymous_2)
FN:101,(anonymous_3)
FN:104,(anonymous_4)
FN:139,(anonymous_5)
FN:143,(anonymous_6)
FN:146,(anonymous_7)
FN:166,(anonymous_8)
FN:169,(anonymous_9)
FN:174,(anonymous_10)
FN:190,(anonymous_11)
FNF:12
FNH:12
FNDA:3,(anonymous_0)
FNDA:5,(anonymous_1)
FNDA:5,(anonymous_2)
FNDA:5,(anonymous_3)
FNDA:5,(anonymous_4)
FNDA:6,(anonymous_5)
FNDA:6,(anonymous_6)
FNDA:12,(anonymous_7)
FNDA:5,(anonymous_8)
FNDA:3,(anonymous_9)
FNDA:16,(anonymous_10)
FNDA:2,(anonymous_11)
DA:1,28
DA:2,28
DA:3,28
DA:4,28
DA:5,28
DA:7,28
DA:50,3
DA:51,3
DA:52,5
DA:57,28
DA:91,28
DA:98,5
DA:102,5
DA:103,5
DA:104,5
DA:109,28
DA:140,6
DA:144,6
DA:145,6
DA:146,12
DA:151,28
DA:167,5
DA:168,5
DA:169,5
DA:174,28
DA:175,16
DA:176,16
DA:178,16
DA:179,3
DA:182,13
DA:183,13
DA:184,3
DA:187,10
DA:190,28
DA:192,2
LF:35
LH:35
BRDA:178,0,0,3
BRDA:178,0,1,13
BRDA:183,1,0,3
BRDA:183,1,1,10
BRF:4
BRH:4
end_of_record
TN:
SF:src\models\activity.model.js
FN:7,(anonymous_0)
FN:20,(anonymous_1)
FN:53,(anonymous_2)
FN:72,(anonymous_3)
FN:98,(anonymous_4)
FN:108,(anonymous_5)
FNF:6
FNH:6
FNDA:2,(anonymous_0)
FNDA:13,(anonymous_1)
FNDA:8,(anonymous_2)
FNDA:8,(anonymous_3)
FNDA:8,(anonymous_4)
FNDA:5,(anonymous_5)
DA:1,28
DA:2,28
DA:3,28
DA:7,28
DA:8,2
DA:10,2
DA:11,1
DA:14,1
DA:15,1
DA:17,1
DA:20,28
DA:21,13
DA:22,13
DA:26,13
DA:27,8
DA:37,8
DA:39,5
DA:44,5
DA:47,13
DA:50,13
DA:53,28
DA:54,8
DA:60,8
DA:61,4
DA:64,4
DA:65,4
DA:67,4
DA:69,4
DA:72,28
DA:79,8
DA:85,8
DA:87,8
DA:89,8
DA:90,4
DA:95,4
DA:98,28
DA:99,8
DA:101,8
DA:103,8
DA:105,5
DA:108,28
DA:109,5
DA:111,5
DA:112,5
DA:114,5
DA:118,28
LF:46
LH:46
BRDA:10,0,0,1
BRDA:10,0,1,1
BRDA:20,1,0,5
BRDA:26,2,0,8
BRDA:26,2,1,5
BRDA:60,3,0,4
BRDA:60,3,1,4
BRDA:74,4,0,0
BRDA:74,5,0,0
BRDA:74,6,0,0
BRDA:74,7,0,0
BRDA:74,8,0,0
BRDA:74,9,0,0
BRDA:74,10,0,0
BRDA:75,11,0,0
BRDA:76,12,0,0
BRDA:90,13,0,0
BRDA:90,13,1,4
BRDA:112,14,0,5
BRDA:112,14,1,0
BRF:20
BRH:9
end_of_record
TN:
SF:src\models\activityAttendee.model.js
FN:7,(anonymous_0)
FN:21,(anonymous_1)
FN:34,(anonymous_2)
FNF:3
FNH:3
FNDA:4,(anonymous_0)
FNDA:6,(anonymous_1)
FNDA:5,(anonymous_2)
DA:1,28
DA:2,28
DA:3,28
DA:7,28
DA:8,4
DA:9,4
DA:11,4
DA:13,4
DA:14,3
DA:18,3
DA:21,28
DA:22,6
DA:23,6
DA:25,6
DA:29,6
DA:31,6
DA:34,28
DA:35,5
DA:37,5
DA:40,5
DA:41,5
DA:43,5
DA:47,28
LF:23
LH:23
BRDA:14,0,0,0
BRDA:14,0,1,3
BRDA:41,1,0,5
BRDA:41,1,1,0
BRF:4
BRH:2
end_of_record
TN:
SF:src\models\activityStatus.model.js
FN:7,(anonymous_0)
FN:20,(anonymous_1)
FN:32,(anonymous_2)
FN:47,(anonymous_3)
FN:57,(anonymous_4)
FNF:5
FNH:5
FNDA:5,(anonymous_0)
FNDA:8,(anonymous_1)
FNDA:5,(anonymous_2)
FNDA:8,(anonymous_3)
FNDA:6,(anonymous_4)
DA:1,29
DA:2,29
DA:3,29
DA:7,29
DA:8,5
DA:10,5
DA:11,4
DA:14,1
DA:15,1
DA:17,1
DA:20,29
DA:21,8
DA:23,8
DA:27,8
DA:29,7
DA:32,29
DA:33,5
DA:34,5
DA:36,5
DA:38,5
DA:39,4
DA:44,4
DA:47,29
DA:48,8
DA:50,8
DA:52,8
DA:54,7
DA:57,29
DA:58,6
DA:60,6
DA:61,5
DA:63,5
DA:67,29
LF:33
LH:33
BRDA:10,0,0,4
BRDA:10,0,1,1
BRDA:39,1,0,1
BRDA:39,1,1,3
BRDA:61,2,0,4
BRDA:61,2,1,1
BRF:6
BRH:6
end_of_record
TN:
SF:src\models\activityType.model.js
FN:7,(anonymous_0)
FN:20,(anonymous_1)
FN:32,(anonymous_2)
FN:47,(anonymous_3)
FN:57,(anonymous_4)
FNF:5
FNH:5
FNDA:1,(anonymous_0)
FNDA:5,(anonymous_1)
FNDA:2,(anonymous_2)
FNDA:3,(anonymous_3)
FNDA:3,(anonymous_4)
DA:1,28
DA:2,28
DA:3,28
DA:7,28
DA:8,1
DA:10,1
DA:11,1
DA:14,0
DA:15,0
DA:17,0
DA:20,28
DA:21,5
DA:23,5
DA:27,5
DA:29,5
DA:32,28
DA:33,2
DA:34,2
DA:36,2
DA:38,2
DA:39,2
DA:44,2
DA:47,28
DA:48,3
DA:50,3
DA:52,3
DA:54,3
DA:57,28
DA:58,3
DA:60,3
DA:61,3
DA:63,3
DA:67,28
LF:33
LH:30
BRDA:10,0,0,1
BRDA:10,0,1,0
BRDA:39,1,0,0
BRDA:39,1,1,2
BRDA:61,2,0,3
BRDA:61,2,1,0
BRF:6
BRH:3
end_of_record
TN:
SF:src\models\campus.model.js
FN:7,(anonymous_0)
FN:20,(anonymous_1)
FN:32,(anonymous_2)
FN:47,(anonymous_3)
FN:57,(anonymous_4)
FNF:5
FNH:5
FNDA:1,(anonymous_0)
FNDA:5,(anonymous_1)
FNDA:2,(anonymous_2)
FNDA:3,(anonymous_3)
FNDA:3,(anonymous_4)
DA:1,28
DA:2,28
DA:3,28
DA:7,28
DA:8,1
DA:10,1
DA:11,1
DA:14,0
DA:15,0
DA:17,0
DA:20,28
DA:21,5
DA:23,5
DA:27,5
DA:29,5
DA:32,28
DA:33,2
DA:34,2
DA:36,2
DA:38,2
DA:39,2
DA:44,2
DA:47,28
DA:48,3
DA:50,3
DA:52,3
DA:54,3
DA:57,28
DA:58,3
DA:60,3
DA:61,3
DA:63,3
DA:67,28
LF:33
LH:30
BRDA:10,0,0,1
BRDA:10,0,1,0
BRDA:39,1,0,0
BRDA:39,1,1,2
BRDA:61,2,0,3
BRDA:61,2,1,0
BRF:6
BRH:3
end_of_record
TN:
SF:src\models\campusSpot.model.js
FN:7,(anonymous_0)
FN:20,(anonymous_1)
FN:32,(anonymous_2)
FN:47,(anonymous_3)
FN:57,(anonymous_4)
FNF:5
FNH:5
FNDA:1,(anonymous_0)
FNDA:5,(anonymous_1)
FNDA:3,(anonymous_2)
FNDA:3,(anonymous_3)
FNDA:3,(anonymous_4)
DA:1,28
DA:2,28
DA:3,28
DA:7,28
DA:8,1
DA:10,1
DA:11,1
DA:14,0
DA:15,0
DA:17,0
DA:20,28
DA:21,5
DA:23,5
DA:27,5
DA:29,5
DA:32,28
DA:33,3
DA:34,3
DA:36,3
DA:38,3
DA:39,2
DA:44,2
DA:47,28
DA:48,3
DA:50,3
DA:52,3
DA:54,3
DA:57,28
DA:58,3
DA:60,3
DA:61,3
DA:63,3
DA:67,28
LF:33
LH:30
BRDA:10,0,0,1
BRDA:10,0,1,0
BRDA:39,1,0,0
BRDA:39,1,1,2
BRDA:61,2,0,3
BRDA:61,2,1,0
BRF:6
BRH:3
end_of_record
TN:
SF:src\models\class.model.js
FN:7,(anonymous_0)
FN:36,(anonymous_1)
FN:62,(anonymous_2)
FN:85,(anonymous_3)
FN:99,(anonymous_4)
FN:109,(anonymous_5)
FNF:6
FNH:6
FNDA:3,(anonymous_0)
FNDA:6,(anonymous_1)
FNDA:8,(anonymous_2)
FNDA:7,(anonymous_3)
FNDA:9,(anonymous_4)
FNDA:8,(anonymous_5)
DA:1,28
DA:2,28
DA:3,28
DA:7,28
DA:8,3
DA:26,3
DA:27,1
DA:30,2
DA:31,2
DA:33,2
DA:36,28
DA:37,6
DA:57,6
DA:59,6
DA:62,28
DA:68,8
DA:73,8
DA:75,8
DA:77,8
DA:78,2
DA:82,2
DA:85,28
DA:87,7
DA:91,7
DA:92,1
DA:96,1
DA:99,28
DA:100,9
DA:102,9
DA:104,9
DA:106,4
DA:109,28
DA:110,8
DA:112,8
DA:113,8
DA:115,8
DA:119,28
LF:37
LH:37
BRDA:26,0,0,1
BRDA:26,0,1,2
BRDA:64,1,0,7
BRDA:78,2,0,0
BRDA:78,2,1,2
BRDA:92,3,0,0
BRDA:92,3,1,1
BRDA:113,4,0,8
BRDA:113,4,1,0
BRF:9
BRH:6
end_of_record
TN:
SF:src\models\classroom.model.js
FN:7,(anonymous_0)
FN:20,(anonymous_1)
FN:30,(anonymous_2)
FN:45,(anonymous_3)
FN:55,(anonymous_4)
FNF:5
FNH:5
FNDA:1,(anonymous_0)
FNDA:5,(anonymous_1)
FNDA:3,(anonymous_2)
FNDA:4,(anonymous_3)
FNDA:3,(anonymous_4)
DA:1,28
DA:2,28
DA:3,28
DA:7,28
DA:8,1
DA:10,1
DA:11,1
DA:14,0
DA:15,0
DA:17,0
DA:20,28
DA:21,5
DA:25,5
DA:27,5
DA:30,28
DA:31,3
DA:32,3
DA:34,3
DA:36,3
DA:37,2
DA:42,2
DA:45,28
DA:46,4
DA:48,4
DA:50,4
DA:52,3
DA:55,28
DA:56,3
DA:58,3
DA:59,3
DA:61,3
DA:65,28
LF:32
LH:29
BRDA:10,0,0,1
BRDA:10,0,1,0
BRDA:37,1,0,0
BRDA:37,1,1,2
BRDA:59,2,0,3
BRDA:59,2,1,0
BRF:6
BRH:3
end_of_record
TN:
SF:src\models\hangoutRequest.model.js
FN:8,(anonymous_0)
FN:30,(anonymous_1)
FN:48,(anonymous_2)
FN:71,(anonymous_3)
FN:82,(anonymous_4)
FNF:5
FNH:5
FNDA:4,(anonymous_0)
FNDA:12,(anonymous_1)
FNDA:3,(anonymous_2)
FNDA:2,(anonymous_3)
FNDA:2,(anonymous_4)
DA:1,28
DA:2,28
DA:3,28
DA:4,28
DA:8,28
DA:9,4
DA:20,4
DA:21,0
DA:24,4
DA:25,4
DA:27,4
DA:30,28
DA:31,12
DA:43,12
DA:45,12
DA:48,28
DA:49,3
DA:58,3
DA:60,3
DA:62,3
DA:63,2
DA:68,2
DA:71,28
DA:72,2
DA:73,2
DA:75,2
DA:77,2
DA:79,2
DA:82,28
DA:83,2
DA:85,2
DA:86,2
DA:88,2
DA:92,28
LF:34
LH:33
BRDA:20,0,0,0
BRDA:20,0,1,4
BRDA:63,1,0,0
BRDA:63,1,1,2
BRDA:71,2,0,0
BRDA:86,3,0,2
BRDA:86,3,1,0
BRF:7
BRH:3
end_of_record
TN:
SF:src\models\hobby.model.js
FN:6,(anonymous_0)
FN:19,(anonymous_1)
FN:31,(anonymous_2)
FN:46,(anonymous_3)
FN:56,(anonymous_4)
FNF:5
FNH:5
FNDA:1,(anonymous_0)
FNDA:5,(anonymous_1)
FNDA:2,(anonymous_2)
FNDA:3,(anonymous_3)
FNDA:3,(anonymous_4)
DA:1,28
DA:2,28
DA:3,28
DA:6,28
DA:7,1
DA:9,1
DA:10,1
DA:13,0
DA:14,0
DA:16,0
DA:19,28
DA:20,5
DA:22,5
DA:26,5
DA:28,5
DA:31,28
DA:32,2
DA:33,2
DA:35,2
DA:37,2
DA:38,2
DA:43,2
DA:46,28
DA:47,3
DA:49,3
DA:51,3
DA:53,3
DA:56,28
DA:57,3
DA:59,3
DA:60,3
DA:62,3
DA:66,28
LF:33
LH:30
BRDA:9,0,0,1
BRDA:9,0,1,0
BRDA:38,1,0,0
BRDA:38,1,1,2
BRDA:60,2,0,3
BRDA:60,2,1,0
BRF:6
BRH:3
end_of_record
TN:
SF:src\models\interest.model.js
FN:7,(anonymous_0)
FN:20,(anonymous_1)
FN:32,(anonymous_2)
FN:47,(anonymous_3)
FN:57,(anonymous_4)
FNF:5
FNH:5
FNDA:1,(anonymous_0)
FNDA:5,(anonymous_1)
FNDA:2,(anonymous_2)
FNDA:3,(anonymous_3)
FNDA:3,(anonymous_4)
DA:1,28
DA:2,28
DA:3,28
DA:7,28
DA:8,1
DA:10,1
DA:11,1
DA:14,0
DA:15,0
DA:17,0
DA:20,28
DA:21,5
DA:23,5
DA:27,5
DA:29,5
DA:32,28
DA:33,2
DA:34,2
DA:36,2
DA:38,2
DA:39,2
DA:44,2
DA:47,28
DA:48,3
DA:50,3
DA:52,3
DA:54,3
DA:57,28
DA:58,3
DA:60,3
DA:61,3
DA:63,3
DA:67,28
LF:33
LH:30
BRDA:10,0,0,1
BRDA:10,0,1,0
BRDA:39,1,0,0
BRDA:39,1,1,2
BRDA:61,2,0,3
BRDA:61,2,1,0
BRF:6
BRH:3
end_of_record
TN:
SF:src\models\otp.model.js
FN:7,(anonymous_0)
FN:20,(anonymous_1)
FN:32,(anonymous_2)
FN:46,(anonymous_3)
FN:57,(anonymous_4)
FNF:5
FNH:3
FNDA:0,(anonymous_0)
FNDA:7,(anonymous_1)
FNDA:3,(anonymous_2)
FNDA:0,(anonymous_3)
FNDA:3,(anonymous_4)
DA:1,28
DA:2,28
DA:3,28
DA:7,28
DA:8,0
DA:10,0
DA:11,0
DA:14,0
DA:15,0
DA:17,0
DA:20,28
DA:21,7
DA:23,7
DA:27,7
DA:29,7
DA:32,28
DA:33,3
DA:34,3
DA:36,3
DA:38,3
DA:39,3
DA:43,3
DA:46,28
DA:48,0
DA:52,0
DA:54,0
DA:57,28
DA:58,3
DA:60,3
DA:63,3
DA:64,3
DA:66,3
DA:70,28
LF:33
LH:24
BRDA:10,0,0,0
BRDA:10,0,1,0
BRDA:39,1,0,0
BRDA:39,1,1,3
BRDA:64,2,0,3
BRDA:64,2,1,0
BRF:6
BRH:2
end_of_record
TN:
SF:src\models\post.model.js
FN:9,(anonymous_0)
FN:46,(anonymous_1)
FN:60,(anonymous_2)
FN:89,(anonymous_3)
FN:100,(anonymous_4)
FN:116,(anonymous_5)
FN:126,(anonymous_6)
FNF:7
FNH:7
FNDA:2,(anonymous_0)
FNDA:6,(anonymous_1)
FNDA:6,(anonymous_2)
FNDA:4,(anonymous_3)
FNDA:3,(anonymous_4)
FNDA:2,(anonymous_5)
FNDA:4,(anonymous_6)
DA:1,28
DA:2,28
DA:3,28
DA:7,28
DA:9,28
DA:10,2
DA:32,2
DA:33,1
DA:34,1
DA:37,1
DA:38,1
DA:43,1
DA:46,28
DA:47,6
DA:49,6
DA:55,6
DA:57,6
DA:60,28
DA:61,6
DA:84,6
DA:86,6
DA:89,28
DA:90,4
DA:95,4
DA:97,4
DA:100,28
DA:102,3
DA:103,3
DA:105,3
DA:107,3
DA:108,3
DA:113,3
DA:116,28
DA:117,2
DA:119,2
DA:121,2
DA:123,2
DA:126,28
DA:127,4
DA:129,4
DA:130,4
DA:132,4
DA:136,28
LF:43
LH:43
BRDA:32,0,0,1
BRDA:32,0,1,1
BRDA:100,1,0,0
BRDA:108,2,0,0
BRDA:108,2,1,3
BRDA:130,3,0,4
BRDA:130,3,1,0
BRF:7
BRH:4
end_of_record
TN:
SF:src\models\postReaction.model.js
FN:7,(anonymous_0)
FN:21,(anonymous_1)
FN:34,(anonymous_2)
FNF:3
FNH:3
FNDA:4,(anonymous_0)
FNDA:3,(anonymous_1)
FNDA:7,(anonymous_2)
DA:1,28
DA:2,28
DA:3,28
DA:7,28
DA:8,4
DA:9,4
DA:11,4
DA:13,4
DA:14,3
DA:18,3
DA:21,28
DA:22,3
DA:23,3
DA:25,3
DA:29,3
DA:31,3
DA:34,28
DA:35,7
DA:37,7
DA:40,7
DA:41,7
DA:43,7
DA:47,28
LF:23
LH:23
BRDA:14,0,0,0
BRDA:14,0,1,3
BRDA:41,1,0,7
BRDA:41,1,1,0
BRF:4
BRH:2
end_of_record
TN:
SF:src\models\postResource.model.js
FN:7,(anonymous_0)
FN:22,(anonymous_1)
FN:34,(anonymous_2)
FNF:3
FNH:1
FNDA:6,(anonymous_0)
FNDA:0,(anonymous_1)
FNDA:0,(anonymous_2)
DA:1,28
DA:2,28
DA:3,28
DA:7,28
DA:8,6
DA:9,6
DA:11,6
DA:13,6
DA:14,6
DA:19,6
DA:22,28
DA:23,0
DA:25,0
DA:29,0
DA:31,0
DA:34,28
DA:35,0
DA:38,0
DA:39,0
DA:41,0
DA:45,28
LF:21
LH:13
BRDA:7,0,0,0
BRDA:14,1,0,0
BRDA:14,1,1,6
BRDA:39,2,0,0
BRDA:39,2,1,0
BRF:5
BRH:1
end_of_record
TN:
SF:src\models\program.model.js
FN:7,(anonymous_0)
FN:20,(anonymous_1)
FN:32,(anonymous_2)
FN:47,(anonymous_3)
FN:57,(anonymous_4)
FNF:5
FNH:5
FNDA:1,(anonymous_0)
FNDA:5,(anonymous_1)
FNDA:2,(anonymous_2)
FNDA:3,(anonymous_3)
FNDA:3,(anonymous_4)
DA:1,28
DA:2,28
DA:3,28
DA:7,28
DA:8,1
DA:10,1
DA:11,1
DA:14,0
DA:15,0
DA:17,0
DA:20,28
DA:21,5
DA:23,5
DA:27,5
DA:29,5
DA:32,28
DA:33,2
DA:34,2
DA:36,2
DA:38,2
DA:39,2
DA:44,2
DA:47,28
DA:48,3
DA:50,3
DA:52,3
DA:54,3
DA:57,28
DA:58,3
DA:60,3
DA:61,3
DA:63,3
DA:67,28
LF:33
LH:30
BRDA:10,0,0,1
BRDA:10,0,1,0
BRDA:39,1,0,0
BRDA:39,1,1,2
BRDA:61,2,0,3
BRDA:61,2,1,0
BRF:6
BRH:3
end_of_record
TN:
SF:src\models\reactionType.model.js
FN:7,(anonymous_0)
FN:20,(anonymous_1)
FN:30,(anonymous_2)
FN:45,(anonymous_3)
FN:55,(anonymous_4)
FNF:5
FNH:5
FNDA:1,(anonymous_0)
FNDA:5,(anonymous_1)
FNDA:2,(anonymous_2)
FNDA:3,(anonymous_3)
FNDA:3,(anonymous_4)
DA:1,28
DA:2,28
DA:3,28
DA:7,28
DA:8,1
DA:10,1
DA:11,1
DA:14,0
DA:15,0
DA:17,0
DA:20,28
DA:21,5
DA:25,5
DA:27,5
DA:30,28
DA:31,2
DA:32,2
DA:34,2
DA:36,2
DA:37,2
DA:42,2
DA:45,28
DA:46,3
DA:48,3
DA:50,3
DA:52,3
DA:55,28
DA:56,3
DA:58,3
DA:59,3
DA:61,3
DA:65,28
LF:32
LH:29
BRDA:10,0,0,1
BRDA:10,0,1,0
BRDA:37,1,0,0
BRDA:37,1,1,2
BRDA:59,2,0,3
BRDA:59,2,1,0
BRF:6
BRH:3
end_of_record
TN:
SF:src\models\savedActivity.model.js
FN:7,(anonymous_0)
FN:21,(anonymous_1)
FNF:2
FNH:2
FNDA:6,(anonymous_0)
FNDA:6,(anonymous_1)
DA:1,28
DA:2,28
DA:3,28
DA:7,28
DA:8,6
DA:9,6
DA:11,6
DA:13,6
DA:14,4
DA:18,4
DA:21,28
DA:22,6
DA:24,6
DA:27,6
DA:28,6
DA:30,6
DA:34,28
LF:17
LH:17
BRDA:14,0,0,0
BRDA:14,0,1,4
BRDA:28,1,0,6
BRDA:28,1,1,0
BRF:4
BRH:2
end_of_record
TN:
SF:src\models\student.model.js
FN:8,(anonymous_0)
FN:25,(anonymous_1)
FN:37,(anonymous_2)
FN:51,(anonymous_3)
FN:69,(anonymous_4)
FN:87,(anonymous_5)
FN:107,(anonymous_6)
FN:131,(anonymous_7)
FN:141,(anonymous_8)
FNF:9
FNH:9
FNDA:2,(anonymous_0)
FNDA:628,(anonymous_1)
FNDA:3,(anonymous_2)
FNDA:3,(anonymous_3)
FNDA:3,(anonymous_4)
FNDA:7,(anonymous_5)
FNDA:5,(anonymous_6)
FNDA:10,(anonymous_7)
FNDA:4,(anonymous_8)
DA:1,28
DA:2,28
DA:3,28
DA:4,28
DA:8,28
DA:9,2
DA:15,2
DA:16,1
DA:19,1
DA:20,1
DA:22,1
DA:25,28
DA:26,628
DA:31,628
DA:34,628
DA:37,28
DA:38,3
DA:45,3
DA:48,3
DA:51,28
DA:53,3
DA:57,3
DA:58,2
DA:61,1
DA:62,1
DA:64,1
DA:66,1
DA:69,28
DA:70,3
DA:75,3
DA:76,2
DA:79,1
DA:80,1
DA:82,1
DA:84,1
DA:87,28
DA:88,7
DA:94,7
DA:95,6
DA:98,1
DA:99,1
DA:101,1
DA:103,1
DA:107,28
DA:110,5
DA:118,5
DA:120,5
DA:122,5
DA:123,3
DA:128,3
DA:131,28
DA:132,10
DA:134,10
DA:136,10
DA:138,10
DA:141,28
DA:142,4
DA:144,4
DA:145,4
DA:147,4
DA:151,28
LF:61
LH:61
BRDA:15,0,0,1
BRDA:15,0,1,1
BRDA:57,1,0,2
BRDA:57,1,1,1
BRDA:75,2,0,2
BRDA:75,2,1,1
BRDA:94,3,0,6
BRDA:94,3,1,1
BRDA:108,4,0,0
BRDA:108,5,0,3
BRDA:123,6,0,0
BRDA:123,6,1,3
BRDA:145,7,0,4
BRDA:145,7,1,0
BRF:14
BRH:11
end_of_record
TN:
SF:src\models\studentConnection.model.js
FN:8,(anonymous_0)
FN:29,(anonymous_1)
FN:42,(anonymous_2)
FN:52,(anonymous_3)
FN:69,(anonymous_4)
FN:80,(anonymous_5)
FNF:6
FNH:6
FNDA:4,(anonymous_0)
FNDA:3,(anonymous_1)
FNDA:14,(anonymous_2)
FNDA:6,(anonymous_3)
FNDA:2,(anonymous_4)
FNDA:3,(anonymous_5)
DA:1,28
DA:2,28
DA:3,28
DA:4,28
DA:8,28
DA:9,4
DA:19,4
DA:20,0
DA:23,4
DA:24,4
DA:26,4
DA:29,28
DA:30,3
DA:39,3
DA:42,28
DA:43,14
DA:47,14
DA:49,14
DA:52,28
DA:53,6
DA:54,6
DA:56,6
DA:60,6
DA:61,3
DA:66,3
DA:69,28
DA:70,2
DA:71,2
DA:73,2
DA:75,2
DA:77,2
DA:80,28
DA:81,3
DA:83,3
DA:84,3
DA:86,3
DA:90,28
LF:37
LH:36
BRDA:19,0,0,0
BRDA:19,0,1,4
BRDA:61,1,0,0
BRDA:61,1,1,3
BRDA:69,2,0,0
BRDA:84,3,0,3
BRDA:84,3,1,0
BRF:7
BRH:3
end_of_record
TN:
SF:src\models\studentStatus.model.js
FN:7,(anonymous_0)
FN:20,(anonymous_1)
FN:32,(anonymous_2)
FN:47,(anonymous_3)
FN:57,(anonymous_4)
FNF:5
FNH:5
FNDA:1,(anonymous_0)
FNDA:5,(anonymous_1)
FNDA:2,(anonymous_2)
FNDA:3,(anonymous_3)
FNDA:3,(anonymous_4)
DA:1,28
DA:2,28
DA:3,28
DA:7,28
DA:8,1
DA:10,1
DA:11,1
DA:14,0
DA:15,0
DA:17,0
DA:20,28
DA:21,5
DA:23,5
DA:27,5
DA:29,5
DA:32,28
DA:33,2
DA:34,2
DA:36,2
DA:38,2
DA:39,2
DA:44,2
DA:47,28
DA:48,3
DA:50,3
DA:52,3
DA:54,3
DA:57,28
DA:58,3
DA:60,3
DA:61,3
DA:63,3
DA:67,28
LF:33
LH:30
BRDA:10,0,0,1
BRDA:10,0,1,0
BRDA:39,1,0,0
BRDA:39,1,1,2
BRDA:61,2,0,3
BRDA:61,2,1,0
BRF:6
BRH:3
end_of_record
TN:
SF:src\models\subject.model.js
FN:7,(anonymous_0)
FN:20,(anonymous_1)
FN:30,(anonymous_2)
FN:44,(anonymous_3)
FN:54,(anonymous_4)
FNF:5
FNH:5
FNDA:1,(anonymous_0)
FNDA:5,(anonymous_1)
FNDA:2,(anonymous_2)
FNDA:3,(anonymous_3)
FNDA:3,(anonymous_4)
DA:1,28
DA:2,28
DA:3,28
DA:7,28
DA:8,1
DA:10,1
DA:11,1
DA:14,0
DA:15,0
DA:17,0
DA:20,28
DA:21,5
DA:25,5
DA:27,5
DA:30,28
DA:31,2
DA:32,2
DA:34,2
DA:36,2
DA:37,2
DA:41,2
DA:44,28
DA:45,3
DA:47,3
DA:49,3
DA:51,3
DA:54,28
DA:55,3
DA:57,3
DA:58,3
DA:60,3
DA:64,28
LF:32
LH:29
BRDA:10,0,0,1
BRDA:10,0,1,0
BRDA:37,1,0,0
BRDA:37,1,1,2
BRDA:58,2,0,3
BRDA:58,2,1,0
BRF:6
BRH:3
end_of_record
TN:
SF:src\models\teacher.model.js
FN:7,(anonymous_0)
FN:20,(anonymous_1)
FN:30,(anonymous_2)
FN:45,(anonymous_3)
FN:55,(anonymous_4)
FNF:5
FNH:5
FNDA:1,(anonymous_0)
FNDA:5,(anonymous_1)
FNDA:2,(anonymous_2)
FNDA:7,(anonymous_3)
FNDA:3,(anonymous_4)
DA:1,28
DA:2,28
DA:3,28
DA:7,28
DA:8,1
DA:10,1
DA:11,1
DA:14,0
DA:15,0
DA:17,0
DA:20,28
DA:21,5
DA:25,5
DA:27,5
DA:30,28
DA:31,2
DA:32,2
DA:34,2
DA:36,2
DA:37,2
DA:42,2
DA:45,28
DA:46,7
DA:48,7
DA:50,7
DA:52,7
DA:55,28
DA:56,3
DA:58,3
DA:59,3
DA:61,3
DA:65,28
LF:32
LH:29
BRDA:10,0,0,1
BRDA:10,0,1,0
BRDA:37,1,0,0
BRDA:37,1,1,2
BRDA:45,2,0,3
BRDA:59,3,0,3
BRDA:59,3,1,0
BRF:7
BRH:4
end_of_record
TN:
SF:src\models\teacherReview.model.js
FN:7,(anonymous_0)
FN:31,(anonymous_1)
FN:61,(anonymous_2)
FN:83,(anonymous_3)
FNF:4
FNH:4
FNDA:1,(anonymous_0)
FNDA:9,(anonymous_1)
FNDA:4,(anonymous_2)
FNDA:2,(anonymous_3)
DA:1,28
DA:2,28
DA:3,28
DA:7,28
DA:8,1
DA:20,1
DA:21,0
DA:22,0
DA:25,1
DA:26,1
DA:28,1
DA:31,28
DA:33,9
DA:34,4
DA:48,5
DA:56,9
DA:58,9
DA:61,28
DA:66,4
DA:70,4
DA:72,4
DA:74,4
DA:75,2
DA:80,2
DA:83,28
DA:84,2
DA:86,2
DA:87,2
DA:89,2
DA:93,28
LF:30
LH:28
BRDA:20,0,0,0
BRDA:20,0,1,1
BRDA:31,1,0,5
BRDA:33,2,0,4
BRDA:33,2,1,5
BRDA:64,3,0,0
BRDA:75,4,0,0
BRDA:75,4,1,2
BRDA:83,5,0,0
BRDA:87,6,0,2
BRDA:87,6,1,0
BRF:11
BRH:6
end_of_record
TN:
SF:src\models\term.model.js
FN:7,(anonymous_0)
FN:20,(anonymous_1)
FN:30,(anonymous_2)
FN:45,(anonymous_3)
FN:55,(anonymous_4)
FNF:5
FNH:5
FNDA:1,(anonymous_0)
FNDA:5,(anonymous_1)
FNDA:2,(anonymous_2)
FNDA:3,(anonymous_3)
FNDA:3,(anonymous_4)
DA:1,28
DA:2,28
DA:3,28
DA:7,28
DA:8,1
DA:10,1
DA:11,1
DA:14,0
DA:15,0
DA:17,0
DA:20,28
DA:21,5
DA:25,5
DA:27,5
DA:30,28
DA:31,2
DA:32,2
DA:34,2
DA:36,2
DA:37,2
DA:42,2
DA:45,28
DA:46,3
DA:48,3
DA:50,3
DA:52,3
DA:55,28
DA:56,3
DA:58,3
DA:59,3
DA:61,3
DA:65,28
LF:32
LH:29
BRDA:10,0,0,1
BRDA:10,0,1,0
BRDA:37,1,0,0
BRDA:37,1,1,2
BRDA:59,2,0,3
BRDA:59,2,1,0
BRF:6
BRH:3
end_of_record
TN:
SF:src\models\timeslot.model.js
FN:7,(anonymous_0)
FN:20,(anonymous_1)
FN:40,(anonymous_2)
FN:50,(anonymous_3)
FN:65,(anonymous_4)
FN:75,(anonymous_5)
FNF:6
FNH:6
FNDA:1,(anonymous_0)
FNDA:4,(anonymous_1)
FNDA:5,(anonymous_2)
FNDA:2,(anonymous_3)
FNDA:3,(anonymous_4)
FNDA:3,(anonymous_5)
DA:1,28
DA:2,28
DA:3,28
DA:7,28
DA:8,1
DA:10,1
DA:11,1
DA:14,0
DA:15,0
DA:17,0
DA:20,28
DA:21,4
DA:23,4
DA:25,4
DA:26,3
DA:28,3
DA:29,1
DA:30,1
DA:31,0
DA:32,0
DA:35,4
DA:37,4
DA:40,28
DA:41,5
DA:45,5
DA:47,5
DA:50,28
DA:51,2
DA:52,2
DA:54,2
DA:56,2
DA:57,2
DA:62,2
DA:65,28
DA:66,3
DA:68,3
DA:70,3
DA:72,3
DA:75,28
DA:76,3
DA:78,3
DA:79,3
DA:81,3
DA:85,28
LF:44
LH:39
BRDA:10,0,0,1
BRDA:10,0,1,0
BRDA:25,1,0,3
BRDA:25,1,1,1
BRDA:25,2,0,4
BRDA:25,2,1,4
BRDA:29,3,0,1
BRDA:29,3,1,0
BRDA:29,4,0,1
BRDA:29,4,1,1
BRDA:31,5,0,0
BRDA:31,5,1,0
BRDA:31,6,0,0
BRDA:31,6,1,0
BRDA:57,7,0,0
BRDA:57,7,1,2
BRDA:79,8,0,3
BRDA:79,8,1,0
BRF:18
BRH:10
end_of_record
TN:
SF:src\models\timetable.model.js
FN:7,(anonymous_0)
FN:20,(anonymous_1)
FN:53,(anonymous_2)
FN:68,(anonymous_3)
FN:79,(anonymous_4)
FNF:5
FNH:5
FNDA:2,(anonymous_0)
FNDA:19,(anonymous_1)
FNDA:2,(anonymous_2)
FNDA:4,(anonymous_3)
FNDA:2,(anonymous_4)
DA:1,28
DA:2,28
DA:3,28
DA:7,28
DA:8,2
DA:10,2
DA:11,1
DA:14,1
DA:15,1
DA:17,1
DA:20,28
DA:22,19
DA:23,6
DA:45,13
DA:48,19
DA:50,19
DA:53,28
DA:54,2
DA:55,2
DA:57,2
DA:59,2
DA:60,2
DA:65,2
DA:68,28
DA:69,4
DA:70,4
DA:72,4
DA:74,4
DA:76,4
DA:79,28
DA:80,2
DA:82,2
DA:83,2
DA:85,2
DA:89,28
LF:35
LH:35
BRDA:10,0,0,1
BRDA:10,0,1,1
BRDA:20,1,0,13
BRDA:22,2,0,6
BRDA:22,2,1,13
BRDA:50,3,0,6
BRDA:50,3,1,13
BRDA:53,4,0,0
BRDA:53,5,0,0
BRDA:60,6,0,0
BRDA:60,6,1,2
BRDA:68,7,0,0
BRDA:83,8,0,2
BRDA:83,8,1,0
BRF:14
BRH:9
end_of_record
TN:
SF:src\models\timetableClass.model.js
FN:7,(anonymous_0)
FN:21,(anonymous_1)
FN:33,(anonymous_2)
FN:45,(anonymous_3)
FNF:4
FNH:2
FNDA:0,(anonymous_0)
FNDA:5,(anonymous_1)
FNDA:0,(anonymous_2)
FNDA:2,(anonymous_3)
DA:1,28
DA:2,28
DA:3,28
DA:7,28
DA:8,0
DA:9,0
DA:11,0
DA:13,0
DA:14,0
DA:18,0
DA:21,28
DA:23,5
DA:27,5
DA:28,4
DA:30,4
DA:33,28
DA:34,0
DA:36,0
DA:39,0
DA:40,0
DA:42,0
DA:45,28
DA:46,2
DA:49,2
DA:50,2
DA:52,2
DA:56,28
LF:27
LH:16
BRDA:14,0,0,0
BRDA:14,0,1,0
BRDA:21,1,0,0
BRDA:28,2,0,4
BRDA:28,2,1,0
BRDA:40,3,0,0
BRDA:40,3,1,0
BRDA:45,4,0,0
BRDA:50,5,0,2
BRDA:50,5,1,0
BRF:10
BRH:2
end_of_record
TN:
SF:src\repositories\activity.repository.js
FN:12,(anonymous_0)
FN:19,(anonymous_1)
FN:28,(anonymous_2)
FN:34,(anonymous_3)
FN:44,(anonymous_4)
FN:65,(anonymous_5)
FNF:6
FNH:6
FNDA:3,(anonymous_0)
FNDA:8,(anonymous_1)
FNDA:9,(anonymous_2)
FNDA:8,(anonymous_3)
FNDA:8,(anonymous_4)
FNDA:5,(anonymous_5)
DA:1,28
DA:3,28
DA:9,28
DA:12,28
DA:14,3
DA:16,3
DA:19,28
DA:20,8
DA:21,8
DA:22,3
DA:25,5
DA:28,28
DA:29,9
DA:31,9
DA:34,28
DA:35,8
DA:37,4
DA:38,0
DA:41,4
DA:44,28
DA:45,8
DA:47,5
DA:48,0
DA:51,5
DA:53,5
DA:54,4
DA:56,4
DA:62,4
DA:65,28
DA:66,5
DA:67,5
DA:68,1
DA:71,4
DA:75,4
DA:79,28
LF:35
LH:33
BRDA:12,0,0,0
BRDA:21,1,0,3
BRDA:21,1,1,5
BRDA:37,2,0,0
BRDA:37,2,1,4
BRDA:47,3,0,0
BRDA:47,3,1,5
BRDA:53,4,0,1
BRDA:53,4,1,4
BRDA:54,5,0,0
BRDA:54,5,1,4
BRDA:54,6,0,4
BRDA:54,6,1,4
BRDA:67,7,0,1
BRDA:67,7,1,4
BRF:15
BRH:11
end_of_record
TN:
SF:src\repositories\activityAttendee.repository.js
FN:12,(anonymous_0)
FN:21,(anonymous_1)
FN:42,(anonymous_2)
FNF:3
FNH:3
FNDA:4,(anonymous_0)
FNDA:6,(anonymous_1)
FNDA:5,(anonymous_2)
DA:1,28
DA:7,28
DA:8,28
DA:12,28
DA:13,4
DA:14,3
DA:15,0
DA:18,3
DA:21,28
DA:22,6
DA:24,6
DA:25,0
DA:28,6
DA:30,6
DA:31,4
DA:33,4
DA:39,4
DA:42,28
DA:43,5
DA:44,5
DA:45,2
DA:48,3
DA:52,3
DA:56,28
LF:24
LH:22
BRDA:14,0,0,0
BRDA:14,0,1,3
BRDA:24,1,0,0
BRDA:24,1,1,6
BRDA:30,2,0,2
BRDA:30,2,1,4
BRDA:31,3,0,0
BRDA:31,3,1,4
BRDA:31,4,0,4
BRDA:31,4,1,4
BRDA:44,5,0,2
BRDA:44,5,1,3
BRF:12
BRH:9
end_of_record
TN:
SF:src\repositories\activityStatus.repository.js
FN:11,(anonymous_0)
FN:21,(anonymous_1)
FN:30,(anonymous_2)
FN:39,(anonymous_3)
FN:60,(anonymous_4)
FNF:5
FNH:5
FNDA:2,(anonymous_0)
FNDA:5,(anonymous_1)
FNDA:2,(anonymous_2)
FNDA:3,(anonymous_3)
FNDA:3,(anonymous_4)
DA:1,28
DA:7,28
DA:8,28
DA:11,28
DA:13,2
DA:14,2
DA:15,1
DA:18,1
DA:21,28
DA:22,5
DA:23,5
DA:24,2
DA:27,3
DA:30,28
DA:31,2
DA:32,2
DA:33,0
DA:36,2
DA:39,28
DA:40,3
DA:42,3
DA:43,0
DA:46,3
DA:48,3
DA:49,2
DA:51,2
DA:57,2
DA:60,28
DA:61,3
DA:62,3
DA:63,1
DA:66,2
DA:70,2
DA:74,28
LF:34
LH:32
BRDA:11,0,0,2
BRDA:14,1,0,1
BRDA:14,1,1,1
BRDA:23,2,0,2
BRDA:23,2,1,3
BRDA:32,3,0,0
BRDA:32,3,1,2
BRDA:42,4,0,0
BRDA:42,4,1,3
BRDA:48,5,0,1
BRDA:48,5,1,2
BRDA:49,6,0,0
BRDA:49,6,1,2
BRDA:49,7,0,2
BRDA:49,7,1,2
BRDA:62,8,0,1
BRDA:62,8,1,2
BRF:17
BRH:14
end_of_record
TN:
SF:src\repositories\activityType.repository.js
FN:11,(anonymous_0)
FN:21,(anonymous_1)
FN:30,(anonymous_2)
FN:39,(anonymous_3)
FN:60,(anonymous_4)
FNF:5
FNH:5
FNDA:2,(anonymous_0)
FNDA:5,(anonymous_1)
FNDA:2,(anonymous_2)
FNDA:3,(anonymous_3)
FNDA:3,(anonymous_4)
DA:1,28
DA:7,28
DA:8,28
DA:11,28
DA:13,2
DA:14,2
DA:15,1
DA:18,1
DA:21,28
DA:22,5
DA:23,5
DA:24,2
DA:27,3
DA:30,28
DA:31,2
DA:32,2
DA:33,0
DA:36,2
DA:39,28
DA:40,3
DA:42,3
DA:43,0
DA:46,3
DA:48,3
DA:49,2
DA:51,2
DA:57,2
DA:60,28
DA:61,3
DA:62,3
DA:63,1
DA:66,2
DA:70,2
DA:74,28
LF:34
LH:32
BRDA:11,0,0,2
BRDA:14,1,0,1
BRDA:14,1,1,1
BRDA:23,2,0,2
BRDA:23,2,1,3
BRDA:32,3,0,0
BRDA:32,3,1,2
BRDA:42,4,0,0
BRDA:42,4,1,3
BRDA:48,5,0,1
BRDA:48,5,1,2
BRDA:49,6,0,0
BRDA:49,6,1,2
BRDA:49,7,0,2
BRDA:49,7,1,2
BRDA:62,8,0,1
BRDA:62,8,1,2
BRF:17
BRH:14
end_of_record
TN:
SF:src\repositories\auth.repository.js
FN:27,(anonymous_0)
FN:41,(anonymous_1)
FN:76,(anonymous_2)
FN:93,(anonymous_3)
FN:116,(anonymous_4)
FN:135,(anonymous_5)
FN:153,(anonymous_6)
FN:157,(anonymous_7)
FN:169,(anonymous_8)
FN:181,(anonymous_9)
FN:213,(anonymous_10)
FNF:11
FNH:10
FNDA:5,(anonymous_0)
FNDA:5,(anonymous_1)
FNDA:5,(anonymous_2)
FNDA:3,(anonymous_3)
FNDA:4,(anonymous_4)
FNDA:2,(anonymous_5)
FNDA:0,(anonymous_6)
FNDA:3,(anonymous_7)
FNDA:3,(anonymous_8)
FNDA:4,(anonymous_9)
FNDA:5,(anonymous_10)
DA:1,28
DA:2,28
DA:3,28
DA:12,28
DA:16,28
DA:17,28
DA:18,28
DA:19,28
DA:20,28
DA:22,28
DA:23,28
DA:27,28
DA:28,5
DA:30,5
DA:32,5
DA:34,3
DA:35,0
DA:38,3
DA:41,28
DA:42,5
DA:43,5
DA:44,1
DA:47,4
DA:49,4
DA:50,0
DA:54,4
DA:55,4
DA:59,4
DA:60,4
DA:61,4
DA:62,3
DA:64,1
DA:66,4
DA:68,4
DA:73,4
DA:76,28
DA:77,5
DA:78,5
DA:79,5
DA:80,1
DA:83,4
DA:85,4
DA:86,1
DA:92,3
DA:93,3
DA:94,3
DA:95,2
DA:96,1
DA:97,1
DA:98,0
DA:102,1
DA:105,1
DA:106,1
DA:109,1
DA:113,2
DA:116,28
DA:117,4
DA:118,4
DA:120,4
DA:121,1
DA:124,3
DA:126,3
DA:127,1
DA:130,2
DA:132,2
DA:135,28
DA:136,2
DA:138,2
DA:139,1
DA:142,1
DA:144,1
DA:146,1
DA:148,1
DA:150,1
DA:153,28
DA:154,0
DA:157,28
DA:158,3
DA:160,3
DA:161,3
DA:163,3
DA:164,3
DA:166,3
DA:169,28
DA:170,3
DA:172,3
DA:173,2
DA:175,2
DA:176,0
DA:181,28
DA:182,4
DA:183,4
DA:185,4
DA:186,1
DA:189,3
DA:191,3
DA:192,3
DA:194,3
DA:195,1
DA:198,2
DA:200,2
DA:201,1
DA:204,1
DA:206,1
DA:207,0
DA:210,1
DA:213,28
DA:214,5
DA:216,5
DA:218,5
DA:220,5
DA:221,0
DA:223,5
DA:225,5
DA:226,4
DA:228,4
DA:234,4
DA:238,28
LF:118
LH:111
BRDA:34,0,0,0
BRDA:34,0,1,3
BRDA:41,1,0,2
BRDA:43,2,0,1
BRDA:43,2,1,4
BRDA:49,3,0,0
BRDA:49,3,1,4
BRDA:61,4,0,3
BRDA:61,4,1,1
BRDA:79,5,0,1
BRDA:79,5,1,4
BRDA:85,6,0,1
BRDA:85,6,1,3
BRDA:94,7,0,2
BRDA:94,7,1,1
BRDA:95,8,0,1
BRDA:95,8,1,1
BRDA:97,9,0,0
BRDA:97,9,1,1
BRDA:105,10,0,1
BRDA:105,10,1,0
BRDA:120,11,0,1
BRDA:120,11,1,3
BRDA:126,12,0,1
BRDA:126,12,1,2
BRDA:138,13,0,1
BRDA:138,13,1,1
BRDA:166,14,0,0
BRDA:166,14,1,3
BRDA:166,15,0,3
BRDA:166,15,1,3
BRDA:172,16,0,2
BRDA:172,16,1,1
BRDA:175,17,0,0
BRDA:175,17,1,2
BRDA:185,18,0,1
BRDA:185,18,1,3
BRDA:194,19,0,1
BRDA:194,19,1,2
BRDA:200,20,0,1
BRDA:200,20,1,1
BRDA:206,21,0,0
BRDA:206,21,1,1
BRDA:220,22,0,0
BRDA:220,22,1,5
BRDA:225,23,0,1
BRDA:225,23,1,4
BRDA:226,24,0,0
BRDA:226,24,1,4
BRDA:226,25,0,4
BRDA:226,25,1,4
BRF:51
BRH:42
end_of_record
TN:
SF:src\repositories\campus.repository.js
FN:11,(anonymous_0)
FN:21,(anonymous_1)
FN:30,(anonymous_2)
FN:39,(anonymous_3)
FN:60,(anonymous_4)
FNF:5
FNH:5
FNDA:2,(anonymous_0)
FNDA:5,(anonymous_1)
FNDA:2,(anonymous_2)
FNDA:3,(anonymous_3)
FNDA:3,(anonymous_4)
DA:1,28
DA:7,28
DA:8,28
DA:11,28
DA:13,2
DA:14,2
DA:15,1
DA:18,1
DA:21,28
DA:22,5
DA:23,5
DA:24,2
DA:27,3
DA:30,28
DA:31,2
DA:32,2
DA:33,0
DA:36,2
DA:39,28
DA:40,3
DA:42,3
DA:43,0
DA:46,3
DA:48,3
DA:49,2
DA:51,2
DA:57,2
DA:60,28
DA:61,3
DA:62,3
DA:63,1
DA:66,2
DA:70,2
DA:74,28
LF:34
LH:32
BRDA:11,0,0,2
BRDA:14,1,0,1
BRDA:14,1,1,1
BRDA:23,2,0,2
BRDA:23,2,1,3
BRDA:32,3,0,0
BRDA:32,3,1,2
BRDA:42,4,0,0
BRDA:42,4,1,3
BRDA:48,5,0,1
BRDA:48,5,1,2
BRDA:49,6,0,0
BRDA:49,6,1,2
BRDA:49,7,0,2
BRDA:49,7,1,2
BRDA:62,8,0,1
BRDA:62,8,1,2
BRF:17
BRH:14
end_of_record
TN:
SF:src\repositories\campusSpot.repository.js
FN:11,(anonymous_0)
FN:21,(anonymous_1)
FN:30,(anonymous_2)
FN:39,(anonymous_3)
FN:60,(anonymous_4)
FNF:5
FNH:5
FNDA:2,(anonymous_0)
FNDA:5,(anonymous_1)
FNDA:3,(anonymous_2)
FNDA:3,(anonymous_3)
FNDA:3,(anonymous_4)
DA:1,28
DA:7,28
DA:8,28
DA:11,28
DA:13,2
DA:14,2
DA:15,1
DA:18,1
DA:21,28
DA:22,5
DA:23,5
DA:24,2
DA:27,3
DA:30,28
DA:31,3
DA:32,2
DA:33,0
DA:36,2
DA:39,28
DA:40,3
DA:42,3
DA:43,0
DA:46,3
DA:48,3
DA:49,2
DA:51,2
DA:57,2
DA:60,28
DA:61,3
DA:62,3
DA:63,1
DA:66,2
DA:70,2
DA:74,28
LF:34
LH:32
BRDA:11,0,0,2
BRDA:14,1,0,1
BRDA:14,1,1,1
BRDA:23,2,0,2
BRDA:23,2,1,3
BRDA:32,3,0,0
BRDA:32,3,1,2
BRDA:42,4,0,0
BRDA:42,4,1,3
BRDA:48,5,0,1
BRDA:48,5,1,2
BRDA:49,6,0,0
BRDA:49,6,1,2
BRDA:49,7,0,2
BRDA:49,7,1,2
BRDA:62,8,0,1
BRDA:62,8,1,2
BRF:17
BRH:14
end_of_record
TN:
SF:src\repositories\class.repository.js
FN:12,(anonymous_0)
FN:19,(anonymous_1)
FN:64,(anonymous_2)
FN:112,(anonymous_3)
FN:122,(anonymous_4)
FN:123,(anonymous_5)
FN:137,(anonymous_6)
FN:158,(anonymous_7)
FNF:8
FNH:8
FNDA:4,(anonymous_0)
FNDA:15,(anonymous_1)
FNDA:6,(anonymous_2)
FNDA:8,(anonymous_3)
FNDA:7,(anonymous_4)
FNDA:28,(anonymous_5)
FNDA:9,(anonymous_6)
FNDA:8,(anonymous_7)
DA:1,28
DA:3,28
DA:9,28
DA:12,28
DA:14,4
DA:15,4
DA:16,1
DA:19,3
DA:20,15
DA:58,15
DA:61,3
DA:64,28
DA:65,6
DA:66,6
DA:67,3
DA:70,3
DA:109,3
DA:112,28
DA:113,8
DA:115,2
DA:116,0
DA:119,2
DA:122,28
DA:123,7
DA:124,28
DA:125,28
DA:128,7
DA:130,1
DA:131,0
DA:134,1
DA:137,28
DA:138,9
DA:140,4
DA:141,0
DA:144,4
DA:146,4
DA:147,2
DA:149,2
DA:155,2
DA:158,28
DA:159,8
DA:160,8
DA:161,2
DA:164,6
DA:168,6
DA:172,28
LF:46
LH:43
BRDA:12,0,0,0
BRDA:15,1,0,1
BRDA:15,1,1,3
BRDA:66,2,0,3
BRDA:66,2,1,3
BRDA:115,3,0,0
BRDA:115,3,1,2
BRDA:124,4,0,20
BRDA:124,4,1,8
BRDA:130,5,0,0
BRDA:130,5,1,1
BRDA:140,6,0,0
BRDA:140,6,1,4
BRDA:146,7,0,2
BRDA:146,7,1,2
BRDA:147,8,0,0
BRDA:147,8,1,2
BRDA:147,9,0,2
BRDA:147,9,1,2
BRDA:160,10,0,2
BRDA:160,10,1,6
BRF:21
BRH:16
end_of_record
TN:
SF:src\repositories\classroom.repository.js
FN:10,(anonymous_0)
FN:20,(anonymous_1)
FN:29,(anonymous_2)
FN:38,(anonymous_3)
FN:59,(anonymous_4)
FNF:5
FNH:5
FNDA:2,(anonymous_0)
FNDA:5,(anonymous_1)
FNDA:3,(anonymous_2)
FNDA:4,(anonymous_3)
FNDA:3,(anonymous_4)
DA:1,28
DA:7,28
DA:8,28
DA:10,28
DA:12,2
DA:13,2
DA:14,1
DA:17,1
DA:20,28
DA:21,5
DA:22,5
DA:23,2
DA:26,3
DA:29,28
DA:30,3
DA:31,2
DA:32,0
DA:35,2
DA:38,28
DA:39,4
DA:41,3
DA:42,0
DA:45,3
DA:47,3
DA:48,2
DA:50,2
DA:56,2
DA:59,28
DA:60,3
DA:61,3
DA:62,1
DA:65,2
DA:69,2
DA:73,28
LF:34
LH:32
BRDA:10,0,0,2
BRDA:13,1,0,1
BRDA:13,1,1,1
BRDA:22,2,0,2
BRDA:22,2,1,3
BRDA:31,3,0,0
BRDA:31,3,1,2
BRDA:41,4,0,0
BRDA:41,4,1,3
BRDA:47,5,0,1
BRDA:47,5,1,2
BRDA:48,6,0,0
BRDA:48,6,1,2
BRDA:48,7,0,2
BRDA:48,7,1,2
BRDA:61,8,0,1
BRDA:61,8,1,2
BRF:17
BRH:14
end_of_record
TN:
SF:src\repositories\hangoutRequest.repository.js
FN:12,(anonymous_0)
FN:16,(anonymous_1)
FN:28,(anonymous_2)
FN:43,(anonymous_3)
FN:52,(anonymous_4)
FN:73,(anonymous_5)
FNF:6
FNH:6
FNDA:4,(anonymous_0)
FNDA:4,(anonymous_1)
FNDA:2,(anonymous_2)
FNDA:3,(anonymous_3)
FNDA:2,(anonymous_4)
FNDA:2,(anonymous_5)
DA:1,28
DA:7,28
DA:8,28
DA:12,28
DA:14,4
DA:16,4
DA:17,4
DA:22,4
DA:25,4
DA:28,28
DA:29,2
DA:30,2
DA:31,0
DA:34,2
DA:40,2
DA:43,28
DA:44,3
DA:45,2
DA:46,0
DA:49,2
DA:52,28
DA:53,2
DA:55,2
DA:56,0
DA:59,2
DA:61,2
DA:62,2
DA:64,2
DA:70,2
DA:73,28
DA:74,2
DA:75,2
DA:76,0
DA:79,2
DA:83,2
DA:87,28
LF:36
LH:32
BRDA:30,0,0,0
BRDA:30,0,1,2
BRDA:45,1,0,0
BRDA:45,1,1,2
BRDA:55,2,0,0
BRDA:55,2,1,2
BRDA:61,3,0,0
BRDA:61,3,1,2
BRDA:62,4,0,0
BRDA:62,4,1,2
BRDA:62,5,0,2
BRDA:62,5,1,2
BRDA:75,6,0,0
BRDA:75,6,1,2
BRF:14
BRH:8
end_of_record
TN:
SF:src\repositories\hobby.repository.js
FN:11,(anonymous_0)
FN:21,(anonymous_1)
FN:30,(anonymous_2)
FN:39,(anonymous_3)
FN:60,(anonymous_4)
FNF:5
FNH:5
FNDA:2,(anonymous_0)
FNDA:5,(anonymous_1)
FNDA:2,(anonymous_2)
FNDA:3,(anonymous_3)
FNDA:3,(anonymous_4)
DA:1,28
DA:7,28
DA:8,28
DA:11,28
DA:13,2
DA:14,2
DA:15,1
DA:18,1
DA:21,28
DA:22,5
DA:23,5
DA:24,2
DA:27,3
DA:30,28
DA:31,2
DA:32,2
DA:33,0
DA:36,2
DA:39,28
DA:40,3
DA:42,3
DA:43,0
DA:46,3
DA:48,3
DA:49,2
DA:51,2
DA:57,2
DA:60,28
DA:61,3
DA:62,3
DA:63,1
DA:66,2
DA:70,2
DA:74,28
LF:34
LH:32
BRDA:11,0,0,2
BRDA:14,1,0,1
BRDA:14,1,1,1
BRDA:23,2,0,2
BRDA:23,2,1,3
BRDA:32,3,0,0
BRDA:32,3,1,2
BRDA:42,4,0,0
BRDA:42,4,1,3
BRDA:48,5,0,1
BRDA:48,5,1,2
BRDA:49,6,0,0
BRDA:49,6,1,2
BRDA:49,7,0,2
BRDA:49,7,1,2
BRDA:62,8,0,1
BRDA:62,8,1,2
BRF:17
BRH:14
end_of_record
TN:
SF:src\repositories\interest.repository.js
FN:11,(anonymous_0)
FN:21,(anonymous_1)
FN:30,(anonymous_2)
FN:39,(anonymous_3)
FN:60,(anonymous_4)
FNF:5
FNH:5
FNDA:2,(anonymous_0)
FNDA:5,(anonymous_1)
FNDA:2,(anonymous_2)
FNDA:3,(anonymous_3)
FNDA:3,(anonymous_4)
DA:1,28
DA:7,28
DA:8,28
DA:11,28
DA:13,2
DA:14,2
DA:15,1
DA:18,1
DA:21,28
DA:22,5
DA:23,5
DA:24,2
DA:27,3
DA:30,28
DA:31,2
DA:32,2
DA:33,0
DA:36,2
DA:39,28
DA:40,3
DA:42,3
DA:43,0
DA:46,3
DA:48,3
DA:49,2
DA:51,2
DA:57,2
DA:60,28
DA:61,3
DA:62,3
DA:63,1
DA:66,2
DA:70,2
DA:74,28
LF:34
LH:32
BRDA:11,0,0,2
BRDA:14,1,0,1
BRDA:14,1,1,1
BRDA:23,2,0,2
BRDA:23,2,1,3
BRDA:32,3,0,0
BRDA:32,3,1,2
BRDA:42,4,0,0
BRDA:42,4,1,3
BRDA:48,5,0,1
BRDA:48,5,1,2
BRDA:49,6,0,0
BRDA:49,6,1,2
BRDA:49,7,0,2
BRDA:49,7,1,2
BRDA:62,8,0,1
BRDA:62,8,1,2
BRF:17
BRH:14
end_of_record
TN:
SF:src\repositories\post.repository.js
FN:14,(anonymous_0)
FN:105,(anonymous_1)
FN:193,(anonymous_2)
FN:199,(anonymous_3)
FN:235,(anonymous_4)
FN:256,(anonymous_5)
FNF:6
FNH:6
FNDA:3,(anonymous_0)
FNDA:6,(anonymous_1)
FNDA:5,(anonymous_2)
FNDA:3,(anonymous_3)
FNDA:2,(anonymous_4)
FNDA:4,(anonymous_5)
DA:1,28
DA:3,28
DA:4,28
DA:5,28
DA:11,28
DA:14,28
DA:16,3
DA:18,3
DA:19,3
DA:21,3
DA:22,31
DA:27,31
DA:29,31
DA:35,12
DA:37,12
DA:43,12
DA:46,12
DA:49,12
DA:51,11
DA:52,11
DA:56,12
DA:58,10
DA:59,10
DA:64,31
DA:66,30
DA:68,30
DA:70,16
DA:73,16
DA:81,31
DA:83,28
DA:85,28
DA:87,20
DA:90,20
DA:100,3
DA:102,3
DA:105,28
DA:106,6
DA:107,6
DA:108,3
DA:111,3
DA:113,3
DA:118,6
DA:120,6
DA:126,3
DA:128,3
DA:134,3
DA:137,3
DA:139,2
DA:140,2
DA:144,3
DA:146,3
DA:147,3
DA:152,6
DA:154,4
DA:156,4
DA:158,2
DA:161,2
DA:169,6
DA:171,6
DA:173,6
DA:175,6
DA:178,6
DA:187,3
DA:188,3
DA:190,3
DA:193,28
DA:194,5
DA:196,5
DA:199,28
DA:200,3
DA:202,3
DA:205,3
DA:206,3
DA:208,3
DA:209,0
DA:212,3
DA:214,3
DA:215,6
DA:220,6
DA:221,6
DA:222,0
DA:226,0
DA:227,0
DA:230,3
DA:232,3
DA:235,28
DA:236,2
DA:238,2
DA:239,0
DA:242,2
DA:244,2
DA:245,2
DA:247,2
DA:253,2
DA:256,28
DA:257,4
DA:258,4
DA:259,1
DA:262,3
DA:266,3
DA:270,28
LF:101
LH:96
BRDA:14,0,0,0
BRDA:29,1,0,12
BRDA:29,1,1,19
BRDA:49,2,0,1
BRDA:49,2,1,11
BRDA:56,3,0,2
BRDA:56,3,1,10
BRDA:64,4,0,30
BRDA:64,4,1,1
BRDA:68,5,0,16
BRDA:68,5,1,14
BRDA:81,6,0,28
BRDA:81,6,1,3
BRDA:85,7,0,20
BRDA:85,7,1,8
BRDA:107,8,0,3
BRDA:107,8,1,3
BRDA:120,9,0,3
BRDA:120,9,1,3
BRDA:137,10,0,1
BRDA:137,10,1,2
BRDA:144,11,0,0
BRDA:144,11,1,3
BRDA:152,12,0,4
BRDA:152,12,1,2
BRDA:156,13,0,2
BRDA:156,13,1,2
BRDA:169,14,0,6
BRDA:169,14,1,0
BRDA:173,15,0,6
BRDA:173,15,1,0
BRDA:208,16,0,0
BRDA:208,16,1,3
BRDA:221,17,0,0
BRDA:221,17,1,6
BRDA:238,18,0,0
BRDA:238,18,1,2
BRDA:244,19,0,0
BRDA:244,19,1,2
BRDA:245,20,0,0
BRDA:245,20,1,2
BRDA:245,21,0,2
BRDA:245,21,1,2
BRDA:258,22,0,1
BRDA:258,22,1,3
BRF:45
BRH:36
end_of_record
TN:
SF:src\repositories\postReaction.repository.js
FN:12,(anonymous_0)
FN:21,(anonymous_1)
FN:42,(anonymous_2)
FNF:3
FNH:3
FNDA:4,(anonymous_0)
FNDA:3,(anonymous_1)
FNDA:7,(anonymous_2)
DA:1,28
DA:7,28
DA:8,28
DA:12,28
DA:13,4
DA:14,3
DA:15,0
DA:18,3
DA:21,28
DA:22,3
DA:24,3
DA:25,0
DA:28,3
DA:30,3
DA:31,2
DA:33,2
DA:39,2
DA:42,28
DA:43,7
DA:44,7
DA:45,4
DA:48,3
DA:52,3
DA:56,28
LF:24
LH:22
BRDA:14,0,0,0
BRDA:14,0,1,3
BRDA:24,1,0,0
BRDA:24,1,1,3
BRDA:30,2,0,1
BRDA:30,2,1,2
BRDA:31,3,0,0
BRDA:31,3,1,2
BRDA:31,4,0,2
BRDA:31,4,1,2
BRDA:44,5,0,4
BRDA:44,5,1,3
BRF:12
BRH:9
end_of_record
TN:
SF:src\repositories\program.repository.js
FN:11,(anonymous_0)
FN:21,(anonymous_1)
FN:30,(anonymous_2)
FN:39,(anonymous_3)
FN:60,(anonymous_4)
FNF:5
FNH:5
FNDA:2,(anonymous_0)
FNDA:5,(anonymous_1)
FNDA:2,(anonymous_2)
FNDA:3,(anonymous_3)
FNDA:3,(anonymous_4)
DA:1,28
DA:7,28
DA:8,28
DA:11,28
DA:13,2
DA:14,2
DA:15,1
DA:18,1
DA:21,28
DA:22,5
DA:23,5
DA:24,2
DA:27,3
DA:30,28
DA:31,2
DA:32,2
DA:33,0
DA:36,2
DA:39,28
DA:40,3
DA:42,3
DA:43,0
DA:46,3
DA:48,3
DA:49,2
DA:51,2
DA:57,2
DA:60,28
DA:61,3
DA:62,3
DA:63,1
DA:66,2
DA:70,2
DA:74,28
LF:34
LH:32
BRDA:11,0,0,2
BRDA:14,1,0,1
BRDA:14,1,1,1
BRDA:23,2,0,2
BRDA:23,2,1,3
BRDA:32,3,0,0
BRDA:32,3,1,2
BRDA:42,4,0,0
BRDA:42,4,1,3
BRDA:48,5,0,1
BRDA:48,5,1,2
BRDA:49,6,0,0
BRDA:49,6,1,2
BRDA:49,7,0,2
BRDA:49,7,1,2
BRDA:62,8,0,1
BRDA:62,8,1,2
BRF:17
BRH:14
end_of_record
TN:
SF:src\repositories\reactionType.repository.js
FN:11,(anonymous_0)
FN:21,(anonymous_1)
FN:30,(anonymous_2)
FN:39,(anonymous_3)
FN:60,(anonymous_4)
FNF:5
FNH:5
FNDA:2,(anonymous_0)
FNDA:5,(anonymous_1)
FNDA:2,(anonymous_2)
FNDA:3,(anonymous_3)
FNDA:3,(anonymous_4)
DA:1,28
DA:7,28
DA:8,28
DA:11,28
DA:13,2
DA:14,2
DA:15,1
DA:18,1
DA:21,28
DA:22,5
DA:23,5
DA:24,2
DA:27,3
DA:30,28
DA:31,2
DA:32,2
DA:33,0
DA:36,2
DA:39,28
DA:40,3
DA:42,3
DA:43,0
DA:46,3
DA:48,3
DA:49,2
DA:51,2
DA:57,2
DA:60,28
DA:61,3
DA:62,3
DA:63,1
DA:66,2
DA:70,2
DA:74,28
LF:34
LH:32
BRDA:11,0,0,2
BRDA:14,1,0,1
BRDA:14,1,1,1
BRDA:23,2,0,2
BRDA:23,2,1,3
BRDA:32,3,0,0
BRDA:32,3,1,2
BRDA:42,4,0,0
BRDA:42,4,1,3
BRDA:48,5,0,1
BRDA:48,5,1,2
BRDA:49,6,0,0
BRDA:49,6,1,2
BRDA:49,7,0,2
BRDA:49,7,1,2
BRDA:62,8,0,1
BRDA:62,8,1,2
BRF:17
BRH:14
end_of_record
TN:
SF:src\repositories\savedActivity.repository.js
FN:10,(anonymous_0)
FN:19,(anonymous_1)
FNF:2
FNH:2
FNDA:6,(anonymous_0)
FNDA:6,(anonymous_1)
DA:1,28
DA:5,28
DA:6,28
DA:10,28
DA:11,6
DA:12,4
DA:13,0
DA:16,4
DA:19,28
DA:20,6
DA:21,6
DA:22,2
DA:25,4
DA:29,4
DA:33,28
LF:15
LH:14
BRDA:12,0,0,0
BRDA:12,0,1,4
BRDA:21,1,0,2
BRDA:21,1,1,4
BRF:4
BRH:3
end_of_record
TN:
SF:src\repositories\student.repository.js
FN:12,(anonymous_0)
FN:16,(anonymous_1)
FN:44,(anonymous_2)
FN:55,(anonymous_3)
FN:67,(anonymous_4)
FN:99,(anonymous_5)
FN:109,(anonymous_6)
FN:118,(anonymous_7)
FN:127,(anonymous_8)
FN:148,(anonymous_9)
FNF:10
FNH:10
FNDA:3,(anonymous_0)
FNDA:4,(anonymous_1)
FNDA:6,(anonymous_2)
FNDA:3,(anonymous_3)
FNDA:3,(anonymous_4)
FNDA:4,(anonymous_5)
FNDA:4,(anonymous_6)
FNDA:8,(anonymous_7)
FNDA:5,(anonymous_8)
FNDA:4,(anonymous_9)
DA:1,28
DA:2,28
DA:4,28
DA:9,28
DA:12,28
DA:14,3
DA:16,3
DA:28,4
DA:30,4
DA:38,4
DA:41,3
DA:44,28
DA:47,6
DA:48,3
DA:50,4
DA:52,4
DA:55,28
DA:56,3
DA:58,3
DA:59,0
DA:62,3
DA:64,3
DA:67,28
DA:68,3
DA:70,3
DA:71,2
DA:85,1
DA:87,1
DA:96,1
DA:99,28
DA:100,4
DA:102,4
DA:103,2
DA:106,2
DA:109,28
DA:110,4
DA:111,4
DA:112,2
DA:115,2
DA:118,28
DA:119,8
DA:120,8
DA:121,4
DA:124,4
DA:127,28
DA:128,5
DA:130,5
DA:131,0
DA:134,5
DA:136,5
DA:137,4
DA:139,4
DA:145,4
DA:148,28
DA:149,4
DA:150,4
DA:151,1
DA:154,3
DA:158,3
DA:162,28
LF:60
LH:58
BRDA:12,0,0,0
BRDA:30,1,0,1
BRDA:30,1,1,3
BRDA:47,2,0,3
BRDA:47,2,1,3
BRDA:58,3,0,0
BRDA:58,3,1,3
BRDA:70,4,0,2
BRDA:70,4,1,1
BRDA:87,5,0,0
BRDA:87,5,1,1
BRDA:102,6,0,2
BRDA:102,6,1,2
BRDA:111,7,0,2
BRDA:111,7,1,2
BRDA:120,8,0,4
BRDA:120,8,1,4
BRDA:130,9,0,0
BRDA:130,9,1,5
BRDA:136,10,0,1
BRDA:136,10,1,4
BRDA:137,11,0,0
BRDA:137,11,1,4
BRDA:137,12,0,4
BRDA:137,12,1,4
BRDA:150,13,0,1
BRDA:150,13,1,3
BRF:27
BRH:22
end_of_record
TN:
SF:src\repositories\studentConnection.repository.js
FN:12,(anonymous_0)
FN:16,(anonymous_1)
FN:28,(anonymous_2)
FN:32,(anonymous_3)
FN:44,(anonymous_4)
FN:53,(anonymous_5)
FN:62,(anonymous_6)
FN:83,(anonymous_7)
FNF:8
FNH:8
FNDA:4,(anonymous_0)
FNDA:2,(anonymous_1)
FNDA:3,(anonymous_2)
FNDA:2,(anonymous_3)
FNDA:2,(anonymous_4)
FNDA:6,(anonymous_5)
FNDA:2,(anonymous_6)
FNDA:3,(anonymous_7)
DA:1,28
DA:7,28
DA:8,28
DA:12,28
DA:14,4
DA:16,4
DA:17,2
DA:22,2
DA:25,4
DA:28,28
DA:30,3
DA:32,3
DA:33,2
DA:38,2
DA:41,3
DA:44,28
DA:45,2
DA:46,2
DA:47,0
DA:50,2
DA:53,28
DA:54,6
DA:55,3
DA:56,0
DA:59,3
DA:62,28
DA:63,2
DA:65,2
DA:66,0
DA:69,2
DA:71,2
DA:72,2
DA:74,2
DA:80,2
DA:83,28
DA:84,3
DA:85,3
DA:86,0
DA:89,3
DA:93,3
DA:97,28
LF:41
LH:37
BRDA:12,0,0,0
BRDA:46,1,0,0
BRDA:46,1,1,2
BRDA:55,2,0,0
BRDA:55,2,1,3
BRDA:65,3,0,0
BRDA:65,3,1,2
BRDA:71,4,0,0
BRDA:71,4,1,2
BRDA:72,5,0,0
BRDA:72,5,1,2
BRDA:72,6,0,2
BRDA:72,6,1,2
BRDA:85,7,0,0
BRDA:85,7,1,3
BRF:15
BRH:8
end_of_record
TN:
SF:src\repositories\studentStatus.repository.js
FN:11,(anonymous_0)
FN:21,(anonymous_1)
FN:30,(anonymous_2)
FN:39,(anonymous_3)
FN:60,(anonymous_4)
FNF:5
FNH:5
FNDA:2,(anonymous_0)
FNDA:5,(anonymous_1)
FNDA:2,(anonymous_2)
FNDA:3,(anonymous_3)
FNDA:3,(anonymous_4)
DA:1,28
DA:7,28
DA:8,28
DA:11,28
DA:13,2
DA:14,2
DA:15,1
DA:18,1
DA:21,28
DA:22,5
DA:23,5
DA:24,2
DA:27,3
DA:30,28
DA:31,2
DA:32,2
DA:33,0
DA:36,2
DA:39,28
DA:40,3
DA:42,3
DA:43,0
DA:46,3
DA:48,3
DA:49,2
DA:51,2
DA:57,2
DA:60,28
DA:61,3
DA:62,3
DA:63,1
DA:66,2
DA:70,2
DA:74,28
LF:34
LH:32
BRDA:11,0,0,2
BRDA:14,1,0,1
BRDA:14,1,1,1
BRDA:23,2,0,2
BRDA:23,2,1,3
BRDA:32,3,0,0
BRDA:32,3,1,2
BRDA:42,4,0,0
BRDA:42,4,1,3
BRDA:48,5,0,1
BRDA:48,5,1,2
BRDA:49,6,0,0
BRDA:49,6,1,2
BRDA:49,7,0,2
BRDA:49,7,1,2
BRDA:62,8,0,1
BRDA:62,8,1,2
BRF:17
BRH:14
end_of_record
TN:
SF:src\repositories\subject.repository.js
FN:11,(anonymous_0)
FN:21,(anonymous_1)
FN:30,(anonymous_2)
FN:39,(anonymous_3)
FN:60,(anonymous_4)
FNF:5
FNH:5
FNDA:2,(anonymous_0)
FNDA:5,(anonymous_1)
FNDA:2,(anonymous_2)
FNDA:3,(anonymous_3)
FNDA:3,(anonymous_4)
DA:1,28
DA:7,28
DA:8,28
DA:11,28
DA:13,2
DA:14,2
DA:15,1
DA:18,1
DA:21,28
DA:22,5
DA:23,5
DA:24,2
DA:27,3
DA:30,28
DA:31,2
DA:32,2
DA:33,0
DA:36,2
DA:39,28
DA:40,3
DA:42,3
DA:43,0
DA:46,3
DA:48,3
DA:49,2
DA:51,2
DA:57,2
DA:60,28
DA:61,3
DA:62,3
DA:63,1
DA:66,2
DA:70,2
DA:74,28
LF:34
LH:32
BRDA:11,0,0,2
BRDA:14,1,0,1
BRDA:14,1,1,1
BRDA:23,2,0,2
BRDA:23,2,1,3
BRDA:32,3,0,0
BRDA:32,3,1,2
BRDA:42,4,0,0
BRDA:42,4,1,3
BRDA:48,5,0,1
BRDA:48,5,1,2
BRDA:49,6,0,0
BRDA:49,6,1,2
BRDA:49,7,0,2
BRDA:49,7,1,2
BRDA:62,8,0,1
BRDA:62,8,1,2
BRF:17
BRH:14
end_of_record
TN:
SF:src\repositories\teacher.repository.js
FN:10,(anonymous_0)
FN:17,(anonymous_1)
FN:26,(anonymous_2)
FN:35,(anonymous_3)
FN:56,(anonymous_4)
FNF:5
FNH:5
FNDA:2,(anonymous_0)
FNDA:5,(anonymous_1)
FNDA:2,(anonymous_2)
FNDA:3,(anonymous_3)
FNDA:3,(anonymous_4)
DA:1,28
DA:7,28
DA:8,28
DA:10,28
DA:12,2
DA:14,2
DA:17,28
DA:18,5
DA:19,5
DA:20,2
DA:23,3
DA:26,28
DA:27,2
DA:28,2
DA:29,0
DA:32,2
DA:35,28
DA:36,3
DA:38,3
DA:39,0
DA:42,3
DA:44,3
DA:45,2
DA:47,2
DA:53,2
DA:56,28
DA:57,3
DA:58,3
DA:59,1
DA:62,2
DA:66,2
DA:70,28
LF:32
LH:30
BRDA:10,0,0,2
BRDA:19,1,0,2
BRDA:19,1,1,3
BRDA:28,2,0,0
BRDA:28,2,1,2
BRDA:38,3,0,0
BRDA:38,3,1,3
BRDA:44,4,0,1
BRDA:44,4,1,2
BRDA:45,5,0,0
BRDA:45,5,1,2
BRDA:45,6,0,2
BRDA:45,6,1,2
BRDA:58,7,0,1
BRDA:58,7,1,2
BRF:15
BRH:12
end_of_record
TN:
SF:src\repositories\teacherReview.repository.js
FN:14,(anonymous_0)
FN:18,(anonymous_1)
FN:30,(anonymous_2)
FN:45,(anonymous_3)
FN:52,(anonymous_4)
FN:59,(anonymous_5)
FN:68,(anonymous_6)
FN:103,(anonymous_7)
FNF:8
FNH:8
FNDA:2,(anonymous_0)
FNDA:2,(anonymous_1)
FNDA:4,(anonymous_2)
FNDA:6,(anonymous_3)
FNDA:4,(anonymous_4)
FNDA:2,(anonymous_5)
FNDA:4,(anonymous_6)
FNDA:2,(anonymous_7)
DA:1,28
DA:3,28
DA:4,28
DA:5,28
DA:10,28
DA:11,28
DA:14,28
DA:16,2
DA:18,2
DA:19,2
DA:24,2
DA:27,2
DA:30,28
DA:31,4
DA:32,4
DA:33,2
DA:36,2
DA:42,2
DA:45,28
DA:46,6
DA:47,6
DA:48,6
DA:52,28
DA:53,4
DA:54,4
DA:55,4
DA:56,4
DA:59,28
DA:60,2
DA:61,2
DA:63,2
DA:64,2
DA:65,2
DA:68,28
DA:69,4
DA:70,4
DA:72,4
DA:75,4
DA:76,4
DA:78,2
DA:79,0
DA:82,2
DA:83,2
DA:85,2
DA:90,2
DA:91,0
DA:94,2
DA:95,2
DA:98,2
DA:100,2
DA:103,28
DA:104,2
DA:108,2
DA:109,2
DA:111,2
DA:112,0
DA:114,2
DA:115,2
DA:117,2
DA:122,2
DA:123,0
DA:126,0
DA:127,0
DA:130,2
DA:132,2
DA:136,2
DA:140,28
LF:67
LH:61
BRDA:14,0,0,0
BRDA:32,1,0,2
BRDA:32,1,1,2
BRDA:78,2,0,0
BRDA:78,2,1,2
BRDA:90,3,0,0
BRDA:90,3,1,2
BRDA:111,4,0,0
BRDA:111,4,1,2
BRDA:122,5,0,0
BRDA:122,5,1,2
BRF:11
BRH:6
end_of_record
TN:
SF:src\repositories\term.repository.js
FN:11,(anonymous_0)
FN:21,(anonymous_1)
FN:30,(anonymous_2)
FN:39,(anonymous_3)
FN:60,(anonymous_4)
FNF:5
FNH:5
FNDA:2,(anonymous_0)
FNDA:5,(anonymous_1)
FNDA:2,(anonymous_2)
FNDA:3,(anonymous_3)
FNDA:3,(anonymous_4)
DA:1,28
DA:7,28
DA:8,28
DA:11,28
DA:13,2
DA:14,2
DA:15,1
DA:18,1
DA:21,28
DA:22,5
DA:23,5
DA:24,2
DA:27,3
DA:30,28
DA:31,2
DA:32,2
DA:33,0
DA:36,2
DA:39,28
DA:40,3
DA:42,3
DA:43,0
DA:46,3
DA:48,3
DA:49,2
DA:51,2
DA:57,2
DA:60,28
DA:61,3
DA:62,3
DA:63,1
DA:66,2
DA:70,2
DA:74,28
LF:34
LH:32
BRDA:11,0,0,2
BRDA:14,1,0,1
BRDA:14,1,1,1
BRDA:23,2,0,2
BRDA:23,2,1,3
BRDA:32,3,0,0
BRDA:32,3,1,2
BRDA:42,4,0,0
BRDA:42,4,1,3
BRDA:48,5,0,1
BRDA:48,5,1,2
BRDA:49,6,0,0
BRDA:49,6,1,2
BRDA:49,7,0,2
BRDA:49,7,1,2
BRDA:62,8,0,1
BRDA:62,8,1,2
BRF:17
BRH:14
end_of_record
TN:
SF:src\repositories\timeslot.repository.js
FN:12,(anonymous_0)
FN:27,(anonymous_1)
FN:39,(anonymous_2)
FN:53,(anonymous_3)
FN:82,(anonymous_4)
FNF:5
FNH:5
FNDA:2,(anonymous_0)
FNDA:5,(anonymous_1)
FNDA:3,(anonymous_2)
FNDA:4,(anonymous_3)
FNDA:3,(anonymous_4)
DA:1,28
DA:7,28
DA:8,28
DA:9,28
DA:12,28
DA:14,2
DA:15,2
DA:16,1
DA:19,1
DA:20,7
DA:21,7
DA:24,1
DA:27,28
DA:28,5
DA:29,5
DA:30,2
DA:33,3
DA:34,3
DA:36,3
DA:39,28
DA:40,3
DA:41,3
DA:42,1
DA:45,2
DA:46,2
DA:47,0
DA:50,2
DA:53,28
DA:54,4
DA:55,1
DA:57,1
DA:58,1
DA:62,3
DA:64,3
DA:65,0
DA:68,3
DA:70,3
DA:71,2
DA:73,2
DA:79,2
DA:82,28
DA:83,3
DA:84,3
DA:85,1
DA:88,2
DA:92,2
DA:96,28
LF:47
LH:45
BRDA:12,0,0,2
BRDA:15,1,0,1
BRDA:15,1,1,1
BRDA:29,2,0,2
BRDA:29,2,1,3
BRDA:41,3,0,1
BRDA:41,3,1,2
BRDA:46,4,0,0
BRDA:46,4,1,2
BRDA:54,5,0,1
BRDA:54,5,1,3
BRDA:54,6,0,4
BRDA:54,6,1,3
BRDA:57,7,0,1
BRDA:57,7,1,0
BRDA:64,8,0,0
BRDA:64,8,1,3
BRDA:70,9,0,1
BRDA:70,9,1,2
BRDA:71,10,0,0
BRDA:71,10,1,2
BRDA:71,11,0,2
BRDA:71,11,1,2
BRDA:84,12,0,1
BRDA:84,12,1,2
BRF:25
BRH:21
end_of_record
TN:
SF:src\repositories\timetable.repository.js
FN:15,(anonymous_0)
FN:25,(anonymous_1)
FN:27,(anonymous_2)
FN:40,(anonymous_3)
FN:44,(anonymous_4)
FN:66,(anonymous_5)
FN:94,(anonymous_6)
FN:102,(anonymous_7)
FN:155,(anonymous_8)
FN:170,(anonymous_9)
FN:187,(anonymous_10)
FN:228,(anonymous_11)
FN:237,(anonymous_12)
FN:244,(anonymous_13)
FN:265,(anonymous_14)
FNF:15
FNH:15
FNDA:3,(anonymous_0)
FNDA:2,(anonymous_1)
FNDA:8,(anonymous_2)
FNDA:4,(anonymous_3)
FNDA:2,(anonymous_4)
FNDA:6,(anonymous_5)
FNDA:6,(anonymous_6)
FNDA:16,(anonymous_7)
FNDA:2,(anonymous_8)
FNDA:6,(anonymous_9)
FNDA:2,(anonymous_10)
FNDA:3,(anonymous_11)
FNDA:4,(anonymous_12)
FNDA:3,(anonymous_13)
FNDA:2,(anonymous_14)
DA:1,28
DA:3,28
DA:4,28
DA:5,28
DA:11,28
DA:15,28
DA:17,3
DA:18,3
DA:19,1
DA:22,2
DA:25,28
DA:27,8
DA:30,2
DA:31,2
DA:33,2
DA:34,1
DA:37,1
DA:40,28
DA:43,4
DA:44,1
DA:45,2
DA:46,2
DA:48,1
DA:49,1
DA:54,1
DA:55,1
DA:58,3
DA:59,3
DA:61,3
DA:63,6
DA:66,3
DA:68,6
DA:69,6
DA:72,6
DA:73,6
DA:75,6
DA:78,3
DA:81,3
DA:82,2
DA:84,3
DA:85,3
DA:89,3
DA:94,28
DA:95,6
DA:96,6
DA:97,2
DA:100,4
DA:102,4
DA:103,16
DA:104,4
DA:105,4
DA:106,4
DA:107,4
DA:109,16
DA:147,16
DA:150,4
DA:152,4
DA:155,28
DA:156,2
DA:158,2
DA:161,2
DA:162,2
DA:164,2
DA:165,0
DA:168,2
DA:170,2
DA:171,6
DA:173,2
DA:174,2
DA:175,0
DA:178,0
DA:179,0
DA:182,2
DA:184,2
DA:187,28
DA:188,2
DA:190,2
DA:192,2
DA:194,2
DA:197,2
DA:198,0
DA:201,2
DA:203,2
DA:204,0
DA:208,2
DA:209,2
DA:211,2
DA:212,2
DA:214,2
DA:219,0
DA:220,0
DA:223,2
DA:225,2
DA:228,28
DA:229,3
DA:230,3
DA:232,3
DA:234,3
DA:235,3
DA:236,3
DA:237,4
DA:238,3
DA:239,2
DA:240,0
DA:243,2
DA:244,3
DA:245,2
DA:246,2
DA:247,0
DA:251,1
DA:252,1
DA:255,2
DA:257,2
DA:262,2
DA:265,28
DA:266,2
DA:267,2
DA:268,0
DA:271,2
DA:275,2
DA:279,28
LF:121
LH:110
BRDA:15,0,0,0
BRDA:18,1,0,1
BRDA:18,1,1,2
BRDA:33,2,0,1
BRDA:33,2,1,1
BRDA:43,3,0,1
BRDA:43,3,1,3
BRDA:43,4,0,4
BRDA:43,4,1,3
BRDA:43,4,2,3
BRDA:63,5,0,3
BRDA:63,5,1,3
BRDA:63,6,0,6
BRDA:63,6,1,3
BRDA:75,7,0,6
BRDA:75,7,1,3
BRDA:75,8,0,6
BRDA:75,8,1,4
BRDA:75,9,0,3
BRDA:75,9,1,0
BRDA:81,10,0,2
BRDA:81,10,1,1
BRDA:84,11,0,3
BRDA:84,11,1,0
BRDA:96,12,0,2
BRDA:96,12,1,4
BRDA:96,13,0,6
BRDA:96,13,1,6
BRDA:103,14,0,4
BRDA:103,14,1,12
BRDA:164,15,0,0
BRDA:164,15,1,2
BRDA:174,16,0,0
BRDA:174,16,1,2
BRDA:197,17,0,0
BRDA:197,17,1,2
BRDA:203,18,0,0
BRDA:203,18,1,2
BRDA:211,19,0,0
BRDA:211,19,1,2
BRDA:211,20,0,2
BRDA:211,20,1,0
BRDA:212,21,0,0
BRDA:212,21,1,2
BRDA:212,22,0,2
BRDA:212,22,1,2
BRDA:212,22,2,2
BRDA:212,22,3,2
BRDA:236,23,0,3
BRDA:236,23,1,0
BRDA:239,24,0,0
BRDA:239,24,1,2
BRDA:243,25,0,2
BRDA:243,25,1,0
BRDA:246,26,0,0
BRDA:246,26,1,2
BRDA:267,27,0,0
BRDA:267,27,1,2
BRF:58
BRH:43
end_of_record
TN:
SF:src\routes\activity.routes.js
FNF:0
FNH:0
DA:1,28
DA:2,28
DA:3,28
DA:4,28
DA:5,28
DA:7,28
DA:8,28
DA:15,28
DA:17,28
DA:24,28
DA:29,28
DA:36,28
DA:44,28
DA:52,28
DA:58,28
LF:15
LH:15
BRF:0
BRH:0
end_of_record
TN:
SF:src\routes\activityAttendee.routes.js
FNF:0
FNH:0
DA:1,28
DA:2,28
DA:3,28
DA:4,28
DA:5,28
DA:7,28
DA:8,28
DA:13,28
DA:15,28
DA:23,28
DA:31,28
DA:37,28
LF:12
LH:12
BRF:0
BRH:0
end_of_record
TN:
SF:src\routes\activityStatus.routes.js
FNF:0
FNH:0
DA:1,28
DA:2,28
DA:3,28
DA:4,28
DA:5,28
DA:6,28
DA:8,28
DA:9,28
DA:11,28
DA:15,28
DA:20,28
DA:27,28
DA:34,28
DA:39,28
LF:14
LH:14
BRF:0
BRH:0
end_of_record
TN:
SF:src\routes\activityType.routes.js
FNF:0
FNH:0
DA:1,28
DA:2,28
DA:3,28
DA:4,28
DA:5,28
DA:6,28
DA:8,28
DA:9,28
DA:11,28
DA:15,28
DA:20,28
DA:27,28
DA:34,28
DA:39,28
LF:14
LH:14
BRF:0
BRH:0
end_of_record
TN:
SF:src\routes\auth.routes.js
FNF:0
FNH:0
DA:1,28
DA:2,28
DA:3,28
DA:4,28
DA:6,28
DA:7,28
DA:15,28
DA:17,28
DA:23,28
DA:29,28
DA:35,28
DA:42,28
DA:49,28
DA:56,28
DA:63,28
DA:70,28
LF:16
LH:16
BRF:0
BRH:0
end_of_record
TN:
SF:src\routes\campus.routes.js
FNF:0
FNH:0
DA:1,28
DA:2,28
DA:3,28
DA:4,28
DA:5,28
DA:6,28
DA:8,28
DA:9,28
DA:11,28
DA:15,28
DA:20,28
DA:27,28
DA:34,28
DA:40,28
LF:14
LH:14
BRF:0
BRH:0
end_of_record
TN:
SF:src\routes\campusSpot.routes.js
FNF:0
FNH:0
DA:1,28
DA:2,28
DA:3,28
DA:4,28
DA:5,28
DA:6,28
DA:8,28
DA:9,28
DA:11,28
DA:15,28
DA:20,28
DA:27,28
DA:34,28
DA:40,28
LF:14
LH:14
BRF:0
BRH:0
end_of_record
TN:
SF:src\routes\class.routes.js
FNF:0
FNH:0
DA:1,28
DA:2,28
DA:3,28
DA:4,28
DA:5,28
DA:6,28
DA:8,28
DA:14,28
DA:16,28
DA:23,28
DA:28,28
DA:35,28
DA:42,28
DA:49,28
DA:54,28
LF:15
LH:15
BRF:0
BRH:0
end_of_record
TN:
SF:src\routes\classroom.routes.js
FNF:0
FNH:0
DA:1,28
DA:2,28
DA:3,28
DA:4,28
DA:5,28
DA:6,28
DA:8,28
DA:9,28
DA:11,28
DA:16,28
DA:21,28
DA:28,28
DA:35,28
DA:40,28
LF:14
LH:14
BRF:0
BRH:0
end_of_record
TN:
SF:src\routes\hangoutRequest.routes.js
FNF:0
FNH:0
DA:1,28
DA:2,28
DA:3,28
DA:4,28
DA:5,28
DA:7,28
DA:8,28
DA:14,28
DA:16,28
DA:24,28
DA:30,28
DA:38,28
DA:46,28
DA:52,28
LF:14
LH:14
BRF:0
BRH:0
end_of_record
TN:
SF:src\routes\healthCheck.routes.js
FNF:0
FNH:0
DA:1,28
DA:2,28
DA:3,28
DA:5,28
DA:7,28
DA:11,28
LF:6
LH:6
BRF:0
BRH:0
end_of_record
TN:
SF:src\routes\hobby.routes.js
FNF:0
FNH:0
DA:1,28
DA:2,28
DA:3,28
DA:4,28
DA:5,28
DA:7,28
DA:8,28
DA:9,28
DA:11,28
DA:15,28
DA:20,28
DA:27,28
DA:34,28
DA:39,28
LF:14
LH:14
BRF:0
BRH:0
end_of_record
TN:
SF:src\routes\interest.routes.js
FNF:0
FNH:0
DA:1,28
DA:2,28
DA:3,28
DA:4,28
DA:5,28
DA:6,28
DA:8,28
DA:9,28
DA:11,28
DA:15,28
DA:20,28
DA:27,28
DA:34,28
DA:39,28
LF:14
LH:14
BRF:0
BRH:0
end_of_record
TN:
SF:src\routes\post.routes.js
FNF:0
FNH:0
DA:1,28
DA:2,28
DA:3,28
DA:4,28
DA:5,28
DA:7,28
DA:8,28
DA:14,28
DA:16,28
DA:23,28
DA:28,28
DA:34,28
DA:42,28
DA:50,28
DA:56,28
LF:15
LH:15
BRF:0
BRH:0
end_of_record
TN:
SF:src\routes\postReaction.routes.js
FNF:0
FNH:0
DA:1,28
DA:2,28
DA:3,28
DA:4,28
DA:5,28
DA:7,28
DA:8,28
DA:13,28
DA:15,28
DA:23,28
DA:31,28
DA:37,28
LF:12
LH:12
BRF:0
BRH:0
end_of_record
TN:
SF:src\routes\program.routes.js
FNF:0
FNH:0
DA:1,28
DA:2,28
DA:3,28
DA:4,28
DA:5,28
DA:6,28
DA:8,28
DA:9,28
DA:11,28
DA:15,28
DA:20,28
DA:27,28
DA:34,28
DA:39,28
LF:14
LH:14
BRF:0
BRH:0
end_of_record
TN:
SF:src\routes\reactionType.routes.js
FNF:0
FNH:0
DA:1,28
DA:2,28
DA:3,28
DA:4,28
DA:5,28
DA:6,28
DA:8,28
DA:9,28
DA:11,28
DA:15,28
DA:20,28
DA:27,28
DA:34,28
DA:39,28
LF:14
LH:14
BRF:0
BRH:0
end_of_record
TN:
SF:src\routes\savedActivity.routes.js
FNF:0
FNH:0
DA:1,28
DA:2,28
DA:3,28
DA:4,28
DA:5,28
DA:7,28
DA:8,28
DA:9,28
DA:11,28
DA:19,28
DA:25,28
LF:11
LH:11
BRF:0
BRH:0
end_of_record
TN:
SF:src\routes\student.routes.js
FNF:0
FNH:0
DA:1,28
DA:2,28
DA:3,28
DA:4,28
DA:5,28
DA:7,28
DA:8,28
DA:15,28
DA:17,28
DA:24,28
DA:29,28
DA:36,28
DA:43,28
DA:51,28
DA:59,28
DA:64,28
LF:16
LH:16
BRF:0
BRH:0
end_of_record
TN:
SF:src\routes\studentConnection.routes.js
FNF:0
FNH:0
DA:1,28
DA:2,28
DA:3,28
DA:4,28
DA:5,28
DA:7,28
DA:8,28
DA:15,28
DA:17,28
DA:24,28
DA:32,28
DA:38,28
DA:46,28
DA:54,28
DA:60,28
LF:15
LH:15
BRF:0
BRH:0
end_of_record
TN:
SF:src\routes\studentStatus.routes.js
FNF:0
FNH:0
DA:1,28
DA:2,28
DA:3,28
DA:4,28
DA:5,28
DA:6,28
DA:8,28
DA:9,28
DA:11,28
DA:15,28
DA:20,28
DA:27,28
DA:34,28
DA:39,28
LF:14
LH:14
BRF:0
BRH:0
end_of_record
TN:
SF:src\routes\subject.routes.js
FNF:0
FNH:0
DA:1,28
DA:2,28
DA:3,28
DA:4,28
DA:5,28
DA:6,28
DA:8,28
DA:9,28
DA:11,28
DA:16,28
DA:21,28
DA:28,28
DA:35,28
DA:40,28
LF:14
LH:14
BRF:0
BRH:0
end_of_record
TN:
SF:src\routes\teacher.routes.js
FNF:0
FNH:0
DA:1,28
DA:2,28
DA:3,28
DA:4,28
DA:5,28
DA:6,28
DA:8,28
DA:9,28
DA:11,28
DA:16,28
DA:21,28
DA:28,28
DA:35,28
DA:40,28
LF:14
LH:14
BRF:0
BRH:0
end_of_record
TN:
SF:src\routes\teacherReview.routes.js
FNF:0
FNH:0
DA:1,28
DA:2,28
DA:3,28
DA:4,28
DA:5,28
DA:7,28
DA:8,28
DA:14,28
DA:16,28
DA:23,28
DA:28,28
DA:36,28
DA:44,28
LF:13
LH:13
BRF:0
BRH:0
end_of_record
TN:
SF:src\routes\term.routes.js
FNF:0
FNH:0
DA:1,28
DA:2,28
DA:3,28
DA:4,28
DA:5,28
DA:6,28
DA:8,28
DA:9,28
DA:11,28
DA:16,28
DA:21,28
DA:28,28
DA:35,28
DA:40,28
LF:14
LH:14
BRF:0
BRH:0
end_of_record
TN:
SF:src\routes\timeslot.routes.js
FNF:0
FNH:0
DA:1,28
DA:2,28
DA:3,28
DA:4,28
DA:5,28
DA:6,28
DA:8,28
DA:9,28
DA:11,28
DA:15,28
DA:20,28
DA:27,28
DA:34,28
DA:39,28
LF:14
LH:14
BRF:0
BRH:0
end_of_record
TN:
SF:src\routes\timetable.routes.js
FNF:0
FNH:0
DA:1,28
DA:2,28
DA:3,28
DA:4,28
DA:5,28
DA:6,28
DA:8,28
DA:17,28
DA:19,28
DA:27,28
DA:32,28
DA:40,28
DA:47,28
DA:55,28
DA:63,28
DA:69,28
LF:16
LH:16
BRF:0
BRH:0
end_of_record
TN:
SF:src\utils\common.utils.js
FN:3,(anonymous_0)
FN:11,(anonymous_1)
FN:19,(anonymous_2)
FN:34,(anonymous_3)
FN:41,(anonymous_4)
FN:46,(anonymous_5)
FN:59,(anonymous_6)
FN:67,(anonymous_7)
FN:75,(anonymous_8)
FN:81,(anonymous_9)
FN:82,(anonymous_10)
FNF:11
FNH:11
FNDA:196,(anonymous_0)
FNDA:647,(anonymous_1)
FNDA:12,(anonymous_2)
FNDA:20,(anonymous_3)
FNDA:2,(anonymous_4)
FNDA:12,(anonymous_5)
FNDA:123,(anonymous_6)
FNDA:153,(anonymous_7)
FNDA:10,(anonymous_8)
FNDA:1,(anonymous_9)
FNDA:1,(anonymous_10)
DA:1,29
DA:3,29
DA:4,196
DA:5,0
DA:8,196
DA:9,196
DA:11,647
DA:13,196
DA:19,29
DA:24,12
DA:26,12
DA:27,12
DA:28,12
DA:29,12
DA:31,12
DA:34,29
DA:35,20
DA:36,20
DA:37,20
DA:38,20
DA:41,29
DA:42,2
DA:43,2
DA:46,29
DA:48,12
DA:49,10
DA:52,10
DA:55,10
DA:56,10
DA:59,29
DA:60,123
DA:61,0
DA:64,123
DA:65,123
DA:67,153
DA:69,123
DA:75,29
DA:76,10
DA:77,10
DA:81,29
DA:82,1
DA:85,29
DA:86,29
DA:87,29
DA:88,29
DA:89,29
DA:90,29
DA:91,29
LF:48
LH:46
BRDA:4,0,0,0
BRDA:4,0,1,196
BRDA:26,1,0,12
BRDA:26,1,1,4
BRDA:26,1,2,4
BRDA:27,2,0,12
BRDA:27,2,1,4
BRDA:27,2,2,4
BRDA:28,3,0,4
BRDA:28,3,1,8
BRDA:29,4,0,4
BRDA:29,4,1,8
BRDA:37,5,0,0
BRDA:37,5,1,20
BRDA:42,6,0,2
BRDA:42,6,1,0
BRDA:48,7,0,2
BRDA:48,7,1,10
BRDA:52,8,0,0
BRDA:52,8,1,10
BRDA:60,9,0,0
BRDA:60,9,1,123
BRDA:76,10,0,10
BRDA:76,10,1,0
BRF:24
BRH:18
end_of_record
TN:
SF:src\utils\errorStatusCodes.utils.js
FNF:0
FNH:0
DA:1,29
LF:1
LH:1
BRF:0
BRH:0
end_of_record
TN:
SF:src\utils\responses.utils.js
FN:1,(anonymous_0)
FN:11,(anonymous_1)
FNF:2
FNH:2
FNDA:319,(anonymous_0)
FNDA:457,(anonymous_1)
DA:1,28
DA:2,319
DA:11,28
DA:12,457
LF:4
LH:4
BRDA:1,0,0,75
BRDA:17,1,0,457
BRDA:17,1,1,77
BRF:3
BRH:3
end_of_record
TN:
SF:src\utils\sendgrid.utils.js
FN:7,(anonymous_0)
FNF:1
FNH:0
FNDA:0,(anonymous_0)
DA:1,28
DA:2,28
DA:3,28
DA:5,28
DA:7,28
DA:8,0
DA:16,0
DA:17,0
DA:19,0
DA:20,0
DA:21,0
DA:22,0
LF:12
LH:5
BRDA:20,0,0,0
BRDA:20,0,1,0
BRF:2
BRH:0
end_of_record
TN:
SF:src\utils\tableNames.utils.js
FNF:0
FNH:0
DA:1,29
LF:1
LH:1
BRF:0
BRH:0
end_of_record
TN:
SF:src\utils\enums\activityFrequency.utils.js
FNF:0
FNH:0
DA:1,28
LF:1
LH:1
BRF:0
BRH:0
end_of_record
TN:
SF:src\utils\enums\activityLocation.utils.js
FNF:0
FNH:0
DA:1,28
LF:1
LH:1
BRF:0
BRH:0
end_of_record
TN:
SF:src\utils\enums\connectionStatus.utils.js
FNF:0
FNH:0
DA:1,28
LF:1
LH:1
BRF:0
BRH:0
end_of_record
TN:
SF:src\utils\enums\days.utils.js
FNF:0
FNH:0
DA:1,28
LF:1
LH:1
BRF:0
BRH:0
end_of_record
TN:
SF:src\utils\enums\genders.utils.js
FNF:0
FNH:0
DA:1,28
LF:1
LH:1
BRF:0
BRH:0
end_of_record
TN:
SF:src\utils\enums\hangoutRequestStatus.utils.js
FNF:0
FNH:0
DA:1,28
LF:1
LH:1
BRF:0
BRH:0
end_of_record
TN:
SF:src\utils\enums\involvementType.utils.js
FNF:0
FNH:0
DA:1,28
LF:1
LH:1
BRF:0
BRH:0
end_of_record
TN:
SF:src\utils\enums\privacy.utils.js
FNF:0
FNH:0
DA:1,28
LF:1
LH:1
BRF:0
BRH:0
end_of_record
TN:
SF:src\utils\enums\requestMethods.utils.js
FNF:0
FNH:0
DA:1,28
LF:1
LH:1
BRF:0
BRH:0
end_of_record
TN:
SF:src\utils\enums\resourceType.utils.js
FNF:0
FNH:0
DA:1,28
LF:1
LH:1
BRF:0
BRH:0
end_of_record
TN:
SF:src\utils\enums\roles.utils.js
FNF:0
FNH:0
DA:1,28
LF:1
LH:1
BRF:0
BRH:0
end_of_record
TN:
SF:src\utils\exceptions\api.exception.js
FN:5,(anonymous_0)
FN:17,(anonymous_1)
FN:23,(anonymous_2)
FN:29,(anonymous_3)
FN:35,(anonymous_4)
FNF:5
FNH:0
FNDA:0,(anonymous_0)
FNDA:0,(anonymous_1)
FNDA:0,(anonymous_2)
FNDA:0,(anonymous_3)
FNDA:0,(anonymous_4)
DA:1,28
DA:2,28
DA:6,0
DA:7,0
DA:8,0
DA:9,0
DA:10,0
DA:11,0
DA:12,0
DA:18,0
DA:24,0
DA:30,0
DA:36,0
DA:40,28
LF:14
LH:3
BRDA:5,0,0,0
BRDA:7,1,0,0
BRDA:7,1,1,0
BRDA:23,2,0,0
BRDA:29,3,0,0
BRF:5
BRH:0
end_of_record
TN:
SF:src\utils\exceptions\auth.exception.js
FN:5,(anonymous_0)
FN:17,(anonymous_1)
FN:23,(anonymous_2)
FN:29,(anonymous_3)
FN:35,(anonymous_4)
FN:41,(anonymous_5)
FN:47,(anonymous_6)
FN:53,(anonymous_7)
FN:59,(anonymous_8)
FN:65,(anonymous_9)
FNF:10
FNH:7
FNDA:212,(anonymous_0)
FNDA:88,(anonymous_1)
FNDA:113,(anonymous_2)
FNDA:1,(anonymous_3)
FNDA:0,(anonymous_4)
FNDA:0,(anonymous_5)
FNDA:1,(anonymous_6)
FNDA:2,(anonymous_7)
FNDA:7,(anonymous_8)
FNDA:0,(anonymous_9)
DA:1,28
DA:2,28
DA:6,212
DA:7,212
DA:8,212
DA:9,212
DA:10,212
DA:11,212
DA:12,212
DA:18,88
DA:24,113
DA:30,1
DA:36,0
DA:42,0
DA:48,1
DA:54,2
DA:60,7
DA:66,0
DA:70,28
LF:19
LH:16
BRDA:5,0,0,124
BRDA:7,1,0,0
BRDA:7,1,1,212
BRDA:17,2,0,88
BRDA:23,3,0,113
BRDA:29,4,0,0
BRDA:35,5,0,0
BRDA:41,6,0,0
BRDA:47,7,0,1
BRDA:53,8,0,1
BRDA:65,9,0,0
BRF:11
BRH:6
end_of_record
TN:
SF:src\utils\exceptions\database.exception.js
FN:5,(anonymous_0)
FN:18,(anonymous_1)
FN:24,(anonymous_2)
FN:30,(anonymous_3)
FN:36,(anonymous_4)
FN:42,(anonymous_5)
FN:48,(anonymous_6)
FN:54,(anonymous_7)
FNF:8
FNH:7
FNDA:173,(anonymous_0)
FNDA:125,(anonymous_1)
FNDA:4,(anonymous_2)
FNDA:36,(anonymous_3)
FNDA:1,(anonymous_4)
FNDA:1,(anonymous_5)
FNDA:1,(anonymous_6)
FNDA:0,(anonymous_7)
DA:1,29
DA:2,29
DA:6,173
DA:7,173
DA:8,173
DA:9,173
DA:10,173
DA:11,173
DA:12,173
DA:13,173
DA:19,125
DA:25,4
DA:31,36
DA:37,1
DA:43,1
DA:49,1
DA:55,0
DA:59,29
LF:18
LH:17
BRDA:5,0,0,5
BRDA:5,1,0,8
BRDA:7,2,0,0
BRDA:7,2,1,173
BRDA:54,3,0,0
BRF:5
BRH:3
end_of_record
TN:
SF:src\utils\exceptions\validation.exception.js
FN:5,(anonymous_0)
FN:17,(anonymous_1)
FNF:2
FNH:2
FNDA:77,(anonymous_0)
FNDA:77,(anonymous_1)
DA:1,28
DA:2,28
DA:6,77
DA:7,77
DA:8,77
DA:9,77
DA:10,77
DA:11,77
DA:12,77
DA:18,77
DA:22,28
LF:11
LH:11
BRDA:5,0,0,77
BRDA:7,1,0,0
BRDA:7,1,1,77
BRF:3
BRH:2
end_of_record
