TN:
SF:src\index.js
FN:7,(anonymous_0)
FNF:1
FNH:1
FNDA:1,(anonymous_0)
DA:1,1
DA:2,1
DA:5,1
DA:6,1
DA:7,1
DA:13,1
LF:6
LH:6
BRDA:5,0,0,0
BRDA:5,0,1,1
BRF:2
BRH:1
end_of_record
TN:
SF:src\server.js
FN:7,(anonymous_0)
FNF:1
FNH:1
FNDA:626,(anonymous_0)
DA:1,28
DA:2,28
DA:3,28
DA:4,28
DA:5,28
DA:7,28
DA:9,626
DA:12,626
DA:13,626
DA:16,626
DA:18,626
DA:22,28
DA:24,28
LF:13
LH:13
BRF:0
BRH:0
end_of_record
TN:
SF:src\configs\config.js
FNF:0
FNH:0
DA:1,28
LF:1
LH:1
BRDA:3,0,0,28
BRDA:3,0,1,0
BRDA:4,1,0,28
BRDA:4,1,1,0
BRDA:5,2,0,28
BRDA:5,2,1,0
BRDA:6,3,0,28
BRDA:6,3,1,0
BRDA:7,4,0,28
BRDA:7,4,1,28
BRDA:8,5,0,28
BRDA:8,5,1,0
BRDA:9,6,0,28
BRDA:9,6,1,0
BRDA:10,7,0,28
BRDA:10,7,1,0
BRDA:13,8,0,28
BRDA:13,8,1,0
BRDA:14,9,0,28
BRDA:14,9,1,0
BRF:20
BRH:11
end_of_record
TN:
SF:src\controllers\activity.controller.js
FN:4,(anonymous_0)
FN:9,(anonymous_1)
FN:14,(anonymous_2)
FN:19,(anonymous_3)
FN:24,(anonymous_4)
FN:29,(anonymous_5)
FNF:6
FNH:0
FNDA:0,(anonymous_0)
FNDA:0,(anonymous_1)
FNDA:0,(anonymous_2)
FNDA:0,(anonymous_3)
FNDA:0,(anonymous_4)
FNDA:0,(anonymous_5)
DA:1,28
DA:4,28
DA:5,0
DA:6,0
DA:9,28
DA:10,0
DA:11,0
DA:14,28
DA:15,0
DA:16,0
DA:19,28
DA:20,0
DA:21,0
DA:24,28
DA:25,0
DA:26,0
DA:29,28
DA:30,0
DA:31,0
DA:35,28
LF:20
LH:8
BRF:0
BRH:0
end_of_record
TN:
SF:src\controllers\activityAttendee.controller.js
FN:5,(anonymous_0)
FN:11,(anonymous_1)
FN:20,(anonymous_2)
FNF:3
FNH:0
FNDA:0,(anonymous_0)
FNDA:0,(anonymous_1)
FNDA:0,(anonymous_2)
DA:1,28
DA:5,28
DA:6,0
DA:7,0
DA:8,0
DA:11,28
DA:12,0
DA:16,0
DA:17,0
DA:20,28
DA:21,0
DA:25,0
DA:26,0
DA:30,28
LF:14
LH:5
BRF:0
BRH:0
end_of_record
TN:
SF:src\controllers\activityStatus.controller.js
FN:4,(anonymous_0)
FN:9,(anonymous_1)
FN:14,(anonymous_2)
FN:19,(anonymous_3)
FN:24,(anonymous_4)
FNF:5
FNH:1
FNDA:2,(anonymous_0)
FNDA:0,(anonymous_1)
FNDA:0,(anonymous_2)
FNDA:0,(anonymous_3)
FNDA:0,(anonymous_4)
DA:1,28
DA:4,28
DA:5,2
DA:6,0
DA:9,28
DA:10,0
DA:11,0
DA:14,28
DA:15,0
DA:16,0
DA:19,28
DA:20,0
DA:21,0
DA:24,28
DA:25,0
DA:26,0
DA:30,28
LF:17
LH:8
BRF:0
BRH:0
end_of_record
TN:
SF:src\controllers\activityType.controller.js
FN:4,(anonymous_0)
FN:9,(anonymous_1)
FN:14,(anonymous_2)
FN:19,(anonymous_3)
FN:24,(anonymous_4)
FNF:5
FNH:1
FNDA:2,(anonymous_0)
FNDA:0,(anonymous_1)
FNDA:0,(anonymous_2)
FNDA:0,(anonymous_3)
FNDA:0,(anonymous_4)
DA:1,28
DA:4,28
DA:5,2
DA:6,0
DA:9,28
DA:10,0
DA:11,0
DA:14,28
DA:15,0
DA:16,0
DA:19,28
DA:20,0
DA:21,0
DA:24,28
DA:25,0
DA:26,0
DA:30,28
LF:17
LH:8
BRF:0
BRH:0
end_of_record
TN:
SF:src\controllers\auth.controller.js
FN:6,(anonymous_0)
FN:11,(anonymous_1)
FN:17,(anonymous_2)
FN:22,(anonymous_3)
FN:27,(anonymous_4)
FN:32,(anonymous_5)
FN:37,(anonymous_6)
FN:42,(anonymous_7)
FNF:8
FNH:8
FNDA:3,(anonymous_0)
FNDA:2,(anonymous_1)
FNDA:2,(anonymous_2)
FNDA:5,(anonymous_3)
FNDA:3,(anonymous_4)
FNDA:2,(anonymous_5)
FNDA:2,(anonymous_6)
FNDA:2,(anonymous_7)
DA:1,28
DA:2,28
DA:6,28
DA:7,3
DA:8,0
DA:11,28
DA:12,2
DA:13,2
DA:14,0
DA:17,28
DA:18,2
DA:19,0
DA:22,28
DA:23,5
DA:24,0
DA:27,28
DA:28,3
DA:29,0
DA:32,28
DA:33,2
DA:34,0
DA:37,28
DA:38,2
DA:39,0
DA:42,28
DA:43,2
DA:44,0
DA:48,28
LF:28
LH:20
BRF:0
BRH:0
end_of_record
TN:
SF:src\controllers\campus.controller.js
FN:4,(anonymous_0)
FN:9,(anonymous_1)
FN:14,(anonymous_2)
FN:19,(anonymous_3)
FN:24,(anonymous_4)
FNF:5
FNH:1
FNDA:2,(anonymous_0)
FNDA:0,(anonymous_1)
FNDA:0,(anonymous_2)
FNDA:0,(anonymous_3)
FNDA:0,(anonymous_4)
DA:1,28
DA:4,28
DA:5,2
DA:6,0
DA:9,28
DA:10,0
DA:11,0
DA:14,28
DA:15,0
DA:16,0
DA:19,28
DA:20,0
DA:21,0
DA:24,28
DA:25,0
DA:26,0
DA:30,28
LF:17
LH:8
BRF:0
BRH:0
end_of_record
TN:
SF:src\controllers\campusSpot.controller.js
FN:4,(anonymous_0)
FN:9,(anonymous_1)
FN:14,(anonymous_2)
FN:19,(anonymous_3)
FN:24,(anonymous_4)
FNF:5
FNH:1
FNDA:2,(anonymous_0)
FNDA:0,(anonymous_1)
FNDA:0,(anonymous_2)
FNDA:0,(anonymous_3)
FNDA:0,(anonymous_4)
DA:1,28
DA:4,28
DA:5,2
DA:6,0
DA:9,28
DA:10,0
DA:11,0
DA:14,28
DA:15,0
DA:16,0
DA:19,28
DA:20,0
DA:21,0
DA:24,28
DA:25,0
DA:26,0
DA:30,28
LF:17
LH:8
BRF:0
BRH:0
end_of_record
TN:
SF:src\controllers\class.controller.js
FN:4,(anonymous_0)
FN:9,(anonymous_1)
FN:14,(anonymous_2)
FN:19,(anonymous_3)
FN:24,(anonymous_4)
FN:29,(anonymous_5)
FNF:6
FNH:0
FNDA:0,(anonymous_0)
FNDA:0,(anonymous_1)
FNDA:0,(anonymous_2)
FNDA:0,(anonymous_3)
FNDA:0,(anonymous_4)
FNDA:0,(anonymous_5)
DA:1,28
DA:4,28
DA:5,0
DA:6,0
DA:9,28
DA:10,0
DA:11,0
DA:14,28
DA:15,0
DA:16,0
DA:19,28
DA:20,0
DA:21,0
DA:24,28
DA:25,0
DA:26,0
DA:29,28
DA:30,0
DA:31,0
DA:35,28
LF:20
LH:8
BRF:0
BRH:0
end_of_record
TN:
SF:src\controllers\classroom.controller.js
FN:4,(anonymous_0)
FN:9,(anonymous_1)
FN:14,(anonymous_2)
FN:19,(anonymous_3)
FN:24,(anonymous_4)
FNF:5
FNH:0
FNDA:0,(anonymous_0)
FNDA:0,(anonymous_1)
FNDA:0,(anonymous_2)
FNDA:0,(anonymous_3)
FNDA:0,(anonymous_4)
DA:1,28
DA:4,28
DA:5,0
DA:6,0
DA:9,28
DA:10,0
DA:11,0
DA:14,28
DA:15,0
DA:16,0
DA:19,28
DA:20,0
DA:21,0
DA:24,28
DA:25,0
DA:26,0
DA:30,28
LF:17
LH:7
BRF:0
BRH:0
end_of_record
TN:
SF:src\controllers\hangoutRequest.controller.js
FN:5,(anonymous_0)
FN:10,(anonymous_1)
FN:15,(anonymous_2)
FN:20,(anonymous_3)
FN:25,(anonymous_4)
FNF:5
FNH:0
FNDA:0,(anonymous_0)
FNDA:0,(anonymous_1)
FNDA:0,(anonymous_2)
FNDA:0,(anonymous_3)
FNDA:0,(anonymous_4)
DA:1,28
DA:5,28
DA:6,0
DA:7,0
DA:10,28
DA:11,0
DA:12,0
DA:15,28
DA:16,0
DA:17,0
DA:20,28
DA:21,0
DA:22,0
DA:25,28
DA:26,0
DA:27,0
DA:31,28
LF:17
LH:7
BRF:0
BRH:0
end_of_record
TN:
SF:src\controllers\healthCheck.controller.js
FN:6,(anonymous_0)
FNF:1
FNH:1
FNDA:1,(anonymous_0)
DA:1,28
DA:3,28
DA:6,28
DA:7,1
DA:13,1
DA:14,1
DA:15,1
DA:16,1
DA:18,0
DA:19,0
DA:20,0
DA:23,0
DA:24,0
DA:29,28
LF:14
LH:9
BRF:0
BRH:0
end_of_record
TN:
SF:src\controllers\hobby.controller.js
FN:4,(anonymous_0)
FN:9,(anonymous_1)
FN:14,(anonymous_2)
FN:19,(anonymous_3)
FN:24,(anonymous_4)
FNF:5
FNH:1
FNDA:2,(anonymous_0)
FNDA:0,(anonymous_1)
FNDA:0,(anonymous_2)
FNDA:0,(anonymous_3)
FNDA:0,(anonymous_4)
DA:1,28
DA:4,28
DA:5,2
DA:6,0
DA:9,28
DA:10,0
DA:11,0
DA:14,28
DA:15,0
DA:16,0
DA:19,28
DA:20,0
DA:21,0
DA:24,28
DA:25,0
DA:26,0
DA:30,28
LF:17
LH:8
BRF:0
BRH:0
end_of_record
TN:
SF:src\controllers\interest.controller.js
FN:4,(anonymous_0)
FN:9,(anonymous_1)
FN:14,(anonymous_2)
FN:19,(anonymous_3)
FN:24,(anonymous_4)
FNF:5
FNH:1
FNDA:2,(anonymous_0)
FNDA:0,(anonymous_1)
FNDA:0,(anonymous_2)
FNDA:0,(anonymous_3)
FNDA:0,(anonymous_4)
DA:1,28
DA:4,28
DA:5,2
DA:6,0
DA:9,28
DA:10,0
DA:11,0
DA:14,28
DA:15,0
DA:16,0
DA:19,28
DA:20,0
DA:21,0
DA:24,28
DA:25,0
DA:26,0
DA:30,28
LF:17
LH:8
BRF:0
BRH:0
end_of_record
TN:
SF:src\controllers\post.controller.js
FN:4,(anonymous_0)
FN:9,(anonymous_1)
FN:14,(anonymous_2)
FN:19,(anonymous_3)
FN:24,(anonymous_4)
FN:29,(anonymous_5)
FNF:6
FNH:0
FNDA:0,(anonymous_0)
FNDA:0,(anonymous_1)
FNDA:0,(anonymous_2)
FNDA:0,(anonymous_3)
FNDA:0,(anonymous_4)
FNDA:0,(anonymous_5)
DA:1,28
DA:4,28
DA:5,0
DA:6,0
DA:9,28
DA:10,0
DA:11,0
DA:14,28
DA:15,0
DA:16,0
DA:19,28
DA:20,0
DA:21,0
DA:24,28
DA:25,0
DA:26,0
DA:29,28
DA:30,0
DA:31,0
DA:35,28
LF:20
LH:8
BRF:0
BRH:0
end_of_record
TN:
SF:src\controllers\postReaction.controller.js
FN:5,(anonymous_0)
FN:11,(anonymous_1)
FN:20,(anonymous_2)
FNF:3
FNH:0
FNDA:0,(anonymous_0)
FNDA:0,(anonymous_1)
FNDA:0,(anonymous_2)
DA:1,28
DA:5,28
DA:6,0
DA:7,0
DA:8,0
DA:11,28
DA:12,0
DA:16,0
DA:17,0
DA:20,28
DA:21,0
DA:25,0
DA:26,0
DA:30,28
LF:14
LH:5
BRF:0
BRH:0
end_of_record
TN:
SF:src\controllers\program.controller.js
FN:4,(anonymous_0)
FN:9,(anonymous_1)
FN:14,(anonymous_2)
FN:19,(anonymous_3)
FN:24,(anonymous_4)
FNF:5
FNH:1
FNDA:2,(anonymous_0)
FNDA:0,(anonymous_1)
FNDA:0,(anonymous_2)
FNDA:0,(anonymous_3)
FNDA:0,(anonymous_4)
DA:1,28
DA:4,28
DA:5,2
DA:6,0
DA:9,28
DA:10,0
DA:11,0
DA:14,28
DA:15,0
DA:16,0
DA:19,28
DA:20,0
DA:21,0
DA:24,28
DA:25,0
DA:26,0
DA:30,28
LF:17
LH:8
BRF:0
BRH:0
end_of_record
TN:
SF:src\controllers\reactionType.controller.js
FN:4,(anonymous_0)
FN:9,(anonymous_1)
FN:14,(anonymous_2)
FN:19,(anonymous_3)
FN:24,(anonymous_4)
FNF:5
FNH:1
FNDA:2,(anonymous_0)
FNDA:0,(anonymous_1)
FNDA:0,(anonymous_2)
FNDA:0,(anonymous_3)
FNDA:0,(anonymous_4)
DA:1,28
DA:4,28
DA:5,2
DA:6,0
DA:9,28
DA:10,0
DA:11,0
DA:14,28
DA:15,0
DA:16,0
DA:19,28
DA:20,0
DA:21,0
DA:24,28
DA:25,0
DA:26,0
DA:30,28
LF:17
LH:8
BRF:0
BRH:0
end_of_record
TN:
SF:src\controllers\savedActivity.controller.js
FN:5,(anonymous_0)
FN:11,(anonymous_1)
FNF:2
FNH:0
FNDA:0,(anonymous_0)
FNDA:0,(anonymous_1)
DA:1,28
DA:5,28
DA:6,0
DA:7,0
DA:8,0
DA:11,28
DA:12,0
DA:16,0
DA:17,0
DA:21,28
LF:10
LH:4
BRF:0
BRH:0
end_of_record
TN:
SF:src\controllers\student.controller.js
FN:4,(anonymous_0)
FN:9,(anonymous_1)
FN:14,(anonymous_2)
FN:19,(anonymous_3)
FN:24,(anonymous_4)
FN:29,(anonymous_5)
FN:34,(anonymous_6)
FNF:7
FNH:0
FNDA:0,(anonymous_0)
FNDA:0,(anonymous_1)
FNDA:0,(anonymous_2)
FNDA:0,(anonymous_3)
FNDA:0,(anonymous_4)
FNDA:0,(anonymous_5)
FNDA:0,(anonymous_6)
DA:1,28
DA:4,28
DA:5,0
DA:6,0
DA:9,28
DA:10,0
DA:11,0
DA:14,28
DA:15,0
DA:16,0
DA:19,28
DA:20,0
DA:21,0
DA:24,28
DA:25,0
DA:26,0
DA:29,28
DA:30,0
DA:31,0
DA:34,28
DA:35,0
DA:36,0
DA:40,28
LF:23
LH:9
BRF:0
BRH:0
end_of_record
TN:
SF:src\controllers\studentConnection.controller.js
FN:5,(anonymous_0)
FN:10,(anonymous_1)
FN:15,(anonymous_2)
FN:20,(anonymous_3)
FN:25,(anonymous_4)
FN:30,(anonymous_5)
FNF:6
FNH:0
FNDA:0,(anonymous_0)
FNDA:0,(anonymous_1)
FNDA:0,(anonymous_2)
FNDA:0,(anonymous_3)
FNDA:0,(anonymous_4)
FNDA:0,(anonymous_5)
DA:1,28
DA:5,28
DA:6,0
DA:7,0
DA:10,28
DA:11,0
DA:12,0
DA:15,28
DA:16,0
DA:17,0
DA:20,28
DA:21,0
DA:22,0
DA:25,28
DA:26,0
DA:27,0
DA:30,28
DA:31,0
DA:32,0
DA:36,28
LF:20
LH:8
BRF:0
BRH:0
end_of_record
TN:
SF:src\controllers\studentStatus.controller.js
FN:4,(anonymous_0)
FN:9,(anonymous_1)
FN:14,(anonymous_2)
FN:19,(anonymous_3)
FN:24,(anonymous_4)
FNF:5
FNH:1
FNDA:2,(anonymous_0)
FNDA:0,(anonymous_1)
FNDA:0,(anonymous_2)
FNDA:0,(anonymous_3)
FNDA:0,(anonymous_4)
DA:1,28
DA:4,28
DA:5,2
DA:6,0
DA:9,28
DA:10,0
DA:11,0
DA:14,28
DA:15,0
DA:16,0
DA:19,28
DA:20,0
DA:21,0
DA:24,28
DA:25,0
DA:26,0
DA:30,28
LF:17
LH:8
BRF:0
BRH:0
end_of_record
TN:
SF:src\controllers\subject.controller.js
FN:4,(anonymous_0)
FN:9,(anonymous_1)
FN:14,(anonymous_2)
FN:19,(anonymous_3)
FN:24,(anonymous_4)
FNF:5
FNH:0
FNDA:0,(anonymous_0)
FNDA:0,(anonymous_1)
FNDA:0,(anonymous_2)
FNDA:0,(anonymous_3)
FNDA:0,(anonymous_4)
DA:1,28
DA:4,28
DA:5,0
DA:6,0
DA:9,28
DA:10,0
DA:11,0
DA:14,28
DA:15,0
DA:16,0
DA:19,28
DA:20,0
DA:21,0
DA:24,28
DA:25,0
DA:26,0
DA:30,28
LF:17
LH:7
BRF:0
BRH:0
end_of_record
TN:
SF:src\controllers\teacher.controller.js
FN:4,(anonymous_0)
FN:9,(anonymous_1)
FN:14,(anonymous_2)
FN:19,(anonymous_3)
FN:24,(anonymous_4)
FNF:5
FNH:0
FNDA:0,(anonymous_0)
FNDA:0,(anonymous_1)
FNDA:0,(anonymous_2)
FNDA:0,(anonymous_3)
FNDA:0,(anonymous_4)
DA:1,28
DA:4,28
DA:5,0
DA:6,0
DA:9,28
DA:10,0
DA:11,0
DA:14,28
DA:15,0
DA:16,0
DA:19,28
DA:20,0
DA:21,0
DA:24,28
DA:25,0
DA:26,0
DA:30,28
LF:17
LH:7
BRF:0
BRH:0
end_of_record
TN:
SF:src\controllers\teacherReview.controller.js
FN:4,(anonymous_0)
FN:9,(anonymous_1)
FN:14,(anonymous_2)
FN:19,(anonymous_3)
FNF:4
FNH:0
FNDA:0,(anonymous_0)
FNDA:0,(anonymous_1)
FNDA:0,(anonymous_2)
FNDA:0,(anonymous_3)
DA:1,28
DA:4,28
DA:5,0
DA:6,0
DA:9,28
DA:10,0
DA:11,0
DA:14,28
DA:15,0
DA:16,0
DA:19,28
DA:20,0
DA:21,0
DA:25,28
LF:14
LH:6
BRF:0
BRH:0
end_of_record
TN:
SF:src\controllers\term.controller.js
FN:4,(anonymous_0)
FN:9,(anonymous_1)
FN:14,(anonymous_2)
FN:19,(anonymous_3)
FN:24,(anonymous_4)
FNF:5
FNH:0
FNDA:0,(anonymous_0)
FNDA:0,(anonymous_1)
FNDA:0,(anonymous_2)
FNDA:0,(anonymous_3)
FNDA:0,(anonymous_4)
DA:1,28
DA:4,28
DA:5,0
DA:6,0
DA:9,28
DA:10,0
DA:11,0
DA:14,28
DA:15,0
DA:16,0
DA:19,28
DA:20,0
DA:21,0
DA:24,28
DA:25,0
DA:26,0
DA:30,28
LF:17
LH:7
BRF:0
BRH:0
end_of_record
TN:
SF:src\controllers\timeslot.controller.js
FN:4,(anonymous_0)
FN:9,(anonymous_1)
FN:14,(anonymous_2)
FN:19,(anonymous_3)
FN:24,(anonymous_4)
FNF:5
FNH:1
FNDA:2,(anonymous_0)
FNDA:0,(anonymous_1)
FNDA:0,(anonymous_2)
FNDA:0,(anonymous_3)
FNDA:0,(anonymous_4)
DA:1,28
DA:4,28
DA:5,2
DA:6,0
DA:9,28
DA:10,0
DA:11,0
DA:14,28
DA:15,0
DA:16,0
DA:19,28
DA:20,0
DA:21,0
DA:24,28
DA:25,0
DA:26,0
DA:30,28
LF:17
LH:8
BRF:0
BRH:0
end_of_record
TN:
SF:src\controllers\timetable.controller.js
FN:4,(anonymous_0)
FN:9,(anonymous_1)
FN:14,(anonymous_2)
FN:19,(anonymous_3)
FN:24,(anonymous_4)
FN:29,(anonymous_5)
FN:34,(anonymous_6)
FNF:7
FNH:0
FNDA:0,(anonymous_0)
FNDA:0,(anonymous_1)
FNDA:0,(anonymous_2)
FNDA:0,(anonymous_3)
FNDA:0,(anonymous_4)
FNDA:0,(anonymous_5)
FNDA:0,(anonymous_6)
DA:1,28
DA:4,28
DA:5,0
DA:6,0
DA:9,28
DA:10,0
DA:11,0
DA:14,28
DA:15,0
DA:16,0
DA:19,28
DA:20,0
DA:21,0
DA:24,28
DA:25,0
DA:26,0
DA:29,28
DA:30,0
DA:31,0
DA:34,28
DA:35,0
DA:36,0
DA:40,28
LF:23
LH:9
BRF:0
BRH:0
end_of_record
TN:
SF:src\db\db-service.js
FN:11,(anonymous_0)
FN:24,(anonymous_1)
FN:25,(anonymous_2)
FN:41,(anonymous_3)
FN:42,(anonymous_4)
FN:43,(anonymous_5)
FN:65,(anonymous_6)
FN:82,(anonymous_7)
FN:95,(anonymous_8)
FN:96,(anonymous_9)
FN:97,(anonymous_10)
FNF:11
FNH:8
FNDA:28,(anonymous_0)
FNDA:28,(anonymous_1)
FNDA:28,(anonymous_2)
FNDA:467,(anonymous_3)
FNDA:467,(anonymous_4)
FNDA:467,(anonymous_5)
FNDA:467,(anonymous_6)
FNDA:467,(anonymous_7)
FNDA:0,(anonymous_8)
FNDA:0,(anonymous_9)
FNDA:0,(anonymous_10)
DA:1,28
DA:6,28
DA:7,28
DA:8,28
DA:12,28
DA:13,28
DA:25,28
DA:26,28
DA:27,28
DA:28,0
DA:29,28
DA:30,0
DA:31,28
DA:32,28
DA:35,0
DA:36,0
DA:41,28
DA:42,467
DA:43,467
DA:44,467
DA:45,467
DA:46,467
DA:48,0
DA:50,467
DA:51,0
DA:52,0
DA:55,467
DA:57,467
DA:58,467
DA:59,467
DA:60,0
DA:62,0
DA:63,0
DA:66,467
DA:67,0
DA:68,0
DA:71,467
DA:72,467
DA:73,0
DA:74,0
DA:75,0
DA:78,467
DA:82,28
DA:83,467
DA:84,467
DA:85,467
DA:86,467
DA:87,467
DA:89,467
DA:95,28
DA:96,0
DA:97,0
DA:98,0
DA:100,0
DA:101,0
DA:102,0
DA:103,0
DA:104,0
DA:105,0
DA:107,0
DA:109,0
DA:117,28
DA:123,28
LF:63
LH:37
BRDA:12,0,0,28
BRDA:12,0,1,0
BRDA:26,1,0,28
BRDA:26,1,1,0
BRDA:27,2,0,0
BRDA:27,2,1,28
BRDA:29,3,0,0
BRDA:29,3,1,28
BRDA:31,4,0,28
BRDA:31,4,1,0
BRDA:35,5,0,0
BRDA:35,5,1,0
BRDA:41,6,0,467
BRDA:44,7,0,467
BRDA:44,7,1,0
BRDA:50,8,0,0
BRDA:50,8,1,467
BRDA:57,9,0,0
BRDA:57,9,1,467
BRDA:58,10,0,467
BRDA:58,10,1,0
BRDA:59,11,0,467
BRDA:59,11,1,0
BRDA:62,12,0,0
BRDA:62,12,1,0
BRDA:66,13,0,0
BRDA:66,13,1,467
BRDA:72,14,0,0
BRDA:72,14,1,467
BRDA:74,15,0,0
BRDA:74,15,1,0
BRDA:75,16,0,0
BRDA:75,16,1,0
BRDA:83,17,0,467
BRDA:83,17,1,0
BRDA:98,18,0,0
BRDA:98,18,1,0
BRDA:100,19,0,0
BRDA:100,19,1,0
BRDA:102,20,0,0
BRDA:102,20,1,0
BRDA:104,21,0,0
BRDA:104,21,1,0
BRF:43
BRH:14
end_of_record
TN:
SF:src\db\db-transaction.js
FN:4,(anonymous_0)
FN:11,(anonymous_1)
FN:16,(anonymous_2)
FN:18,(anonymous_3)
FN:19,(anonymous_4)
FN:32,(anonymous_5)
FN:33,(anonymous_6)
FN:34,(anonymous_7)
FN:47,(anonymous_8)
FN:48,(anonymous_9)
FN:49,(anonymous_10)
FNF:11
FNH:0
FNDA:0,(anonymous_0)
FNDA:0,(anonymous_1)
FNDA:0,(anonymous_2)
FNDA:0,(anonymous_3)
FNDA:0,(anonymous_4)
FNDA:0,(anonymous_5)
FNDA:0,(anonymous_6)
FNDA:0,(anonymous_7)
FNDA:0,(anonymous_8)
FNDA:0,(anonymous_9)
FNDA:0,(anonymous_10)
DA:1,28
DA:5,0
DA:6,0
DA:8,0
DA:11,28
DA:12,0
DA:13,0
DA:16,28
DA:17,0
DA:18,0
DA:19,0
DA:20,0
DA:21,0
DA:22,0
DA:23,0
DA:25,0
DA:27,0
DA:28,0
DA:32,0
DA:33,0
DA:34,0
DA:35,0
DA:36,0
DA:37,0
DA:38,0
DA:40,0
DA:41,0
DA:43,0
DA:47,0
DA:48,0
DA:49,0
DA:50,0
DA:51,0
DA:52,0
DA:53,0
DA:55,0
DA:56,0
DA:58,0
DA:63,28
LF:39
LH:4
BRDA:5,0,0,0
BRDA:5,0,1,0
BRDA:20,1,0,0
BRDA:20,1,1,0
BRDA:35,2,0,0
BRDA:35,2,1,0
BRDA:50,3,0,0
BRDA:50,3,1,0
BRF:8
BRH:0
end_of_record
TN:
SF:src\loaders\database.loader.js
FN:5,(anonymous_0)
FNF:1
FNH:1
FNDA:28,(anonymous_0)
DA:1,28
DA:2,28
DA:8,28
DA:18,28
DA:22,28
LF:5
LH:5
BRF:0
BRH:0
end_of_record
TN:
SF:src\loaders\express.loader.js
FN:8,(anonymous_0)
FNF:1
FNH:1
FNDA:626,(anonymous_0)
DA:1,28
DA:2,28
DA:3,28
DA:4,28
DA:5,28
DA:9,626
DA:11,626
DA:13,0
DA:17,0
DA:20,0
DA:24,626
DA:27,626
DA:28,626
DA:30,626
DA:34,28
LF:15
LH:12
BRDA:11,0,0,0
BRDA:11,0,1,626
BRF:2
BRH:1
end_of_record
TN:
SF:src\loaders\middleware.loader.js
FN:7,(anonymous_0)
FN:9,(anonymous_1)
FNF:2
FNH:1
FNDA:626,(anonymous_0)
FNDA:0,(anonymous_1)
DA:1,28
DA:2,28
DA:3,28
DA:4,28
DA:9,626
DA:10,0
DA:11,0
DA:14,626
DA:17,0
DA:22,626
DA:26,28
LF:11
LH:8
BRDA:14,0,0,0
BRDA:14,0,1,626
BRF:2
BRH:1
end_of_record
TN:
SF:src\loaders\routes.loader.js
FN:31,(anonymous_0)
FNF:1
FNH:1
FNDA:626,(anonymous_0)
DA:2,28
DA:3,28
DA:4,28
DA:5,28
DA:6,28
DA:7,28
DA:8,28
DA:9,28
DA:10,28
DA:11,28
DA:12,28
DA:13,28
DA:14,28
DA:15,28
DA:16,28
DA:17,28
DA:18,28
DA:19,28
DA:20,28
DA:21,28
DA:22,28
DA:23,28
DA:24,28
DA:25,28
DA:26,28
DA:27,28
DA:28,28
DA:32,626
DA:33,626
DA:34,626
DA:35,626
DA:36,626
DA:37,626
DA:38,626
DA:39,626
DA:40,626
DA:41,626
DA:42,626
DA:43,626
DA:44,626
DA:45,626
DA:46,626
DA:47,626
DA:48,626
DA:49,626
DA:50,626
DA:51,626
DA:52,626
DA:53,626
DA:54,626
DA:55,626
DA:56,626
DA:57,626
DA:58,626
DA:62,28
LF:55
LH:55
BRF:0
BRH:0
end_of_record
TN:
SF:src\loaders\sentry.loader.js
FN:6,(anonymous_0)
FNF:1
FNH:0
FNDA:0,(anonymous_0)
DA:1,28
DA:2,28
DA:3,28
DA:7,0
DA:22,28
LF:5
LH:4
BRDA:11,0,0,0
BRDA:11,0,1,0
BRF:2
BRH:0
end_of_record
TN:
SF:src\middleware\auth.middleware.js
FN:11,(anonymous_0)
FN:12,(anonymous_1)
FN:26,(anonymous_2)
FN:57,(anonymous_3)
FN:58,(anonymous_4)
FNF:5
FNH:4
FNDA:3220,(anonymous_0)
FNDA:547,(anonymous_1)
FNDA:434,(anonymous_2)
FNDA:924,(anonymous_3)
FNDA:0,(anonymous_4)
DA:6,28
DA:7,28
DA:8,28
DA:9,28
DA:11,28
DA:12,3220
DA:13,547
DA:14,547
DA:15,547
DA:17,547
DA:18,113
DA:21,434
DA:22,434
DA:26,434
DA:27,434
DA:28,0
DA:29,0
DA:30,0
DA:31,0
DA:33,434
DA:35,434
DA:37,0
DA:38,0
DA:43,0
DA:44,0
DA:48,0
DA:49,0
DA:52,547
DA:57,28
DA:58,924
DA:59,0
DA:60,0
DA:62,0
DA:63,0
DA:67,0
DA:69,0
DA:72,0
DA:73,0
DA:77,0
DA:80,0
DA:83,0
LF:41
LH:20
BRDA:17,0,0,113
BRDA:17,0,1,434
BRDA:17,1,0,547
BRDA:17,1,1,434
BRDA:27,2,0,0
BRDA:27,2,1,434
BRDA:28,3,0,0
BRDA:28,3,1,0
BRDA:30,4,0,0
BRDA:30,4,1,0
BRDA:37,5,0,0
BRDA:37,5,1,0
BRDA:43,6,0,0
BRDA:43,6,1,0
BRDA:43,7,0,0
BRDA:43,7,1,0
BRDA:57,8,0,0
BRDA:57,9,0,112
BRDA:62,10,0,0
BRDA:62,10,1,0
BRDA:69,11,0,0
BRDA:69,11,1,0
BRDA:72,12,0,0
BRDA:72,12,1,0
BRDA:77,13,0,0
BRDA:77,13,1,0
BRF:26
BRH:6
end_of_record
TN:
SF:src\middleware\awaitHandlerFactory.middleware.js
FN:1,(anonymous_0)
FN:2,(anonymous_1)
FNF:2
FNH:2
FNDA:3752,(anonymous_0)
FNDA:42,(anonymous_1)
DA:1,28
DA:2,3752
DA:3,42
DA:4,42
DA:6,41
DA:11,28
LF:6
LH:6
BRF:0
BRH:0
end_of_record
TN:
SF:src\middleware\error.middleware.js
FN:5,errorMiddleware
FNF:1
FNH:1
FNDA:596,errorMiddleware
DA:1,28
DA:2,28
DA:3,28
DA:6,596
DA:7,465
DA:8,131
DA:9,0
DA:12,596
DA:14,596
DA:15,0
DA:16,0
DA:17,0
DA:20,596
DA:22,596
DA:25,28
LF:15
LH:11
BRDA:6,0,0,465
BRDA:6,0,1,131
BRDA:7,1,0,465
BRDA:7,1,1,0
BRDA:8,2,0,0
BRDA:8,2,1,131
BRDA:9,3,0,0
BRDA:9,3,1,0
BRDA:14,4,0,0
BRDA:14,4,1,596
BRF:10
BRH:5
end_of_record
TN:
SF:src\middleware\validation.middleware.js
FN:4,(anonymous_0)
FNF:1
FNH:1
FNDA:29,(anonymous_0)
DA:1,28
DA:2,28
DA:4,28
DA:5,29
DA:6,29
DA:7,8
DA:9,21
LF:7
LH:7
BRDA:6,0,0,8
BRDA:6,0,1,21
BRF:2
BRH:2
end_of_record
TN:
SF:src\middleware\validators\activityAttendeeValidator.middleware.js
FN:27,(anonymous_0)
FN:31,(anonymous_1)
FN:34,(anonymous_2)
FN:39,(anonymous_3)
FNF:4
FNH:0
FNDA:0,(anonymous_0)
FNDA:0,(anonymous_1)
FNDA:0,(anonymous_2)
FNDA:0,(anonymous_3)
DA:1,28
DA:2,28
DA:3,28
DA:4,28
DA:6,28
DA:21,28
DA:28,0
DA:32,0
DA:33,0
DA:34,0
DA:39,28
DA:40,0
DA:42,0
DA:43,0
DA:46,0
DA:48,0
LF:16
LH:7
BRDA:42,0,0,0
BRDA:42,0,1,0
BRF:2
BRH:0
end_of_record
TN:
SF:src\middleware\validators\activityStatusValidator.middleware.js
FN:24,(anonymous_0)
FN:28,(anonymous_1)
FN:31,(anonymous_2)
FNF:3
FNH:0
FNDA:0,(anonymous_0)
FNDA:0,(anonymous_1)
FNDA:0,(anonymous_2)
DA:1,28
DA:3,28
DA:14,28
DA:25,0
DA:29,0
DA:30,0
DA:31,0
LF:7
LH:3
BRF:0
BRH:0
end_of_record
TN:
SF:src\middleware\validators\activityTypeValidator.middleware.js
FN:24,(anonymous_0)
FN:28,(anonymous_1)
FN:31,(anonymous_2)
FNF:3
FNH:0
FNDA:0,(anonymous_0)
FNDA:0,(anonymous_1)
FNDA:0,(anonymous_2)
DA:1,28
DA:3,28
DA:14,28
DA:25,0
DA:29,0
DA:30,0
DA:31,0
LF:7
LH:3
BRF:0
BRH:0
end_of_record
TN:
SF:src\middleware\validators\activityValidator.middleware.js
FN:65,(anonymous_0)
FN:67,(anonymous_1)
FN:196,(anonymous_2)
FN:200,(anonymous_3)
FN:206,(anonymous_4)
FN:283,(anonymous_5)
FN:289,(anonymous_6)
FN:300,(anonymous_7)
FN:303,(anonymous_8)
FN:308,(anonymous_9)
FNF:10
FNH:0
FNDA:0,(anonymous_0)
FNDA:0,(anonymous_1)
FNDA:0,(anonymous_2)
FNDA:0,(anonymous_3)
FNDA:0,(anonymous_4)
FNDA:0,(anonymous_5)
FNDA:0,(anonymous_6)
FNDA:0,(anonymous_7)
FNDA:0,(anonymous_8)
FNDA:0,(anonymous_9)
DA:1,28
DA:2,28
DA:3,28
DA:4,28
DA:5,28
DA:6,28
DA:7,28
DA:8,28
DA:9,28
DA:11,28
DA:66,0
DA:67,0
DA:68,0
DA:69,0
DA:119,28
DA:197,0
DA:201,0
DA:202,0
DA:206,0
DA:211,28
DA:284,0
DA:285,0
DA:289,0
DA:294,28
DA:301,0
DA:302,0
DA:303,0
DA:308,28
DA:309,0
DA:310,0
DA:312,0
DA:313,0
DA:316,0
DA:317,0
DA:318,0
DA:321,0
LF:36
LH:14
BRDA:68,0,0,0
BRDA:68,0,1,0
BRDA:312,1,0,0
BRDA:312,1,1,0
BRDA:317,2,0,0
BRDA:317,2,1,0
BRF:6
BRH:0
end_of_record
TN:
SF:src\middleware\validators\authValidator.middleware.js
FN:22,(anonymous_0)
FNF:1
FNH:1
FNDA:4,(anonymous_0)
DA:1,28
DA:2,28
DA:4,28
DA:22,4
DA:26,28
DA:34,28
DA:50,28
DA:64,28
DA:78,28
LF:9
LH:9
BRF:0
BRH:0
end_of_record
TN:
SF:src\middleware\validators\campusSpotValidator.middleware.js
FN:24,(anonymous_0)
FN:28,(anonymous_1)
FN:31,(anonymous_2)
FNF:3
FNH:0
FNDA:0,(anonymous_0)
FNDA:0,(anonymous_1)
FNDA:0,(anonymous_2)
DA:1,28
DA:3,28
DA:17,28
DA:25,0
DA:29,0
DA:30,0
DA:31,0
LF:7
LH:3
BRF:0
BRH:0
end_of_record
TN:
SF:src\middleware\validators\campusValidator.middleware.js
FN:34,(anonymous_0)
FN:38,(anonymous_1)
FN:41,(anonymous_2)
FNF:3
FNH:0
FNDA:0,(anonymous_0)
FNDA:0,(anonymous_1)
FNDA:0,(anonymous_2)
DA:1,28
DA:3,28
DA:20,28
DA:35,0
DA:39,0
DA:40,0
DA:41,0
LF:7
LH:3
BRF:0
BRH:0
end_of_record
TN:
SF:src\middleware\validators\classValidator.middleware.js
FN:192,(anonymous_0)
FN:196,(anonymous_1)
FN:200,(anonymous_2)
FN:227,(anonymous_3)
FN:230,(anonymous_4)
FNF:5
FNH:0
FNDA:0,(anonymous_0)
FNDA:0,(anonymous_1)
FNDA:0,(anonymous_2)
FNDA:0,(anonymous_3)
FNDA:0,(anonymous_4)
DA:1,28
DA:2,28
DA:3,28
DA:5,28
DA:70,28
DA:149,28
DA:193,0
DA:197,0
DA:198,0
DA:200,0
DA:205,28
DA:228,0
DA:229,0
DA:230,0
LF:14
LH:7
BRF:0
BRH:0
end_of_record
TN:
SF:src\middleware\validators\classroomValidator.middleware.js
FN:28,(anonymous_0)
FN:32,(anonymous_1)
FN:35,(anonymous_2)
FNF:3
FNH:0
FNDA:0,(anonymous_0)
FNDA:0,(anonymous_1)
FNDA:0,(anonymous_2)
DA:1,28
DA:3,28
DA:17,28
DA:29,0
DA:33,0
DA:34,0
DA:35,0
LF:7
LH:3
BRF:0
BRH:0
end_of_record
TN:
SF:src\middleware\validators\hangoutRequestValidator.middleware.js
FN:21,(anonymous_0)
FN:50,(anonymous_1)
FN:62,(anonymous_2)
FN:68,(anonymous_3)
FN:72,(anonymous_4)
FN:75,(anonymous_5)
FN:91,(anonymous_6)
FN:94,(anonymous_7)
FN:98,(anonymous_8)
FN:101,(anonymous_9)
FN:106,(anonymous_10)
FNF:11
FNH:0
FNDA:0,(anonymous_0)
FNDA:0,(anonymous_1)
FNDA:0,(anonymous_2)
FNDA:0,(anonymous_3)
FNDA:0,(anonymous_4)
FNDA:0,(anonymous_5)
FNDA:0,(anonymous_6)
FNDA:0,(anonymous_7)
FNDA:0,(anonymous_8)
FNDA:0,(anonymous_9)
FNDA:0,(anonymous_10)
DA:1,28
DA:2,28
DA:3,28
DA:4,28
DA:5,28
DA:6,28
DA:8,28
DA:21,0
DA:43,28
DA:51,0
DA:52,0
DA:54,0
DA:63,0
DA:69,0
DA:73,0
DA:74,0
DA:75,0
DA:80,28
DA:91,0
DA:95,0
DA:99,0
DA:100,0
DA:101,0
DA:106,28
DA:107,0
DA:109,0
DA:110,0
DA:113,0
DA:114,0
DA:115,0
DA:118,0
DA:120,0
DA:121,0
DA:122,0
DA:125,0
DA:126,0
DA:128,0
DA:129,0
DA:130,0
DA:131,0
DA:134,0
LF:41
LH:10
BRDA:51,0,0,0
BRDA:51,0,1,0
BRDA:63,1,0,0
BRDA:63,1,1,0
BRDA:109,2,0,0
BRDA:109,2,1,0
BRDA:113,3,0,0
BRDA:113,3,1,0
BRDA:114,4,0,0
BRDA:114,4,1,0
BRDA:115,5,0,0
BRDA:115,5,1,0
BRDA:121,6,0,0
BRDA:121,6,1,0
BRDA:128,7,0,0
BRDA:128,7,1,0
BRDA:130,8,0,0
BRDA:130,8,1,0
BRDA:134,9,0,0
BRDA:134,9,1,0
BRF:20
BRH:0
end_of_record
TN:
SF:src\middleware\validators\hobbyValidator.middleware.js
FN:24,(anonymous_0)
FN:28,(anonymous_1)
FN:31,(anonymous_2)
FNF:3
FNH:0
FNDA:0,(anonymous_0)
FNDA:0,(anonymous_1)
FNDA:0,(anonymous_2)
DA:1,28
DA:3,28
DA:14,28
DA:25,0
DA:29,0
DA:30,0
DA:31,0
LF:7
LH:3
BRF:0
BRH:0
end_of_record
TN:
SF:src\middleware\validators\interestValidator.middleware.js
FN:24,(anonymous_0)
FN:28,(anonymous_1)
FN:31,(anonymous_2)
FNF:3
FNH:0
FNDA:0,(anonymous_0)
FNDA:0,(anonymous_1)
FNDA:0,(anonymous_2)
DA:1,28
DA:3,28
DA:14,28
DA:25,0
DA:29,0
DA:30,0
DA:31,0
LF:7
LH:3
BRF:0
BRH:0
end_of_record
TN:
SF:src\middleware\validators\postReactionValidator.middleware.js
FN:38,(anonymous_0)
FN:42,(anonymous_1)
FN:45,(anonymous_2)
FN:50,(anonymous_3)
FNF:4
FNH:0
FNDA:0,(anonymous_0)
FNDA:0,(anonymous_1)
FNDA:0,(anonymous_2)
FNDA:0,(anonymous_3)
DA:1,28
DA:2,28
DA:3,28
DA:5,28
DA:25,28
DA:39,0
DA:43,0
DA:44,0
DA:45,0
DA:50,28
DA:51,0
DA:53,0
DA:54,0
DA:57,0
DA:59,0
LF:15
LH:6
BRDA:53,0,0,0
BRDA:53,0,1,0
BRF:2
BRH:0
end_of_record
TN:
SF:src\middleware\validators\postValidator.middleware.js
FN:64,(anonymous_0)
FN:68,(anonymous_1)
FN:71,(anonymous_2)
FN:87,(anonymous_3)
FN:90,(anonymous_4)
FN:95,(anonymous_5)
FNF:6
FNH:0
FNDA:0,(anonymous_0)
FNDA:0,(anonymous_1)
FNDA:0,(anonymous_2)
FNDA:0,(anonymous_3)
FNDA:0,(anonymous_4)
FNDA:0,(anonymous_5)
DA:1,28
DA:2,28
DA:3,28
DA:4,28
DA:5,28
DA:6,28
DA:7,28
DA:9,28
DA:55,28
DA:65,0
DA:69,0
DA:70,0
DA:71,0
DA:76,28
DA:88,0
DA:89,0
DA:90,0
DA:95,28
DA:96,0
DA:97,0
DA:99,0
DA:100,0
DA:103,0
DA:104,0
DA:105,0
DA:108,0
LF:26
LH:11
BRDA:99,0,0,0
BRDA:99,0,1,0
BRDA:104,1,0,0
BRDA:104,1,1,0
BRF:4
BRH:0
end_of_record
TN:
SF:src\middleware\validators\programValidator.middleware.js
FN:24,(anonymous_0)
FN:28,(anonymous_1)
FN:31,(anonymous_2)
FNF:3
FNH:0
FNDA:0,(anonymous_0)
FNDA:0,(anonymous_1)
FNDA:0,(anonymous_2)
DA:1,28
DA:3,28
DA:14,28
DA:25,0
DA:29,0
DA:30,0
DA:31,0
LF:7
LH:3
BRF:0
BRH:0
end_of_record
TN:
SF:src\middleware\validators\reactionTypeValidator.middleware.js
FN:24,(anonymous_0)
FN:28,(anonymous_1)
FN:31,(anonymous_2)
FNF:3
FNH:0
FNDA:0,(anonymous_0)
FNDA:0,(anonymous_1)
FNDA:0,(anonymous_2)
DA:1,28
DA:3,28
DA:14,28
DA:25,0
DA:29,0
DA:30,0
DA:31,0
LF:7
LH:3
BRF:0
BRH:0
end_of_record
TN:
SF:src\middleware\validators\savedActivityValidator.middleware.js
FNF:0
FNH:0
DA:1,28
DA:2,28
DA:4,28
LF:3
LH:3
BRF:0
BRH:0
end_of_record
TN:
SF:src\middleware\validators\studentConnectionValidator.middleware.js
FN:21,(anonymous_0)
FN:38,(anonymous_1)
FN:50,(anonymous_2)
FN:53,(anonymous_3)
FN:57,(anonymous_4)
FN:60,(anonymous_5)
FN:76,(anonymous_6)
FN:79,(anonymous_7)
FN:83,(anonymous_8)
FN:86,(anonymous_9)
FN:99,(anonymous_10)
FN:102,(anonymous_11)
FN:107,(anonymous_12)
FNF:13
FNH:0
FNDA:0,(anonymous_0)
FNDA:0,(anonymous_1)
FNDA:0,(anonymous_2)
FNDA:0,(anonymous_3)
FNDA:0,(anonymous_4)
FNDA:0,(anonymous_5)
FNDA:0,(anonymous_6)
FNDA:0,(anonymous_7)
FNDA:0,(anonymous_8)
FNDA:0,(anonymous_9)
FNDA:0,(anonymous_10)
FNDA:0,(anonymous_11)
FNDA:0,(anonymous_12)
DA:1,28
DA:2,28
DA:3,28
DA:4,28
DA:5,28
DA:6,28
DA:8,28
DA:21,0
DA:31,28
DA:39,0
DA:40,0
DA:42,0
DA:50,0
DA:54,0
DA:58,0
DA:59,0
DA:60,0
DA:65,28
DA:76,0
DA:80,0
DA:84,0
DA:85,0
DA:86,0
DA:91,28
DA:100,0
DA:101,0
DA:102,0
DA:107,28
DA:108,0
DA:110,0
DA:111,0
DA:114,0
DA:115,0
DA:116,0
DA:119,0
DA:121,0
DA:122,0
DA:123,0
DA:126,0
DA:127,0
DA:129,0
DA:130,0
DA:133,0
LF:43
LH:11
BRDA:39,0,0,0
BRDA:39,0,1,0
BRDA:110,1,0,0
BRDA:110,1,1,0
BRDA:114,2,0,0
BRDA:114,2,1,0
BRDA:115,3,0,0
BRDA:115,3,1,0
BRDA:116,4,0,0
BRDA:116,4,1,0
BRDA:122,5,0,0
BRDA:122,5,1,0
BRDA:129,6,0,0
BRDA:129,6,1,0
BRDA:133,7,0,0
BRDA:133,7,1,0
BRF:16
BRH:0
end_of_record
TN:
SF:src\middleware\validators\studentStatusValidator.middleware.js
FN:24,(anonymous_0)
FN:28,(anonymous_1)
FN:31,(anonymous_2)
FNF:3
FNH:0
FNDA:0,(anonymous_0)
FNDA:0,(anonymous_1)
FNDA:0,(anonymous_2)
DA:1,28
DA:3,28
DA:14,28
DA:25,0
DA:29,0
DA:30,0
DA:31,0
LF:7
LH:3
BRF:0
BRH:0
end_of_record
TN:
SF:src\middleware\validators\studentValidator.middleware.js
FN:75,(anonymous_0)
FN:126,(anonymous_1)
FN:152,(anonymous_2)
FN:213,(anonymous_3)
FN:217,(anonymous_4)
FN:223,(anonymous_5)
FN:318,(anonymous_6)
FN:324,(anonymous_7)
FN:399,(anonymous_8)
FN:405,(anonymous_9)
FN:417,(anonymous_10)
FN:420,(anonymous_11)
FN:505,(anonymous_12)
FN:511,(anonymous_13)
FNF:14
FNH:1
FNDA:7,(anonymous_0)
FNDA:0,(anonymous_1)
FNDA:0,(anonymous_2)
FNDA:0,(anonymous_3)
FNDA:0,(anonymous_4)
FNDA:0,(anonymous_5)
FNDA:0,(anonymous_6)
FNDA:0,(anonymous_7)
FNDA:0,(anonymous_8)
FNDA:0,(anonymous_9)
FNDA:0,(anonymous_10)
FNDA:0,(anonymous_11)
FNDA:0,(anonymous_12)
FNDA:0,(anonymous_13)
DA:1,28
DA:2,28
DA:3,28
DA:4,28
DA:5,28
DA:6,28
DA:7,28
DA:8,28
DA:9,28
DA:11,28
DA:76,7
DA:77,7
DA:97,28
DA:127,0
DA:128,0
DA:153,0
DA:154,0
DA:214,0
DA:218,0
DA:219,0
DA:223,0
DA:228,28
DA:319,0
DA:320,0
DA:324,0
DA:329,28
DA:400,0
DA:401,0
DA:405,0
DA:410,28
DA:418,0
DA:419,0
DA:420,0
DA:425,28
DA:506,0
DA:507,0
DA:511,0
LF:37
LH:17
BRF:0
BRH:0
end_of_record
TN:
SF:src\middleware\validators\subjectValidator.middleware.js
FN:31,(anonymous_0)
FN:35,(anonymous_1)
FN:38,(anonymous_2)
FNF:3
FNH:0
FNDA:0,(anonymous_0)
FNDA:0,(anonymous_1)
FNDA:0,(anonymous_2)
DA:1,28
DA:2,28
DA:4,28
DA:21,28
DA:32,0
DA:36,0
DA:37,0
DA:38,0
LF:8
LH:4
BRF:0
BRH:0
end_of_record
TN:
SF:src\middleware\validators\teacherReviewValidator.middleware.js
FN:96,(anonymous_0)
FN:100,(anonymous_1)
FN:103,(anonymous_2)
FN:125,(anonymous_3)
FN:128,(anonymous_4)
FN:133,(anonymous_5)
FNF:6
FNH:0
FNDA:0,(anonymous_0)
FNDA:0,(anonymous_1)
FNDA:0,(anonymous_2)
FNDA:0,(anonymous_3)
FNDA:0,(anonymous_4)
FNDA:0,(anonymous_5)
DA:1,28
DA:2,28
DA:3,28
DA:4,28
DA:5,28
DA:7,28
DA:70,28
DA:97,0
DA:101,0
DA:102,0
DA:103,0
DA:108,28
DA:126,0
DA:127,0
DA:128,0
DA:133,28
DA:134,0
DA:135,0
DA:137,0
DA:138,0
DA:141,0
DA:142,0
DA:143,0
DA:146,0
DA:147,0
DA:149,0
DA:150,0
DA:151,0
DA:155,0
LF:29
LH:9
BRDA:137,0,0,0
BRDA:137,0,1,0
BRDA:142,1,0,0
BRDA:142,1,1,0
BRDA:146,2,0,0
BRDA:146,2,1,0
BRDA:150,3,0,0
BRDA:150,3,1,0
BRDA:150,4,0,0
BRDA:150,4,1,0
BRF:10
BRH:0
end_of_record
TN:
SF:src\middleware\validators\teacherValidator.middleware.js
FN:13,(anonymous_0)
FN:17,(anonymous_1)
FN:20,(anonymous_2)
FN:35,(anonymous_3)
FN:39,(anonymous_4)
FN:42,(anonymous_5)
FNF:6
FNH:0
FNDA:0,(anonymous_0)
FNDA:0,(anonymous_1)
FNDA:0,(anonymous_2)
FNDA:0,(anonymous_3)
FNDA:0,(anonymous_4)
FNDA:0,(anonymous_5)
DA:1,28
DA:3,28
DA:14,0
DA:18,0
DA:19,0
DA:20,0
DA:25,28
DA:36,0
DA:40,0
DA:41,0
DA:42,0
LF:11
LH:3
BRF:0
BRH:0
end_of_record
TN:
SF:src\middleware\validators\termValidator.middleware.js
FN:24,(anonymous_0)
FN:28,(anonymous_1)
FN:31,(anonymous_2)
FNF:3
FNH:0
FNDA:0,(anonymous_0)
FNDA:0,(anonymous_1)
FNDA:0,(anonymous_2)
DA:1,28
DA:3,28
DA:14,28
DA:25,0
DA:29,0
DA:30,0
DA:31,0
LF:7
LH:3
BRF:0
BRH:0
end_of_record
TN:
SF:src\middleware\validators\timeslotValidator.middleware.js
FN:17,(anonymous_0)
FN:37,(anonymous_1)
FN:46,(anonymous_2)
FN:50,(anonymous_3)
FN:53,(anonymous_4)
FNF:5
FNH:0
FNDA:0,(anonymous_0)
FNDA:0,(anonymous_1)
FNDA:0,(anonymous_2)
FNDA:0,(anonymous_3)
FNDA:0,(anonymous_4)
DA:1,28
DA:2,28
DA:4,28
DA:17,0
DA:26,28
DA:38,0
DA:47,0
DA:51,0
DA:52,0
DA:53,0
LF:10
LH:4
BRDA:38,0,0,0
BRDA:38,0,1,0
BRF:2
BRH:0
end_of_record
TN:
SF:src\middleware\validators\timetableValidator.middleware.js
FN:49,(anonymous_0)
FN:52,(anonymous_1)
FN:97,(anonymous_2)
FN:101,(anonymous_3)
FN:104,(anonymous_4)
FN:139,(anonymous_5)
FN:143,(anonymous_6)
FN:146,(anonymous_7)
FN:166,(anonymous_8)
FN:169,(anonymous_9)
FN:174,(anonymous_10)
FN:190,(anonymous_11)
FNF:12
FNH:0
FNDA:0,(anonymous_0)
FNDA:0,(anonymous_1)
FNDA:0,(anonymous_2)
FNDA:0,(anonymous_3)
FNDA:0,(anonymous_4)
FNDA:0,(anonymous_5)
FNDA:0,(anonymous_6)
FNDA:0,(anonymous_7)
FNDA:0,(anonymous_8)
FNDA:0,(anonymous_9)
FNDA:0,(anonymous_10)
FNDA:0,(anonymous_11)
DA:1,28
DA:2,28
DA:3,28
DA:4,28
DA:5,28
DA:7,28
DA:50,0
DA:51,0
DA:52,0
DA:57,28
DA:91,28
DA:98,0
DA:102,0
DA:103,0
DA:104,0
DA:109,28
DA:140,0
DA:144,0
DA:145,0
DA:146,0
DA:151,28
DA:167,0
DA:168,0
DA:169,0
DA:174,28
DA:175,0
DA:176,0
DA:178,0
DA:179,0
DA:182,0
DA:183,0
DA:184,0
DA:187,0
DA:190,28
DA:192,0
LF:35
LH:12
BRDA:178,0,0,0
BRDA:178,0,1,0
BRDA:183,1,0,0
BRDA:183,1,1,0
BRF:4
BRH:0
end_of_record
TN:
SF:src\models\activity.model.js
FN:7,(anonymous_0)
FN:20,(anonymous_1)
FN:53,(anonymous_2)
FN:72,(anonymous_3)
FN:98,(anonymous_4)
FN:108,(anonymous_5)
FNF:6
FNH:0
FNDA:0,(anonymous_0)
FNDA:0,(anonymous_1)
FNDA:0,(anonymous_2)
FNDA:0,(anonymous_3)
FNDA:0,(anonymous_4)
FNDA:0,(anonymous_5)
DA:1,28
DA:2,28
DA:3,28
DA:7,28
DA:8,0
DA:10,0
DA:11,0
DA:14,0
DA:15,0
DA:17,0
DA:20,28
DA:21,0
DA:22,0
DA:26,0
DA:27,0
DA:37,0
DA:39,0
DA:44,0
DA:47,0
DA:50,0
DA:53,28
DA:54,0
DA:60,0
DA:61,0
DA:64,0
DA:65,0
DA:67,0
DA:69,0
DA:72,28
DA:79,0
DA:85,0
DA:87,0
DA:89,0
DA:90,0
DA:95,0
DA:98,28
DA:99,0
DA:101,0
DA:103,0
DA:105,0
DA:108,28
DA:109,0
DA:111,0
DA:112,0
DA:114,0
DA:118,28
LF:46
LH:10
BRDA:10,0,0,0
BRDA:10,0,1,0
BRDA:20,1,0,0
BRDA:26,2,0,0
BRDA:26,2,1,0
BRDA:60,3,0,0
BRDA:60,3,1,0
BRDA:74,4,0,0
BRDA:74,5,0,0
BRDA:74,6,0,0
BRDA:74,7,0,0
BRDA:74,8,0,0
BRDA:74,9,0,0
BRDA:74,10,0,0
BRDA:75,11,0,0
BRDA:76,12,0,0
BRDA:90,13,0,0
BRDA:90,13,1,0
BRDA:112,14,0,0
BRDA:112,14,1,0
BRF:20
BRH:0
end_of_record
TN:
SF:src\models\activityAttendee.model.js
FN:7,(anonymous_0)
FN:21,(anonymous_1)
FN:34,(anonymous_2)
FNF:3
FNH:0
FNDA:0,(anonymous_0)
FNDA:0,(anonymous_1)
FNDA:0,(anonymous_2)
DA:1,28
DA:2,28
DA:3,28
DA:7,28
DA:8,0
DA:9,0
DA:11,0
DA:13,0
DA:14,0
DA:18,0
DA:21,28
DA:22,0
DA:23,0
DA:25,0
DA:29,0
DA:31,0
DA:34,28
DA:35,0
DA:37,0
DA:40,0
DA:41,0
DA:43,0
DA:47,28
LF:23
LH:7
BRDA:14,0,0,0
BRDA:14,0,1,0
BRDA:41,1,0,0
BRDA:41,1,1,0
BRF:4
BRH:0
end_of_record
TN:
SF:src\models\activityStatus.model.js
FN:7,(anonymous_0)
FN:20,(anonymous_1)
FN:32,(anonymous_2)
FN:47,(anonymous_3)
FN:57,(anonymous_4)
FNF:5
FNH:1
FNDA:1,(anonymous_0)
FNDA:0,(anonymous_1)
FNDA:0,(anonymous_2)
FNDA:0,(anonymous_3)
FNDA:0,(anonymous_4)
DA:1,28
DA:2,28
DA:3,28
DA:7,28
DA:8,1
DA:10,1
DA:11,1
DA:14,0
DA:15,0
DA:17,0
DA:20,28
DA:21,0
DA:23,0
DA:27,0
DA:29,0
DA:32,28
DA:33,0
DA:34,0
DA:36,0
DA:38,0
DA:39,0
DA:44,0
DA:47,28
DA:48,0
DA:50,0
DA:52,0
DA:54,0
DA:57,28
DA:58,0
DA:60,0
DA:61,0
DA:63,0
DA:67,28
LF:33
LH:12
BRDA:10,0,0,1
BRDA:10,0,1,0
BRDA:39,1,0,0
BRDA:39,1,1,0
BRDA:61,2,0,0
BRDA:61,2,1,0
BRF:6
BRH:1
end_of_record
TN:
SF:src\models\activityType.model.js
FN:7,(anonymous_0)
FN:20,(anonymous_1)
FN:32,(anonymous_2)
FN:47,(anonymous_3)
FN:57,(anonymous_4)
FNF:5
FNH:1
FNDA:1,(anonymous_0)
FNDA:0,(anonymous_1)
FNDA:0,(anonymous_2)
FNDA:0,(anonymous_3)
FNDA:0,(anonymous_4)
DA:1,28
DA:2,28
DA:3,28
DA:7,28
DA:8,1
DA:10,1
DA:11,1
DA:14,0
DA:15,0
DA:17,0
DA:20,28
DA:21,0
DA:23,0
DA:27,0
DA:29,0
DA:32,28
DA:33,0
DA:34,0
DA:36,0
DA:38,0
DA:39,0
DA:44,0
DA:47,28
DA:48,0
DA:50,0
DA:52,0
DA:54,0
DA:57,28
DA:58,0
DA:60,0
DA:61,0
DA:63,0
DA:67,28
LF:33
LH:12
BRDA:10,0,0,1
BRDA:10,0,1,0
BRDA:39,1,0,0
BRDA:39,1,1,0
BRDA:61,2,0,0
BRDA:61,2,1,0
BRF:6
BRH:1
end_of_record
TN:
SF:src\models\campus.model.js
FN:7,(anonymous_0)
FN:20,(anonymous_1)
FN:32,(anonymous_2)
FN:47,(anonymous_3)
FN:57,(anonymous_4)
FNF:5
FNH:1
FNDA:1,(anonymous_0)
FNDA:0,(anonymous_1)
FNDA:0,(anonymous_2)
FNDA:0,(anonymous_3)
FNDA:0,(anonymous_4)
DA:1,28
DA:2,28
DA:3,28
DA:7,28
DA:8,1
DA:10,1
DA:11,1
DA:14,0
DA:15,0
DA:17,0
DA:20,28
DA:21,0
DA:23,0
DA:27,0
DA:29,0
DA:32,28
DA:33,0
DA:34,0
DA:36,0
DA:38,0
DA:39,0
DA:44,0
DA:47,28
DA:48,0
DA:50,0
DA:52,0
DA:54,0
DA:57,28
DA:58,0
DA:60,0
DA:61,0
DA:63,0
DA:67,28
LF:33
LH:12
BRDA:10,0,0,1
BRDA:10,0,1,0
BRDA:39,1,0,0
BRDA:39,1,1,0
BRDA:61,2,0,0
BRDA:61,2,1,0
BRF:6
BRH:1
end_of_record
TN:
SF:src\models\campusSpot.model.js
FN:7,(anonymous_0)
FN:20,(anonymous_1)
FN:32,(anonymous_2)
FN:47,(anonymous_3)
FN:57,(anonymous_4)
FNF:5
FNH:1
FNDA:1,(anonymous_0)
FNDA:0,(anonymous_1)
FNDA:0,(anonymous_2)
FNDA:0,(anonymous_3)
FNDA:0,(anonymous_4)
DA:1,28
DA:2,28
DA:3,28
DA:7,28
DA:8,1
DA:10,1
DA:11,1
DA:14,0
DA:15,0
DA:17,0
DA:20,28
DA:21,0
DA:23,0
DA:27,0
DA:29,0
DA:32,28
DA:33,0
DA:34,0
DA:36,0
DA:38,0
DA:39,0
DA:44,0
DA:47,28
DA:48,0
DA:50,0
DA:52,0
DA:54,0
DA:57,28
DA:58,0
DA:60,0
DA:61,0
DA:63,0
DA:67,28
LF:33
LH:12
BRDA:10,0,0,1
BRDA:10,0,1,0
BRDA:39,1,0,0
BRDA:39,1,1,0
BRDA:61,2,0,0
BRDA:61,2,1,0
BRF:6
BRH:1
end_of_record
TN:
SF:src\models\class.model.js
FN:7,(anonymous_0)
FN:36,(anonymous_1)
FN:62,(anonymous_2)
FN:85,(anonymous_3)
FN:99,(anonymous_4)
FN:109,(anonymous_5)
FNF:6
FNH:0
FNDA:0,(anonymous_0)
FNDA:0,(anonymous_1)
FNDA:0,(anonymous_2)
FNDA:0,(anonymous_3)
FNDA:0,(anonymous_4)
FNDA:0,(anonymous_5)
DA:1,28
DA:2,28
DA:3,28
DA:7,28
DA:8,0
DA:26,0
DA:27,0
DA:30,0
DA:31,0
DA:33,0
DA:36,28
DA:37,0
DA:57,0
DA:59,0
DA:62,28
DA:68,0
DA:73,0
DA:75,0
DA:77,0
DA:78,0
DA:82,0
DA:85,28
DA:87,0
DA:91,0
DA:92,0
DA:96,0
DA:99,28
DA:100,0
DA:102,0
DA:104,0
DA:106,0
DA:109,28
DA:110,0
DA:112,0
DA:113,0
DA:115,0
DA:119,28
LF:37
LH:10
BRDA:26,0,0,0
BRDA:26,0,1,0
BRDA:64,1,0,0
BRDA:78,2,0,0
BRDA:78,2,1,0
BRDA:92,3,0,0
BRDA:92,3,1,0
BRDA:113,4,0,0
BRDA:113,4,1,0
BRF:9
BRH:0
end_of_record
TN:
SF:src\models\classroom.model.js
FN:7,(anonymous_0)
FN:20,(anonymous_1)
FN:30,(anonymous_2)
FN:45,(anonymous_3)
FN:55,(anonymous_4)
FNF:5
FNH:0
FNDA:0,(anonymous_0)
FNDA:0,(anonymous_1)
FNDA:0,(anonymous_2)
FNDA:0,(anonymous_3)
FNDA:0,(anonymous_4)
DA:1,28
DA:2,28
DA:3,28
DA:7,28
DA:8,0
DA:10,0
DA:11,0
DA:14,0
DA:15,0
DA:17,0
DA:20,28
DA:21,0
DA:25,0
DA:27,0
DA:30,28
DA:31,0
DA:32,0
DA:34,0
DA:36,0
DA:37,0
DA:42,0
DA:45,28
DA:46,0
DA:48,0
DA:50,0
DA:52,0
DA:55,28
DA:56,0
DA:58,0
DA:59,0
DA:61,0
DA:65,28
LF:32
LH:9
BRDA:10,0,0,0
BRDA:10,0,1,0
BRDA:37,1,0,0
BRDA:37,1,1,0
BRDA:59,2,0,0
BRDA:59,2,1,0
BRF:6
BRH:0
end_of_record
TN:
SF:src\models\hangoutRequest.model.js
FN:8,(anonymous_0)
FN:30,(anonymous_1)
FN:48,(anonymous_2)
FN:71,(anonymous_3)
FN:82,(anonymous_4)
FNF:5
FNH:0
FNDA:0,(anonymous_0)
FNDA:0,(anonymous_1)
FNDA:0,(anonymous_2)
FNDA:0,(anonymous_3)
FNDA:0,(anonymous_4)
DA:1,28
DA:2,28
DA:3,28
DA:4,28
DA:8,28
DA:9,0
DA:20,0
DA:21,0
DA:24,0
DA:25,0
DA:27,0
DA:30,28
DA:31,0
DA:43,0
DA:45,0
DA:48,28
DA:49,0
DA:58,0
DA:60,0
DA:62,0
DA:63,0
DA:68,0
DA:71,28
DA:72,0
DA:73,0
DA:75,0
DA:77,0
DA:79,0
DA:82,28
DA:83,0
DA:85,0
DA:86,0
DA:88,0
DA:92,28
LF:34
LH:10
BRDA:20,0,0,0
BRDA:20,0,1,0
BRDA:63,1,0,0
BRDA:63,1,1,0
BRDA:71,2,0,0
BRDA:86,3,0,0
BRDA:86,3,1,0
BRF:7
BRH:0
end_of_record
TN:
SF:src\models\hobby.model.js
FN:6,(anonymous_0)
FN:19,(anonymous_1)
FN:31,(anonymous_2)
FN:46,(anonymous_3)
FN:56,(anonymous_4)
FNF:5
FNH:1
FNDA:1,(anonymous_0)
FNDA:0,(anonymous_1)
FNDA:0,(anonymous_2)
FNDA:0,(anonymous_3)
FNDA:0,(anonymous_4)
DA:1,28
DA:2,28
DA:3,28
DA:6,28
DA:7,1
DA:9,1
DA:10,1
DA:13,0
DA:14,0
DA:16,0
DA:19,28
DA:20,0
DA:22,0
DA:26,0
DA:28,0
DA:31,28
DA:32,0
DA:33,0
DA:35,0
DA:37,0
DA:38,0
DA:43,0
DA:46,28
DA:47,0
DA:49,0
DA:51,0
DA:53,0
DA:56,28
DA:57,0
DA:59,0
DA:60,0
DA:62,0
DA:66,28
LF:33
LH:12
BRDA:9,0,0,1
BRDA:9,0,1,0
BRDA:38,1,0,0
BRDA:38,1,1,0
BRDA:60,2,0,0
BRDA:60,2,1,0
BRF:6
BRH:1
end_of_record
TN:
SF:src\models\interest.model.js
FN:7,(anonymous_0)
FN:20,(anonymous_1)
FN:32,(anonymous_2)
FN:47,(anonymous_3)
FN:57,(anonymous_4)
FNF:5
FNH:1
FNDA:1,(anonymous_0)
FNDA:0,(anonymous_1)
FNDA:0,(anonymous_2)
FNDA:0,(anonymous_3)
FNDA:0,(anonymous_4)
DA:1,28
DA:2,28
DA:3,28
DA:7,28
DA:8,1
DA:10,1
DA:11,1
DA:14,0
DA:15,0
DA:17,0
DA:20,28
DA:21,0
DA:23,0
DA:27,0
DA:29,0
DA:32,28
DA:33,0
DA:34,0
DA:36,0
DA:38,0
DA:39,0
DA:44,0
DA:47,28
DA:48,0
DA:50,0
DA:52,0
DA:54,0
DA:57,28
DA:58,0
DA:60,0
DA:61,0
DA:63,0
DA:67,28
LF:33
LH:12
BRDA:10,0,0,1
BRDA:10,0,1,0
BRDA:39,1,0,0
BRDA:39,1,1,0
BRDA:61,2,0,0
BRDA:61,2,1,0
BRF:6
BRH:1
end_of_record
TN:
SF:src\models\otp.model.js
FN:7,(anonymous_0)
FN:20,(anonymous_1)
FN:32,(anonymous_2)
FN:46,(anonymous_3)
FN:57,(anonymous_4)
FNF:5
FNH:2
FNDA:0,(anonymous_0)
FNDA:2,(anonymous_1)
FNDA:2,(anonymous_2)
FNDA:0,(anonymous_3)
FNDA:0,(anonymous_4)
DA:1,28
DA:2,28
DA:3,28
DA:7,28
DA:8,0
DA:10,0
DA:11,0
DA:14,0
DA:15,0
DA:17,0
DA:20,28
DA:21,2
DA:23,2
DA:27,2
DA:29,0
DA:32,28
DA:33,2
DA:34,2
DA:36,2
DA:38,2
DA:39,0
DA:43,0
DA:46,28
DA:48,0
DA:52,0
DA:54,0
DA:57,28
DA:58,0
DA:60,0
DA:63,0
DA:64,0
DA:66,0
DA:70,28
LF:33
LH:16
BRDA:10,0,0,0
BRDA:10,0,1,0
BRDA:39,1,0,0
BRDA:39,1,1,0
BRDA:64,2,0,0
BRDA:64,2,1,0
BRF:6
BRH:0
end_of_record
TN:
SF:src\models\post.model.js
FN:9,(anonymous_0)
FN:46,(anonymous_1)
FN:60,(anonymous_2)
FN:89,(anonymous_3)
FN:100,(anonymous_4)
FN:116,(anonymous_5)
FN:126,(anonymous_6)
FNF:7
FNH:0
FNDA:0,(anonymous_0)
FNDA:0,(anonymous_1)
FNDA:0,(anonymous_2)
FNDA:0,(anonymous_3)
FNDA:0,(anonymous_4)
FNDA:0,(anonymous_5)
FNDA:0,(anonymous_6)
DA:1,28
DA:2,28
DA:3,28
DA:7,28
DA:9,28
DA:10,0
DA:32,0
DA:33,0
DA:34,0
DA:37,0
DA:38,0
DA:43,0
DA:46,28
DA:47,0
DA:49,0
DA:55,0
DA:57,0
DA:60,28
DA:61,0
DA:84,0
DA:86,0
DA:89,28
DA:90,0
DA:95,0
DA:97,0
DA:100,28
DA:102,0
DA:103,0
DA:105,0
DA:107,0
DA:108,0
DA:113,0
DA:116,28
DA:117,0
DA:119,0
DA:121,0
DA:123,0
DA:126,28
DA:127,0
DA:129,0
DA:130,0
DA:132,0
DA:136,28
LF:43
LH:12
BRDA:32,0,0,0
BRDA:32,0,1,0
BRDA:100,1,0,0
BRDA:108,2,0,0
BRDA:108,2,1,0
BRDA:130,3,0,0
BRDA:130,3,1,0
BRF:7
BRH:0
end_of_record
TN:
SF:src\models\postReaction.model.js
FN:7,(anonymous_0)
FN:21,(anonymous_1)
FN:34,(anonymous_2)
FNF:3
FNH:0
FNDA:0,(anonymous_0)
FNDA:0,(anonymous_1)
FNDA:0,(anonymous_2)
DA:1,28
DA:2,28
DA:3,28
DA:7,28
DA:8,0
DA:9,0
DA:11,0
DA:13,0
DA:14,0
DA:18,0
DA:21,28
DA:22,0
DA:23,0
DA:25,0
DA:29,0
DA:31,0
DA:34,28
DA:35,0
DA:37,0
DA:40,0
DA:41,0
DA:43,0
DA:47,28
LF:23
LH:7
BRDA:14,0,0,0
BRDA:14,0,1,0
BRDA:41,1,0,0
BRDA:41,1,1,0
BRF:4
BRH:0
end_of_record
TN:
SF:src\models\postResource.model.js
FN:7,(anonymous_0)
FN:22,(anonymous_1)
FN:34,(anonymous_2)
FNF:3
FNH:0
FNDA:0,(anonymous_0)
FNDA:0,(anonymous_1)
FNDA:0,(anonymous_2)
DA:1,28
DA:2,28
DA:3,28
DA:7,28
DA:8,0
DA:9,0
DA:11,0
DA:13,0
DA:14,0
DA:19,0
DA:22,28
DA:23,0
DA:25,0
DA:29,0
DA:31,0
DA:34,28
DA:35,0
DA:38,0
DA:39,0
DA:41,0
DA:45,28
LF:21
LH:7
BRDA:7,0,0,0
BRDA:14,1,0,0
BRDA:14,1,1,0
BRDA:39,2,0,0
BRDA:39,2,1,0
BRF:5
BRH:0
end_of_record
TN:
SF:src\models\program.model.js
FN:7,(anonymous_0)
FN:20,(anonymous_1)
FN:32,(anonymous_2)
FN:47,(anonymous_3)
FN:57,(anonymous_4)
FNF:5
FNH:1
FNDA:1,(anonymous_0)
FNDA:0,(anonymous_1)
FNDA:0,(anonymous_2)
FNDA:0,(anonymous_3)
FNDA:0,(anonymous_4)
DA:1,28
DA:2,28
DA:3,28
DA:7,28
DA:8,1
DA:10,1
DA:11,1
DA:14,0
DA:15,0
DA:17,0
DA:20,28
DA:21,0
DA:23,0
DA:27,0
DA:29,0
DA:32,28
DA:33,0
DA:34,0
DA:36,0
DA:38,0
DA:39,0
DA:44,0
DA:47,28
DA:48,0
DA:50,0
DA:52,0
DA:54,0
DA:57,28
DA:58,0
DA:60,0
DA:61,0
DA:63,0
DA:67,28
LF:33
LH:12
BRDA:10,0,0,1
BRDA:10,0,1,0
BRDA:39,1,0,0
BRDA:39,1,1,0
BRDA:61,2,0,0
BRDA:61,2,1,0
BRF:6
BRH:1
end_of_record
TN:
SF:src\models\reactionType.model.js
FN:7,(anonymous_0)
FN:20,(anonymous_1)
FN:30,(anonymous_2)
FN:45,(anonymous_3)
FN:55,(anonymous_4)
FNF:5
FNH:1
FNDA:1,(anonymous_0)
FNDA:0,(anonymous_1)
FNDA:0,(anonymous_2)
FNDA:0,(anonymous_3)
FNDA:0,(anonymous_4)
DA:1,28
DA:2,28
DA:3,28
DA:7,28
DA:8,1
DA:10,1
DA:11,1
DA:14,0
DA:15,0
DA:17,0
DA:20,28
DA:21,0
DA:25,0
DA:27,0
DA:30,28
DA:31,0
DA:32,0
DA:34,0
DA:36,0
DA:37,0
DA:42,0
DA:45,28
DA:46,0
DA:48,0
DA:50,0
DA:52,0
DA:55,28
DA:56,0
DA:58,0
DA:59,0
DA:61,0
DA:65,28
LF:32
LH:12
BRDA:10,0,0,1
BRDA:10,0,1,0
BRDA:37,1,0,0
BRDA:37,1,1,0
BRDA:59,2,0,0
BRDA:59,2,1,0
BRF:6
BRH:1
end_of_record
TN:
SF:src\models\savedActivity.model.js
FN:7,(anonymous_0)
FN:21,(anonymous_1)
FNF:2
FNH:0
FNDA:0,(anonymous_0)
FNDA:0,(anonymous_1)
DA:1,28
DA:2,28
DA:3,28
DA:7,28
DA:8,0
DA:9,0
DA:11,0
DA:13,0
DA:14,0
DA:18,0
DA:21,28
DA:22,0
DA:24,0
DA:27,0
DA:28,0
DA:30,0
DA:34,28
LF:17
LH:6
BRDA:14,0,0,0
BRDA:14,0,1,0
BRDA:28,1,0,0
BRDA:28,1,1,0
BRF:4
BRH:0
end_of_record
TN:
SF:src\models\student.model.js
FN:8,(anonymous_0)
FN:25,(anonymous_1)
FN:37,(anonymous_2)
FN:51,(anonymous_3)
FN:69,(anonymous_4)
FN:87,(anonymous_5)
FN:107,(anonymous_6)
FN:131,(anonymous_7)
FN:141,(anonymous_8)
FNF:9
FNH:3
FNDA:0,(anonymous_0)
FNDA:446,(anonymous_1)
FNDA:0,(anonymous_2)
FNDA:0,(anonymous_3)
FNDA:0,(anonymous_4)
FNDA:0,(anonymous_5)
FNDA:5,(anonymous_6)
FNDA:2,(anonymous_7)
FNDA:0,(anonymous_8)
DA:1,28
DA:2,28
DA:3,28
DA:4,28
DA:8,28
DA:9,0
DA:15,0
DA:16,0
DA:19,0
DA:20,0
DA:22,0
DA:25,28
DA:26,446
DA:31,446
DA:34,0
DA:37,28
DA:38,0
DA:45,0
DA:48,0
DA:51,28
DA:53,0
DA:57,0
DA:58,0
DA:61,0
DA:62,0
DA:64,0
DA:66,0
DA:69,28
DA:70,0
DA:75,0
DA:76,0
DA:79,0
DA:80,0
DA:82,0
DA:84,0
DA:87,28
DA:88,0
DA:94,0
DA:95,0
DA:98,0
DA:99,0
DA:101,0
DA:103,0
DA:107,28
DA:110,5
DA:118,5
DA:120,5
DA:122,5
DA:123,0
DA:128,0
DA:131,28
DA:132,2
DA:134,2
DA:136,2
DA:138,0
DA:141,28
DA:142,0
DA:144,0
DA:145,0
DA:147,0
DA:151,28
LF:61
LH:23
BRDA:15,0,0,0
BRDA:15,0,1,0
BRDA:57,1,0,0
BRDA:57,1,1,0
BRDA:75,2,0,0
BRDA:75,2,1,0
BRDA:94,3,0,0
BRDA:94,3,1,0
BRDA:108,4,0,0
BRDA:108,5,0,3
BRDA:123,6,0,0
BRDA:123,6,1,0
BRDA:145,7,0,0
BRDA:145,7,1,0
BRF:14
BRH:1
end_of_record
TN:
SF:src\models\studentConnection.model.js
FN:8,(anonymous_0)
FN:29,(anonymous_1)
FN:42,(anonymous_2)
FN:52,(anonymous_3)
FN:69,(anonymous_4)
FN:80,(anonymous_5)
FNF:6
FNH:0
FNDA:0,(anonymous_0)
FNDA:0,(anonymous_1)
FNDA:0,(anonymous_2)
FNDA:0,(anonymous_3)
FNDA:0,(anonymous_4)
FNDA:0,(anonymous_5)
DA:1,28
DA:2,28
DA:3,28
DA:4,28
DA:8,28
DA:9,0
DA:19,0
DA:20,0
DA:23,0
DA:24,0
DA:26,0
DA:29,28
DA:30,0
DA:39,0
DA:42,28
DA:43,0
DA:47,0
DA:49,0
DA:52,28
DA:53,0
DA:54,0
DA:56,0
DA:60,0
DA:61,0
DA:66,0
DA:69,28
DA:70,0
DA:71,0
DA:73,0
DA:75,0
DA:77,0
DA:80,28
DA:81,0
DA:83,0
DA:84,0
DA:86,0
DA:90,28
LF:37
LH:11
BRDA:19,0,0,0
BRDA:19,0,1,0
BRDA:61,1,0,0
BRDA:61,1,1,0
BRDA:69,2,0,0
BRDA:84,3,0,0
BRDA:84,3,1,0
BRF:7
BRH:0
end_of_record
TN:
SF:src\models\studentStatus.model.js
FN:7,(anonymous_0)
FN:20,(anonymous_1)
FN:32,(anonymous_2)
FN:47,(anonymous_3)
FN:57,(anonymous_4)
FNF:5
FNH:1
FNDA:1,(anonymous_0)
FNDA:0,(anonymous_1)
FNDA:0,(anonymous_2)
FNDA:0,(anonymous_3)
FNDA:0,(anonymous_4)
DA:1,28
DA:2,28
DA:3,28
DA:7,28
DA:8,1
DA:10,1
DA:11,1
DA:14,0
DA:15,0
DA:17,0
DA:20,28
DA:21,0
DA:23,0
DA:27,0
DA:29,0
DA:32,28
DA:33,0
DA:34,0
DA:36,0
DA:38,0
DA:39,0
DA:44,0
DA:47,28
DA:48,0
DA:50,0
DA:52,0
DA:54,0
DA:57,28
DA:58,0
DA:60,0
DA:61,0
DA:63,0
DA:67,28
LF:33
LH:12
BRDA:10,0,0,1
BRDA:10,0,1,0
BRDA:39,1,0,0
BRDA:39,1,1,0
BRDA:61,2,0,0
BRDA:61,2,1,0
BRF:6
BRH:1
end_of_record
TN:
SF:src\models\subject.model.js
FN:7,(anonymous_0)
FN:20,(anonymous_1)
FN:30,(anonymous_2)
FN:44,(anonymous_3)
FN:54,(anonymous_4)
FNF:5
FNH:0
FNDA:0,(anonymous_0)
FNDA:0,(anonymous_1)
FNDA:0,(anonymous_2)
FNDA:0,(anonymous_3)
FNDA:0,(anonymous_4)
DA:1,28
DA:2,28
DA:3,28
DA:7,28
DA:8,0
DA:10,0
DA:11,0
DA:14,0
DA:15,0
DA:17,0
DA:20,28
DA:21,0
DA:25,0
DA:27,0
DA:30,28
DA:31,0
DA:32,0
DA:34,0
DA:36,0
DA:37,0
DA:41,0
DA:44,28
DA:45,0
DA:47,0
DA:49,0
DA:51,0
DA:54,28
DA:55,0
DA:57,0
DA:58,0
DA:60,0
DA:64,28
LF:32
LH:9
BRDA:10,0,0,0
BRDA:10,0,1,0
BRDA:37,1,0,0
BRDA:37,1,1,0
BRDA:58,2,0,0
BRDA:58,2,1,0
BRF:6
BRH:0
end_of_record
TN:
SF:src\models\teacher.model.js
FN:7,(anonymous_0)
FN:20,(anonymous_1)
FN:30,(anonymous_2)
FN:45,(anonymous_3)
FN:55,(anonymous_4)
FNF:5
FNH:0
FNDA:0,(anonymous_0)
FNDA:0,(anonymous_1)
FNDA:0,(anonymous_2)
FNDA:0,(anonymous_3)
FNDA:0,(anonymous_4)
DA:1,28
DA:2,28
DA:3,28
DA:7,28
DA:8,0
DA:10,0
DA:11,0
DA:14,0
DA:15,0
DA:17,0
DA:20,28
DA:21,0
DA:25,0
DA:27,0
DA:30,28
DA:31,0
DA:32,0
DA:34,0
DA:36,0
DA:37,0
DA:42,0
DA:45,28
DA:46,0
DA:48,0
DA:50,0
DA:52,0
DA:55,28
DA:56,0
DA:58,0
DA:59,0
DA:61,0
DA:65,28
LF:32
LH:9
BRDA:10,0,0,0
BRDA:10,0,1,0
BRDA:37,1,0,0
BRDA:37,1,1,0
BRDA:45,2,0,0
BRDA:59,3,0,0
BRDA:59,3,1,0
BRF:7
BRH:0
end_of_record
TN:
SF:src\models\teacherReview.model.js
FN:7,(anonymous_0)
FN:31,(anonymous_1)
FN:61,(anonymous_2)
FN:83,(anonymous_3)
FNF:4
FNH:0
FNDA:0,(anonymous_0)
FNDA:0,(anonymous_1)
FNDA:0,(anonymous_2)
FNDA:0,(anonymous_3)
DA:1,28
DA:2,28
DA:3,28
DA:7,28
DA:8,0
DA:20,0
DA:21,0
DA:22,0
DA:25,0
DA:26,0
DA:28,0
DA:31,28
DA:33,0
DA:34,0
DA:48,0
DA:56,0
DA:58,0
DA:61,28
DA:66,0
DA:70,0
DA:72,0
DA:74,0
DA:75,0
DA:80,0
DA:83,28
DA:84,0
DA:86,0
DA:87,0
DA:89,0
DA:93,28
LF:30
LH:8
BRDA:20,0,0,0
BRDA:20,0,1,0
BRDA:31,1,0,0
BRDA:33,2,0,0
BRDA:33,2,1,0
BRDA:64,3,0,0
BRDA:75,4,0,0
BRDA:75,4,1,0
BRDA:83,5,0,0
BRDA:87,6,0,0
BRDA:87,6,1,0
BRF:11
BRH:0
end_of_record
TN:
SF:src\models\term.model.js
FN:7,(anonymous_0)
FN:20,(anonymous_1)
FN:30,(anonymous_2)
FN:45,(anonymous_3)
FN:55,(anonymous_4)
FNF:5
FNH:0
FNDA:0,(anonymous_0)
FNDA:0,(anonymous_1)
FNDA:0,(anonymous_2)
FNDA:0,(anonymous_3)
FNDA:0,(anonymous_4)
DA:1,28
DA:2,28
DA:3,28
DA:7,28
DA:8,0
DA:10,0
DA:11,0
DA:14,0
DA:15,0
DA:17,0
DA:20,28
DA:21,0
DA:25,0
DA:27,0
DA:30,28
DA:31,0
DA:32,0
DA:34,0
DA:36,0
DA:37,0
DA:42,0
DA:45,28
DA:46,0
DA:48,0
DA:50,0
DA:52,0
DA:55,28
DA:56,0
DA:58,0
DA:59,0
DA:61,0
DA:65,28
LF:32
LH:9
BRDA:10,0,0,0
BRDA:10,0,1,0
BRDA:37,1,0,0
BRDA:37,1,1,0
BRDA:59,2,0,0
BRDA:59,2,1,0
BRF:6
BRH:0
end_of_record
TN:
SF:src\models\timeslot.model.js
FN:7,(anonymous_0)
FN:20,(anonymous_1)
FN:40,(anonymous_2)
FN:50,(anonymous_3)
FN:65,(anonymous_4)
FN:75,(anonymous_5)
FNF:6
FNH:1
FNDA:1,(anonymous_0)
FNDA:0,(anonymous_1)
FNDA:0,(anonymous_2)
FNDA:0,(anonymous_3)
FNDA:0,(anonymous_4)
FNDA:0,(anonymous_5)
DA:1,28
DA:2,28
DA:3,28
DA:7,28
DA:8,1
DA:10,1
DA:11,1
DA:14,0
DA:15,0
DA:17,0
DA:20,28
DA:21,0
DA:23,0
DA:25,0
DA:26,0
DA:28,0
DA:29,0
DA:30,0
DA:31,0
DA:32,0
DA:35,0
DA:37,0
DA:40,28
DA:41,0
DA:45,0
DA:47,0
DA:50,28
DA:51,0
DA:52,0
DA:54,0
DA:56,0
DA:57,0
DA:62,0
DA:65,28
DA:66,0
DA:68,0
DA:70,0
DA:72,0
DA:75,28
DA:76,0
DA:78,0
DA:79,0
DA:81,0
DA:85,28
LF:44
LH:13
BRDA:10,0,0,1
BRDA:10,0,1,0
BRDA:25,1,0,0
BRDA:25,1,1,0
BRDA:25,2,0,0
BRDA:25,2,1,0
BRDA:29,3,0,0
BRDA:29,3,1,0
BRDA:29,4,0,0
BRDA:29,4,1,0
BRDA:31,5,0,0
BRDA:31,5,1,0
BRDA:31,6,0,0
BRDA:31,6,1,0
BRDA:57,7,0,0
BRDA:57,7,1,0
BRDA:79,8,0,0
BRDA:79,8,1,0
BRF:18
BRH:1
end_of_record
TN:
SF:src\models\timetable.model.js
FN:7,(anonymous_0)
FN:20,(anonymous_1)
FN:53,(anonymous_2)
FN:68,(anonymous_3)
FN:79,(anonymous_4)
FNF:5
FNH:0
FNDA:0,(anonymous_0)
FNDA:0,(anonymous_1)
FNDA:0,(anonymous_2)
FNDA:0,(anonymous_3)
FNDA:0,(anonymous_4)
DA:1,28
DA:2,28
DA:3,28
DA:7,28
DA:8,0
DA:10,0
DA:11,0
DA:14,0
DA:15,0
DA:17,0
DA:20,28
DA:22,0
DA:23,0
DA:45,0
DA:48,0
DA:50,0
DA:53,28
DA:54,0
DA:55,0
DA:57,0
DA:59,0
DA:60,0
DA:65,0
DA:68,28
DA:69,0
DA:70,0
DA:72,0
DA:74,0
DA:76,0
DA:79,28
DA:80,0
DA:82,0
DA:83,0
DA:85,0
DA:89,28
LF:35
LH:9
BRDA:10,0,0,0
BRDA:10,0,1,0
BRDA:20,1,0,0
BRDA:22,2,0,0
BRDA:22,2,1,0
BRDA:50,3,0,0
BRDA:50,3,1,0
BRDA:53,4,0,0
BRDA:53,5,0,0
BRDA:60,6,0,0
BRDA:60,6,1,0
BRDA:68,7,0,0
BRDA:83,8,0,0
BRDA:83,8,1,0
BRF:14
BRH:0
end_of_record
TN:
SF:src\models\timetableClass.model.js
FN:7,(anonymous_0)
FN:21,(anonymous_1)
FN:33,(anonymous_2)
FN:45,(anonymous_3)
FNF:4
FNH:0
FNDA:0,(anonymous_0)
FNDA:0,(anonymous_1)
FNDA:0,(anonymous_2)
FNDA:0,(anonymous_3)
DA:1,28
DA:2,28
DA:3,28
DA:7,28
DA:8,0
DA:9,0
DA:11,0
DA:13,0
DA:14,0
DA:18,0
DA:21,28
DA:23,0
DA:27,0
DA:28,0
DA:30,0
DA:33,28
DA:34,0
DA:36,0
DA:39,0
DA:40,0
DA:42,0
DA:45,28
DA:46,0
DA:49,0
DA:50,0
DA:52,0
DA:56,28
LF:27
LH:8
BRDA:14,0,0,0
BRDA:14,0,1,0
BRDA:21,1,0,0
BRDA:28,2,0,0
BRDA:28,2,1,0
BRDA:40,3,0,0
BRDA:40,3,1,0
BRDA:45,4,0,0
BRDA:50,5,0,0
BRDA:50,5,1,0
BRF:10
BRH:0
end_of_record
TN:
SF:src\repositories\activity.repository.js
FN:12,(anonymous_0)
FN:19,(anonymous_1)
FN:28,(anonymous_2)
FN:34,(anonymous_3)
FN:44,(anonymous_4)
FN:65,(anonymous_5)
FNF:6
FNH:0
FNDA:0,(anonymous_0)
FNDA:0,(anonymous_1)
FNDA:0,(anonymous_2)
FNDA:0,(anonymous_3)
FNDA:0,(anonymous_4)
FNDA:0,(anonymous_5)
DA:1,28
DA:3,28
DA:9,28
DA:12,28
DA:14,0
DA:16,0
DA:19,28
DA:20,0
DA:21,0
DA:22,0
DA:25,0
DA:28,28
DA:29,0
DA:31,0
DA:34,28
DA:35,0
DA:37,0
DA:38,0
DA:41,0
DA:44,28
DA:45,0
DA:47,0
DA:48,0
DA:51,0
DA:53,0
DA:54,0
DA:56,0
DA:62,0
DA:65,28
DA:66,0
DA:67,0
DA:68,0
DA:71,0
DA:75,0
DA:79,28
LF:35
LH:10
BRDA:12,0,0,0
BRDA:21,1,0,0
BRDA:21,1,1,0
BRDA:37,2,0,0
BRDA:37,2,1,0
BRDA:47,3,0,0
BRDA:47,3,1,0
BRDA:53,4,0,0
BRDA:53,4,1,0
BRDA:54,5,0,0
BRDA:54,5,1,0
BRDA:54,6,0,0
BRDA:54,6,1,0
BRDA:67,7,0,0
BRDA:67,7,1,0
BRF:15
BRH:0
end_of_record
TN:
SF:src\repositories\activityAttendee.repository.js
FN:12,(anonymous_0)
FN:21,(anonymous_1)
FN:42,(anonymous_2)
FNF:3
FNH:0
FNDA:0,(anonymous_0)
FNDA:0,(anonymous_1)
FNDA:0,(anonymous_2)
DA:1,28
DA:7,28
DA:8,28
DA:12,28
DA:13,0
DA:14,0
DA:15,0
DA:18,0
DA:21,28
DA:22,0
DA:24,0
DA:25,0
DA:28,0
DA:30,0
DA:31,0
DA:33,0
DA:39,0
DA:42,28
DA:43,0
DA:44,0
DA:45,0
DA:48,0
DA:52,0
DA:56,28
LF:24
LH:7
BRDA:14,0,0,0
BRDA:14,0,1,0
BRDA:24,1,0,0
BRDA:24,1,1,0
BRDA:30,2,0,0
BRDA:30,2,1,0
BRDA:31,3,0,0
BRDA:31,3,1,0
BRDA:31,4,0,0
BRDA:31,4,1,0
BRDA:44,5,0,0
BRDA:44,5,1,0
BRF:12
BRH:0
end_of_record
TN:
SF:src\repositories\activityStatus.repository.js
FN:11,(anonymous_0)
FN:21,(anonymous_1)
FN:30,(anonymous_2)
FN:39,(anonymous_3)
FN:60,(anonymous_4)
FNF:5
FNH:1
FNDA:2,(anonymous_0)
FNDA:0,(anonymous_1)
FNDA:0,(anonymous_2)
FNDA:0,(anonymous_3)
FNDA:0,(anonymous_4)
DA:1,28
DA:7,28
DA:8,28
DA:11,28
DA:13,2
DA:14,1
DA:15,1
DA:18,0
DA:21,28
DA:22,0
DA:23,0
DA:24,0
DA:27,0
DA:30,28
DA:31,0
DA:32,0
DA:33,0
DA:36,0
DA:39,28
DA:40,0
DA:42,0
DA:43,0
DA:46,0
DA:48,0
DA:49,0
DA:51,0
DA:57,0
DA:60,28
DA:61,0
DA:62,0
DA:63,0
DA:66,0
DA:70,0
DA:74,28
LF:34
LH:12
BRDA:11,0,0,2
BRDA:14,1,0,1
BRDA:14,1,1,0
BRDA:23,2,0,0
BRDA:23,2,1,0
BRDA:32,3,0,0
BRDA:32,3,1,0
BRDA:42,4,0,0
BRDA:42,4,1,0
BRDA:48,5,0,0
BRDA:48,5,1,0
BRDA:49,6,0,0
BRDA:49,6,1,0
BRDA:49,7,0,0
BRDA:49,7,1,0
BRDA:62,8,0,0
BRDA:62,8,1,0
BRF:17
BRH:2
end_of_record
TN:
SF:src\repositories\activityType.repository.js
FN:11,(anonymous_0)
FN:21,(anonymous_1)
FN:30,(anonymous_2)
FN:39,(anonymous_3)
FN:60,(anonymous_4)
FNF:5
FNH:1
FNDA:2,(anonymous_0)
FNDA:0,(anonymous_1)
FNDA:0,(anonymous_2)
FNDA:0,(anonymous_3)
FNDA:0,(anonymous_4)
DA:1,28
DA:7,28
DA:8,28
DA:11,28
DA:13,2
DA:14,1
DA:15,1
DA:18,0
DA:21,28
DA:22,0
DA:23,0
DA:24,0
DA:27,0
DA:30,28
DA:31,0
DA:32,0
DA:33,0
DA:36,0
DA:39,28
DA:40,0
DA:42,0
DA:43,0
DA:46,0
DA:48,0
DA:49,0
DA:51,0
DA:57,0
DA:60,28
DA:61,0
DA:62,0
DA:63,0
DA:66,0
DA:70,0
DA:74,28
LF:34
LH:12
BRDA:11,0,0,2
BRDA:14,1,0,1
BRDA:14,1,1,0
BRDA:23,2,0,0
BRDA:23,2,1,0
BRDA:32,3,0,0
BRDA:32,3,1,0
BRDA:42,4,0,0
BRDA:42,4,1,0
BRDA:48,5,0,0
BRDA:48,5,1,0
BRDA:49,6,0,0
BRDA:49,6,1,0
BRDA:49,7,0,0
BRDA:49,7,1,0
BRDA:62,8,0,0
BRDA:62,8,1,0
BRF:17
BRH:2
end_of_record
TN:
SF:src\repositories\auth.repository.js
FN:27,(anonymous_0)
FN:41,(anonymous_1)
FN:76,(anonymous_2)
FN:93,(anonymous_3)
FN:116,(anonymous_4)
FN:135,(anonymous_5)
FN:153,(anonymous_6)
FN:157,(anonymous_7)
FN:169,(anonymous_8)
FN:181,(anonymous_9)
FN:213,(anonymous_10)
FNF:11
FNH:8
FNDA:5,(anonymous_0)
FNDA:2,(anonymous_1)
FNDA:5,(anonymous_2)
FNDA:0,(anonymous_3)
FNDA:3,(anonymous_4)
FNDA:2,(anonymous_5)
FNDA:0,(anonymous_6)
FNDA:2,(anonymous_7)
FNDA:0,(anonymous_8)
FNDA:2,(anonymous_9)
FNDA:2,(anonymous_10)
DA:1,28
DA:2,28
DA:3,28
DA:12,28
DA:16,28
DA:17,28
DA:18,28
DA:19,28
DA:20,28
DA:22,28
DA:23,28
DA:27,28
DA:28,5
DA:30,5
DA:32,5
DA:34,0
DA:35,0
DA:38,0
DA:41,28
DA:42,2
DA:43,0
DA:44,0
DA:47,0
DA:49,0
DA:50,0
DA:54,0
DA:55,0
DA:59,0
DA:60,0
DA:61,0
DA:62,0
DA:64,0
DA:66,0
DA:68,0
DA:73,0
DA:76,28
DA:77,5
DA:78,5
DA:79,0
DA:80,0
DA:83,0
DA:85,0
DA:86,0
DA:92,0
DA:93,0
DA:94,0
DA:95,0
DA:96,0
DA:97,0
DA:98,0
DA:102,0
DA:105,0
DA:106,0
DA:109,0
DA:113,0
DA:116,28
DA:117,3
DA:118,3
DA:120,0
DA:121,0
DA:124,0
DA:126,0
DA:127,0
DA:130,0
DA:132,0
DA:135,28
DA:136,2
DA:138,0
DA:139,0
DA:142,0
DA:144,0
DA:146,0
DA:148,0
DA:150,0
DA:153,28
DA:154,0
DA:157,28
DA:158,2
DA:160,2
DA:161,2
DA:163,2
DA:164,2
DA:166,0
DA:169,28
DA:170,0
DA:172,0
DA:173,0
DA:175,0
DA:176,0
DA:181,28
DA:182,2
DA:183,2
DA:185,0
DA:186,0
DA:189,0
DA:191,0
DA:192,0
DA:194,0
DA:195,0
DA:198,0
DA:200,0
DA:201,0
DA:204,0
DA:206,0
DA:207,0
DA:210,0
DA:213,28
DA:214,2
DA:216,2
DA:218,2
DA:220,0
DA:221,0
DA:223,0
DA:225,0
DA:226,0
DA:228,0
DA:234,0
DA:238,28
LF:118
LH:41
BRDA:34,0,0,0
BRDA:34,0,1,0
BRDA:41,1,0,2
BRDA:43,2,0,0
BRDA:43,2,1,0
BRDA:49,3,0,0
BRDA:49,3,1,0
BRDA:61,4,0,0
BRDA:61,4,1,0
BRDA:79,5,0,0
BRDA:79,5,1,0
BRDA:85,6,0,0
BRDA:85,6,1,0
BRDA:94,7,0,0
BRDA:94,7,1,0
BRDA:95,8,0,0
BRDA:95,8,1,0
BRDA:97,9,0,0
BRDA:97,9,1,0
BRDA:105,10,0,0
BRDA:105,10,1,0
BRDA:120,11,0,0
BRDA:120,11,1,0
BRDA:126,12,0,0
BRDA:126,12,1,0
BRDA:138,13,0,0
BRDA:138,13,1,0
BRDA:166,14,0,0
BRDA:166,14,1,0
BRDA:166,15,0,0
BRDA:166,15,1,0
BRDA:172,16,0,0
BRDA:172,16,1,0
BRDA:175,17,0,0
BRDA:175,17,1,0
BRDA:185,18,0,0
BRDA:185,18,1,0
BRDA:194,19,0,0
BRDA:194,19,1,0
BRDA:200,20,0,0
BRDA:200,20,1,0
BRDA:206,21,0,0
BRDA:206,21,1,0
BRDA:220,22,0,0
BRDA:220,22,1,0
BRDA:225,23,0,0
BRDA:225,23,1,0
BRDA:226,24,0,0
BRDA:226,24,1,0
BRDA:226,25,0,0
BRDA:226,25,1,0
BRF:51
BRH:1
end_of_record
TN:
SF:src\repositories\campus.repository.js
FN:11,(anonymous_0)
FN:21,(anonymous_1)
FN:30,(anonymous_2)
FN:39,(anonymous_3)
FN:60,(anonymous_4)
FNF:5
FNH:1
FNDA:2,(anonymous_0)
FNDA:0,(anonymous_1)
FNDA:0,(anonymous_2)
FNDA:0,(anonymous_3)
FNDA:0,(anonymous_4)
DA:1,28
DA:7,28
DA:8,28
DA:11,28
DA:13,2
DA:14,1
DA:15,1
DA:18,0
DA:21,28
DA:22,0
DA:23,0
DA:24,0
DA:27,0
DA:30,28
DA:31,0
DA:32,0
DA:33,0
DA:36,0
DA:39,28
DA:40,0
DA:42,0
DA:43,0
DA:46,0
DA:48,0
DA:49,0
DA:51,0
DA:57,0
DA:60,28
DA:61,0
DA:62,0
DA:63,0
DA:66,0
DA:70,0
DA:74,28
LF:34
LH:12
BRDA:11,0,0,2
BRDA:14,1,0,1
BRDA:14,1,1,0
BRDA:23,2,0,0
BRDA:23,2,1,0
BRDA:32,3,0,0
BRDA:32,3,1,0
BRDA:42,4,0,0
BRDA:42,4,1,0
BRDA:48,5,0,0
BRDA:48,5,1,0
BRDA:49,6,0,0
BRDA:49,6,1,0
BRDA:49,7,0,0
BRDA:49,7,1,0
BRDA:62,8,0,0
BRDA:62,8,1,0
BRF:17
BRH:2
end_of_record
TN:
SF:src\repositories\campusSpot.repository.js
FN:11,(anonymous_0)
FN:21,(anonymous_1)
FN:30,(anonymous_2)
FN:39,(anonymous_3)
FN:60,(anonymous_4)
FNF:5
FNH:1
FNDA:2,(anonymous_0)
FNDA:0,(anonymous_1)
FNDA:0,(anonymous_2)
FNDA:0,(anonymous_3)
FNDA:0,(anonymous_4)
DA:1,28
DA:7,28
DA:8,28
DA:11,28
DA:13,2
DA:14,1
DA:15,1
DA:18,0
DA:21,28
DA:22,0
DA:23,0
DA:24,0
DA:27,0
DA:30,28
DA:31,0
DA:32,0
DA:33,0
DA:36,0
DA:39,28
DA:40,0
DA:42,0
DA:43,0
DA:46,0
DA:48,0
DA:49,0
DA:51,0
DA:57,0
DA:60,28
DA:61,0
DA:62,0
DA:63,0
DA:66,0
DA:70,0
DA:74,28
LF:34
LH:12
BRDA:11,0,0,2
BRDA:14,1,0,1
BRDA:14,1,1,0
BRDA:23,2,0,0
BRDA:23,2,1,0
BRDA:32,3,0,0
BRDA:32,3,1,0
BRDA:42,4,0,0
BRDA:42,4,1,0
BRDA:48,5,0,0
BRDA:48,5,1,0
BRDA:49,6,0,0
BRDA:49,6,1,0
BRDA:49,7,0,0
BRDA:49,7,1,0
BRDA:62,8,0,0
BRDA:62,8,1,0
BRF:17
BRH:2
end_of_record
TN:
SF:src\repositories\class.repository.js
FN:12,(anonymous_0)
FN:19,(anonymous_1)
FN:64,(anonymous_2)
FN:112,(anonymous_3)
FN:122,(anonymous_4)
FN:123,(anonymous_5)
FN:137,(anonymous_6)
FN:158,(anonymous_7)
FNF:8
FNH:0
FNDA:0,(anonymous_0)
FNDA:0,(anonymous_1)
FNDA:0,(anonymous_2)
FNDA:0,(anonymous_3)
FNDA:0,(anonymous_4)
FNDA:0,(anonymous_5)
FNDA:0,(anonymous_6)
FNDA:0,(anonymous_7)
DA:1,28
DA:3,28
DA:9,28
DA:12,28
DA:14,0
DA:15,0
DA:16,0
DA:19,0
DA:20,0
DA:58,0
DA:61,0
DA:64,28
DA:65,0
DA:66,0
DA:67,0
DA:70,0
DA:109,0
DA:112,28
DA:113,0
DA:115,0
DA:116,0
DA:119,0
DA:122,28
DA:123,0
DA:124,0
DA:125,0
DA:128,0
DA:130,0
DA:131,0
DA:134,0
DA:137,28
DA:138,0
DA:140,0
DA:141,0
DA:144,0
DA:146,0
DA:147,0
DA:149,0
DA:155,0
DA:158,28
DA:159,0
DA:160,0
DA:161,0
DA:164,0
DA:168,0
DA:172,28
LF:46
LH:10
BRDA:12,0,0,0
BRDA:15,1,0,0
BRDA:15,1,1,0
BRDA:66,2,0,0
BRDA:66,2,1,0
BRDA:115,3,0,0
BRDA:115,3,1,0
BRDA:124,4,0,0
BRDA:124,4,1,0
BRDA:130,5,0,0
BRDA:130,5,1,0
BRDA:140,6,0,0
BRDA:140,6,1,0
BRDA:146,7,0,0
BRDA:146,7,1,0
BRDA:147,8,0,0
BRDA:147,8,1,0
BRDA:147,9,0,0
BRDA:147,9,1,0
BRDA:160,10,0,0
BRDA:160,10,1,0
BRF:21
BRH:0
end_of_record
TN:
SF:src\repositories\classroom.repository.js
FN:10,(anonymous_0)
FN:20,(anonymous_1)
FN:29,(anonymous_2)
FN:38,(anonymous_3)
FN:59,(anonymous_4)
FNF:5
FNH:0
FNDA:0,(anonymous_0)
FNDA:0,(anonymous_1)
FNDA:0,(anonymous_2)
FNDA:0,(anonymous_3)
FNDA:0,(anonymous_4)
DA:1,28
DA:7,28
DA:8,28
DA:10,28
DA:12,0
DA:13,0
DA:14,0
DA:17,0
DA:20,28
DA:21,0
DA:22,0
DA:23,0
DA:26,0
DA:29,28
DA:30,0
DA:31,0
DA:32,0
DA:35,0
DA:38,28
DA:39,0
DA:41,0
DA:42,0
DA:45,0
DA:47,0
DA:48,0
DA:50,0
DA:56,0
DA:59,28
DA:60,0
DA:61,0
DA:62,0
DA:65,0
DA:69,0
DA:73,28
LF:34
LH:9
BRDA:10,0,0,0
BRDA:13,1,0,0
BRDA:13,1,1,0
BRDA:22,2,0,0
BRDA:22,2,1,0
BRDA:31,3,0,0
BRDA:31,3,1,0
BRDA:41,4,0,0
BRDA:41,4,1,0
BRDA:47,5,0,0
BRDA:47,5,1,0
BRDA:48,6,0,0
BRDA:48,6,1,0
BRDA:48,7,0,0
BRDA:48,7,1,0
BRDA:61,8,0,0
BRDA:61,8,1,0
BRF:17
BRH:0
end_of_record
TN:
SF:src\repositories\hangoutRequest.repository.js
FN:12,(anonymous_0)
FN:16,(anonymous_1)
FN:28,(anonymous_2)
FN:43,(anonymous_3)
FN:52,(anonymous_4)
FN:73,(anonymous_5)
FNF:6
FNH:0
FNDA:0,(anonymous_0)
FNDA:0,(anonymous_1)
FNDA:0,(anonymous_2)
FNDA:0,(anonymous_3)
FNDA:0,(anonymous_4)
FNDA:0,(anonymous_5)
DA:1,28
DA:7,28
DA:8,28
DA:12,28
DA:14,0
DA:16,0
DA:17,0
DA:22,0
DA:25,0
DA:28,28
DA:29,0
DA:30,0
DA:31,0
DA:34,0
DA:40,0
DA:43,28
DA:44,0
DA:45,0
DA:46,0
DA:49,0
DA:52,28
DA:53,0
DA:55,0
DA:56,0
DA:59,0
DA:61,0
DA:62,0
DA:64,0
DA:70,0
DA:73,28
DA:74,0
DA:75,0
DA:76,0
DA:79,0
DA:83,0
DA:87,28
LF:36
LH:9
BRDA:30,0,0,0
BRDA:30,0,1,0
BRDA:45,1,0,0
BRDA:45,1,1,0
BRDA:55,2,0,0
BRDA:55,2,1,0
BRDA:61,3,0,0
BRDA:61,3,1,0
BRDA:62,4,0,0
BRDA:62,4,1,0
BRDA:62,5,0,0
BRDA:62,5,1,0
BRDA:75,6,0,0
BRDA:75,6,1,0
BRF:14
BRH:0
end_of_record
TN:
SF:src\repositories\hobby.repository.js
FN:11,(anonymous_0)
FN:21,(anonymous_1)
FN:30,(anonymous_2)
FN:39,(anonymous_3)
FN:60,(anonymous_4)
FNF:5
FNH:1
FNDA:2,(anonymous_0)
FNDA:0,(anonymous_1)
FNDA:0,(anonymous_2)
FNDA:0,(anonymous_3)
FNDA:0,(anonymous_4)
DA:1,28
DA:7,28
DA:8,28
DA:11,28
DA:13,2
DA:14,1
DA:15,1
DA:18,0
DA:21,28
DA:22,0
DA:23,0
DA:24,0
DA:27,0
DA:30,28
DA:31,0
DA:32,0
DA:33,0
DA:36,0
DA:39,28
DA:40,0
DA:42,0
DA:43,0
DA:46,0
DA:48,0
DA:49,0
DA:51,0
DA:57,0
DA:60,28
DA:61,0
DA:62,0
DA:63,0
DA:66,0
DA:70,0
DA:74,28
LF:34
LH:12
BRDA:11,0,0,2
BRDA:14,1,0,1
BRDA:14,1,1,0
BRDA:23,2,0,0
BRDA:23,2,1,0
BRDA:32,3,0,0
BRDA:32,3,1,0
BRDA:42,4,0,0
BRDA:42,4,1,0
BRDA:48,5,0,0
BRDA:48,5,1,0
BRDA:49,6,0,0
BRDA:49,6,1,0
BRDA:49,7,0,0
BRDA:49,7,1,0
BRDA:62,8,0,0
BRDA:62,8,1,0
BRF:17
BRH:2
end_of_record
TN:
SF:src\repositories\interest.repository.js
FN:11,(anonymous_0)
FN:21,(anonymous_1)
FN:30,(anonymous_2)
FN:39,(anonymous_3)
FN:60,(anonymous_4)
FNF:5
FNH:1
FNDA:2,(anonymous_0)
FNDA:0,(anonymous_1)
FNDA:0,(anonymous_2)
FNDA:0,(anonymous_3)
FNDA:0,(anonymous_4)
DA:1,28
DA:7,28
DA:8,28
DA:11,28
DA:13,2
DA:14,1
DA:15,1
DA:18,0
DA:21,28
DA:22,0
DA:23,0
DA:24,0
DA:27,0
DA:30,28
DA:31,0
DA:32,0
DA:33,0
DA:36,0
DA:39,28
DA:40,0
DA:42,0
DA:43,0
DA:46,0
DA:48,0
DA:49,0
DA:51,0
DA:57,0
DA:60,28
DA:61,0
DA:62,0
DA:63,0
DA:66,0
DA:70,0
DA:74,28
LF:34
LH:12
BRDA:11,0,0,2
BRDA:14,1,0,1
BRDA:14,1,1,0
BRDA:23,2,0,0
BRDA:23,2,1,0
BRDA:32,3,0,0
BRDA:32,3,1,0
BRDA:42,4,0,0
BRDA:42,4,1,0
BRDA:48,5,0,0
BRDA:48,5,1,0
BRDA:49,6,0,0
BRDA:49,6,1,0
BRDA:49,7,0,0
BRDA:49,7,1,0
BRDA:62,8,0,0
BRDA:62,8,1,0
BRF:17
BRH:2
end_of_record
TN:
SF:src\repositories\post.repository.js
FN:14,(anonymous_0)
FN:105,(anonymous_1)
FN:193,(anonymous_2)
FN:199,(anonymous_3)
FN:235,(anonymous_4)
FN:256,(anonymous_5)
FNF:6
FNH:0
FNDA:0,(anonymous_0)
FNDA:0,(anonymous_1)
FNDA:0,(anonymous_2)
FNDA:0,(anonymous_3)
FNDA:0,(anonymous_4)
FNDA:0,(anonymous_5)
DA:1,28
DA:3,28
DA:4,28
DA:5,28
DA:11,28
DA:14,28
DA:16,0
DA:18,0
DA:19,0
DA:21,0
DA:22,0
DA:27,0
DA:29,0
DA:35,0
DA:37,0
DA:43,0
DA:46,0
DA:49,0
DA:51,0
DA:52,0
DA:56,0
DA:58,0
DA:59,0
DA:64,0
DA:66,0
DA:68,0
DA:70,0
DA:73,0
DA:81,0
DA:83,0
DA:85,0
DA:87,0
DA:90,0
DA:100,0
DA:102,0
DA:105,28
DA:106,0
DA:107,0
DA:108,0
DA:111,0
DA:113,0
DA:118,0
DA:120,0
DA:126,0
DA:128,0
DA:134,0
DA:137,0
DA:139,0
DA:140,0
DA:144,0
DA:146,0
DA:147,0
DA:152,0
DA:154,0
DA:156,0
DA:158,0
DA:161,0
DA:169,0
DA:171,0
DA:173,0
DA:175,0
DA:178,0
DA:187,0
DA:188,0
DA:190,0
DA:193,28
DA:194,0
DA:196,0
DA:199,28
DA:200,0
DA:202,0
DA:205,0
DA:206,0
DA:208,0
DA:209,0
DA:212,0
DA:214,0
DA:215,0
DA:220,0
DA:221,0
DA:222,0
DA:226,0
DA:227,0
DA:230,0
DA:232,0
DA:235,28
DA:236,0
DA:238,0
DA:239,0
DA:242,0
DA:244,0
DA:245,0
DA:247,0
DA:253,0
DA:256,28
DA:257,0
DA:258,0
DA:259,0
DA:262,0
DA:266,0
DA:270,28
LF:101
LH:12
BRDA:14,0,0,0
BRDA:29,1,0,0
BRDA:29,1,1,0
BRDA:49,2,0,0
BRDA:49,2,1,0
BRDA:56,3,0,0
BRDA:56,3,1,0
BRDA:64,4,0,0
BRDA:64,4,1,0
BRDA:68,5,0,0
BRDA:68,5,1,0
BRDA:81,6,0,0
BRDA:81,6,1,0
BRDA:85,7,0,0
BRDA:85,7,1,0
BRDA:107,8,0,0
BRDA:107,8,1,0
BRDA:120,9,0,0
BRDA:120,9,1,0
BRDA:137,10,0,0
BRDA:137,10,1,0
BRDA:144,11,0,0
BRDA:144,11,1,0
BRDA:152,12,0,0
BRDA:152,12,1,0
BRDA:156,13,0,0
BRDA:156,13,1,0
BRDA:169,14,0,0
BRDA:169,14,1,0
BRDA:173,15,0,0
BRDA:173,15,1,0
BRDA:208,16,0,0
BRDA:208,16,1,0
BRDA:221,17,0,0
BRDA:221,17,1,0
BRDA:238,18,0,0
BRDA:238,18,1,0
BRDA:244,19,0,0
BRDA:244,19,1,0
BRDA:245,20,0,0
BRDA:245,20,1,0
BRDA:245,21,0,0
BRDA:245,21,1,0
BRDA:258,22,0,0
BRDA:258,22,1,0
BRF:45
BRH:0
end_of_record
TN:
SF:src\repositories\postReaction.repository.js
FN:12,(anonymous_0)
FN:21,(anonymous_1)
FN:42,(anonymous_2)
FNF:3
FNH:0
FNDA:0,(anonymous_0)
FNDA:0,(anonymous_1)
FNDA:0,(anonymous_2)
DA:1,28
DA:7,28
DA:8,28
DA:12,28
DA:13,0
DA:14,0
DA:15,0
DA:18,0
DA:21,28
DA:22,0
DA:24,0
DA:25,0
DA:28,0
DA:30,0
DA:31,0
DA:33,0
DA:39,0
DA:42,28
DA:43,0
DA:44,0
DA:45,0
DA:48,0
DA:52,0
DA:56,28
LF:24
LH:7
BRDA:14,0,0,0
BRDA:14,0,1,0
BRDA:24,1,0,0
BRDA:24,1,1,0
BRDA:30,2,0,0
BRDA:30,2,1,0
BRDA:31,3,0,0
BRDA:31,3,1,0
BRDA:31,4,0,0
BRDA:31,4,1,0
BRDA:44,5,0,0
BRDA:44,5,1,0
BRF:12
BRH:0
end_of_record
TN:
SF:src\repositories\program.repository.js
FN:11,(anonymous_0)
FN:21,(anonymous_1)
FN:30,(anonymous_2)
FN:39,(anonymous_3)
FN:60,(anonymous_4)
FNF:5
FNH:1
FNDA:2,(anonymous_0)
FNDA:0,(anonymous_1)
FNDA:0,(anonymous_2)
FNDA:0,(anonymous_3)
FNDA:0,(anonymous_4)
DA:1,28
DA:7,28
DA:8,28
DA:11,28
DA:13,2
DA:14,1
DA:15,1
DA:18,0
DA:21,28
DA:22,0
DA:23,0
DA:24,0
DA:27,0
DA:30,28
DA:31,0
DA:32,0
DA:33,0
DA:36,0
DA:39,28
DA:40,0
DA:42,0
DA:43,0
DA:46,0
DA:48,0
DA:49,0
DA:51,0
DA:57,0
DA:60,28
DA:61,0
DA:62,0
DA:63,0
DA:66,0
DA:70,0
DA:74,28
LF:34
LH:12
BRDA:11,0,0,2
BRDA:14,1,0,1
BRDA:14,1,1,0
BRDA:23,2,0,0
BRDA:23,2,1,0
BRDA:32,3,0,0
BRDA:32,3,1,0
BRDA:42,4,0,0
BRDA:42,4,1,0
BRDA:48,5,0,0
BRDA:48,5,1,0
BRDA:49,6,0,0
BRDA:49,6,1,0
BRDA:49,7,0,0
BRDA:49,7,1,0
BRDA:62,8,0,0
BRDA:62,8,1,0
BRF:17
BRH:2
end_of_record
TN:
SF:src\repositories\reactionType.repository.js
FN:11,(anonymous_0)
FN:21,(anonymous_1)
FN:30,(anonymous_2)
FN:39,(anonymous_3)
FN:60,(anonymous_4)
FNF:5
FNH:1
FNDA:2,(anonymous_0)
FNDA:0,(anonymous_1)
FNDA:0,(anonymous_2)
FNDA:0,(anonymous_3)
FNDA:0,(anonymous_4)
DA:1,28
DA:7,28
DA:8,28
DA:11,28
DA:13,2
DA:14,1
DA:15,1
DA:18,0
DA:21,28
DA:22,0
DA:23,0
DA:24,0
DA:27,0
DA:30,28
DA:31,0
DA:32,0
DA:33,0
DA:36,0
DA:39,28
DA:40,0
DA:42,0
DA:43,0
DA:46,0
DA:48,0
DA:49,0
DA:51,0
DA:57,0
DA:60,28
DA:61,0
DA:62,0
DA:63,0
DA:66,0
DA:70,0
DA:74,28
LF:34
LH:12
BRDA:11,0,0,2
BRDA:14,1,0,1
BRDA:14,1,1,0
BRDA:23,2,0,0
BRDA:23,2,1,0
BRDA:32,3,0,0
BRDA:32,3,1,0
BRDA:42,4,0,0
BRDA:42,4,1,0
BRDA:48,5,0,0
BRDA:48,5,1,0
BRDA:49,6,0,0
BRDA:49,6,1,0
BRDA:49,7,0,0
BRDA:49,7,1,0
BRDA:62,8,0,0
BRDA:62,8,1,0
BRF:17
BRH:2
end_of_record
TN:
SF:src\repositories\savedActivity.repository.js
FN:10,(anonymous_0)
FN:19,(anonymous_1)
FNF:2
FNH:0
FNDA:0,(anonymous_0)
FNDA:0,(anonymous_1)
DA:1,28
DA:5,28
DA:6,28
DA:10,28
DA:11,0
DA:12,0
DA:13,0
DA:16,0
DA:19,28
DA:20,0
DA:21,0
DA:22,0
DA:25,0
DA:29,0
DA:33,28
LF:15
LH:6
BRDA:12,0,0,0
BRDA:12,0,1,0
BRDA:21,1,0,0
BRDA:21,1,1,0
BRF:4
BRH:0
end_of_record
TN:
SF:src\repositories\student.repository.js
FN:12,(anonymous_0)
FN:16,(anonymous_1)
FN:44,(anonymous_2)
FN:55,(anonymous_3)
FN:67,(anonymous_4)
FN:99,(anonymous_5)
FN:109,(anonymous_6)
FN:118,(anonymous_7)
FN:127,(anonymous_8)
FN:148,(anonymous_9)
FNF:10
FNH:0
FNDA:0,(anonymous_0)
FNDA:0,(anonymous_1)
FNDA:0,(anonymous_2)
FNDA:0,(anonymous_3)
FNDA:0,(anonymous_4)
FNDA:0,(anonymous_5)
FNDA:0,(anonymous_6)
FNDA:0,(anonymous_7)
FNDA:0,(anonymous_8)
FNDA:0,(anonymous_9)
DA:1,28
DA:2,28
DA:4,28
DA:9,28
DA:12,28
DA:14,0
DA:16,0
DA:28,0
DA:30,0
DA:38,0
DA:41,0
DA:44,28
DA:47,0
DA:48,0
DA:50,0
DA:52,0
DA:55,28
DA:56,0
DA:58,0
DA:59,0
DA:62,0
DA:64,0
DA:67,28
DA:68,0
DA:70,0
DA:71,0
DA:85,0
DA:87,0
DA:96,0
DA:99,28
DA:100,0
DA:102,0
DA:103,0
DA:106,0
DA:109,28
DA:110,0
DA:111,0
DA:112,0
DA:115,0
DA:118,28
DA:119,0
DA:120,0
DA:121,0
DA:124,0
DA:127,28
DA:128,0
DA:130,0
DA:131,0
DA:134,0
DA:136,0
DA:137,0
DA:139,0
DA:145,0
DA:148,28
DA:149,0
DA:150,0
DA:151,0
DA:154,0
DA:158,0
DA:162,28
LF:60
LH:14
BRDA:12,0,0,0
BRDA:30,1,0,0
BRDA:30,1,1,0
BRDA:47,2,0,0
BRDA:47,2,1,0
BRDA:58,3,0,0
BRDA:58,3,1,0
BRDA:70,4,0,0
BRDA:70,4,1,0
BRDA:87,5,0,0
BRDA:87,5,1,0
BRDA:102,6,0,0
BRDA:102,6,1,0
BRDA:111,7,0,0
BRDA:111,7,1,0
BRDA:120,8,0,0
BRDA:120,8,1,0
BRDA:130,9,0,0
BRDA:130,9,1,0
BRDA:136,10,0,0
BRDA:136,10,1,0
BRDA:137,11,0,0
BRDA:137,11,1,0
BRDA:137,12,0,0
BRDA:137,12,1,0
BRDA:150,13,0,0
BRDA:150,13,1,0
BRF:27
BRH:0
end_of_record
TN:
SF:src\repositories\studentConnection.repository.js
FN:12,(anonymous_0)
FN:16,(anonymous_1)
FN:28,(anonymous_2)
FN:32,(anonymous_3)
FN:44,(anonymous_4)
FN:53,(anonymous_5)
FN:62,(anonymous_6)
FN:83,(anonymous_7)
FNF:8
FNH:0
FNDA:0,(anonymous_0)
FNDA:0,(anonymous_1)
FNDA:0,(anonymous_2)
FNDA:0,(anonymous_3)
FNDA:0,(anonymous_4)
FNDA:0,(anonymous_5)
FNDA:0,(anonymous_6)
FNDA:0,(anonymous_7)
DA:1,28
DA:7,28
DA:8,28
DA:12,28
DA:14,0
DA:16,0
DA:17,0
DA:22,0
DA:25,0
DA:28,28
DA:30,0
DA:32,0
DA:33,0
DA:38,0
DA:41,0
DA:44,28
DA:45,0
DA:46,0
DA:47,0
DA:50,0
DA:53,28
DA:54,0
DA:55,0
DA:56,0
DA:59,0
DA:62,28
DA:63,0
DA:65,0
DA:66,0
DA:69,0
DA:71,0
DA:72,0
DA:74,0
DA:80,0
DA:83,28
DA:84,0
DA:85,0
DA:86,0
DA:89,0
DA:93,0
DA:97,28
LF:41
LH:10
BRDA:12,0,0,0
BRDA:46,1,0,0
BRDA:46,1,1,0
BRDA:55,2,0,0
BRDA:55,2,1,0
BRDA:65,3,0,0
BRDA:65,3,1,0
BRDA:71,4,0,0
BRDA:71,4,1,0
BRDA:72,5,0,0
BRDA:72,5,1,0
BRDA:72,6,0,0
BRDA:72,6,1,0
BRDA:85,7,0,0
BRDA:85,7,1,0
BRF:15
BRH:0
end_of_record
TN:
SF:src\repositories\studentStatus.repository.js
FN:11,(anonymous_0)
FN:21,(anonymous_1)
FN:30,(anonymous_2)
FN:39,(anonymous_3)
FN:60,(anonymous_4)
FNF:5
FNH:1
FNDA:2,(anonymous_0)
FNDA:0,(anonymous_1)
FNDA:0,(anonymous_2)
FNDA:0,(anonymous_3)
FNDA:0,(anonymous_4)
DA:1,28
DA:7,28
DA:8,28
DA:11,28
DA:13,2
DA:14,1
DA:15,1
DA:18,0
DA:21,28
DA:22,0
DA:23,0
DA:24,0
DA:27,0
DA:30,28
DA:31,0
DA:32,0
DA:33,0
DA:36,0
DA:39,28
DA:40,0
DA:42,0
DA:43,0
DA:46,0
DA:48,0
DA:49,0
DA:51,0
DA:57,0
DA:60,28
DA:61,0
DA:62,0
DA:63,0
DA:66,0
DA:70,0
DA:74,28
LF:34
LH:12
BRDA:11,0,0,2
BRDA:14,1,0,1
BRDA:14,1,1,0
BRDA:23,2,0,0
BRDA:23,2,1,0
BRDA:32,3,0,0
BRDA:32,3,1,0
BRDA:42,4,0,0
BRDA:42,4,1,0
BRDA:48,5,0,0
BRDA:48,5,1,0
BRDA:49,6,0,0
BRDA:49,6,1,0
BRDA:49,7,0,0
BRDA:49,7,1,0
BRDA:62,8,0,0
BRDA:62,8,1,0
BRF:17
BRH:2
end_of_record
TN:
SF:src\repositories\subject.repository.js
FN:11,(anonymous_0)
FN:21,(anonymous_1)
FN:30,(anonymous_2)
FN:39,(anonymous_3)
FN:60,(anonymous_4)
FNF:5
FNH:0
FNDA:0,(anonymous_0)
FNDA:0,(anonymous_1)
FNDA:0,(anonymous_2)
FNDA:0,(anonymous_3)
FNDA:0,(anonymous_4)
DA:1,28
DA:7,28
DA:8,28
DA:11,28
DA:13,0
DA:14,0
DA:15,0
DA:18,0
DA:21,28
DA:22,0
DA:23,0
DA:24,0
DA:27,0
DA:30,28
DA:31,0
DA:32,0
DA:33,0
DA:36,0
DA:39,28
DA:40,0
DA:42,0
DA:43,0
DA:46,0
DA:48,0
DA:49,0
DA:51,0
DA:57,0
DA:60,28
DA:61,0
DA:62,0
DA:63,0
DA:66,0
DA:70,0
DA:74,28
LF:34
LH:9
BRDA:11,0,0,0
BRDA:14,1,0,0
BRDA:14,1,1,0
BRDA:23,2,0,0
BRDA:23,2,1,0
BRDA:32,3,0,0
BRDA:32,3,1,0
BRDA:42,4,0,0
BRDA:42,4,1,0
BRDA:48,5,0,0
BRDA:48,5,1,0
BRDA:49,6,0,0
BRDA:49,6,1,0
BRDA:49,7,0,0
BRDA:49,7,1,0
BRDA:62,8,0,0
BRDA:62,8,1,0
BRF:17
BRH:0
end_of_record
TN:
SF:src\repositories\teacher.repository.js
FN:10,(anonymous_0)
FN:17,(anonymous_1)
FN:26,(anonymous_2)
FN:35,(anonymous_3)
FN:56,(anonymous_4)
FNF:5
FNH:0
FNDA:0,(anonymous_0)
FNDA:0,(anonymous_1)
FNDA:0,(anonymous_2)
FNDA:0,(anonymous_3)
FNDA:0,(anonymous_4)
DA:1,28
DA:7,28
DA:8,28
DA:10,28
DA:12,0
DA:14,0
DA:17,28
DA:18,0
DA:19,0
DA:20,0
DA:23,0
DA:26,28
DA:27,0
DA:28,0
DA:29,0
DA:32,0
DA:35,28
DA:36,0
DA:38,0
DA:39,0
DA:42,0
DA:44,0
DA:45,0
DA:47,0
DA:53,0
DA:56,28
DA:57,0
DA:58,0
DA:59,0
DA:62,0
DA:66,0
DA:70,28
LF:32
LH:9
BRDA:10,0,0,0
BRDA:19,1,0,0
BRDA:19,1,1,0
BRDA:28,2,0,0
BRDA:28,2,1,0
BRDA:38,3,0,0
BRDA:38,3,1,0
BRDA:44,4,0,0
BRDA:44,4,1,0
BRDA:45,5,0,0
BRDA:45,5,1,0
BRDA:45,6,0,0
BRDA:45,6,1,0
BRDA:58,7,0,0
BRDA:58,7,1,0
BRF:15
BRH:0
end_of_record
TN:
SF:src\repositories\teacherReview.repository.js
FN:14,(anonymous_0)
FN:18,(anonymous_1)
FN:30,(anonymous_2)
FN:45,(anonymous_3)
FN:52,(anonymous_4)
FN:59,(anonymous_5)
FN:68,(anonymous_6)
FN:103,(anonymous_7)
FNF:8
FNH:1
FNDA:0,(anonymous_0)
FNDA:0,(anonymous_1)
FNDA:0,(anonymous_2)
FNDA:1,(anonymous_3)
FNDA:0,(anonymous_4)
FNDA:0,(anonymous_5)
FNDA:0,(anonymous_6)
FNDA:0,(anonymous_7)
DA:1,28
DA:3,28
DA:4,28
DA:5,28
DA:10,28
DA:11,28
DA:14,28
DA:16,0
DA:18,0
DA:19,0
DA:24,0
DA:27,0
DA:30,28
DA:31,0
DA:32,0
DA:33,0
DA:36,0
DA:42,0
DA:45,28
DA:46,1
DA:47,1
DA:48,1
DA:52,28
DA:53,0
DA:54,0
DA:55,0
DA:56,0
DA:59,28
DA:60,0
DA:61,0
DA:63,0
DA:64,0
DA:65,0
DA:68,28
DA:69,0
DA:70,0
DA:72,0
DA:75,0
DA:76,0
DA:78,0
DA:79,0
DA:82,0
DA:83,0
DA:85,0
DA:90,0
DA:91,0
DA:94,0
DA:95,0
DA:98,0
DA:100,0
DA:103,28
DA:104,0
DA:108,0
DA:109,0
DA:111,0
DA:112,0
DA:114,0
DA:115,0
DA:117,0
DA:122,0
DA:123,0
DA:126,0
DA:127,0
DA:130,0
DA:132,0
DA:136,0
DA:140,28
LF:67
LH:17
BRDA:14,0,0,0
BRDA:32,1,0,0
BRDA:32,1,1,0
BRDA:78,2,0,0
BRDA:78,2,1,0
BRDA:90,3,0,0
BRDA:90,3,1,0
BRDA:111,4,0,0
BRDA:111,4,1,0
BRDA:122,5,0,0
BRDA:122,5,1,0
BRF:11
BRH:0
end_of_record
TN:
SF:src\repositories\term.repository.js
FN:11,(anonymous_0)
FN:21,(anonymous_1)
FN:30,(anonymous_2)
FN:39,(anonymous_3)
FN:60,(anonymous_4)
FNF:5
FNH:0
FNDA:0,(anonymous_0)
FNDA:0,(anonymous_1)
FNDA:0,(anonymous_2)
FNDA:0,(anonymous_3)
FNDA:0,(anonymous_4)
DA:1,28
DA:7,28
DA:8,28
DA:11,28
DA:13,0
DA:14,0
DA:15,0
DA:18,0
DA:21,28
DA:22,0
DA:23,0
DA:24,0
DA:27,0
DA:30,28
DA:31,0
DA:32,0
DA:33,0
DA:36,0
DA:39,28
DA:40,0
DA:42,0
DA:43,0
DA:46,0
DA:48,0
DA:49,0
DA:51,0
DA:57,0
DA:60,28
DA:61,0
DA:62,0
DA:63,0
DA:66,0
DA:70,0
DA:74,28
LF:34
LH:9
BRDA:11,0,0,0
BRDA:14,1,0,0
BRDA:14,1,1,0
BRDA:23,2,0,0
BRDA:23,2,1,0
BRDA:32,3,0,0
BRDA:32,3,1,0
BRDA:42,4,0,0
BRDA:42,4,1,0
BRDA:48,5,0,0
BRDA:48,5,1,0
BRDA:49,6,0,0
BRDA:49,6,1,0
BRDA:49,7,0,0
BRDA:49,7,1,0
BRDA:62,8,0,0
BRDA:62,8,1,0
BRF:17
BRH:0
end_of_record
TN:
SF:src\repositories\timeslot.repository.js
FN:12,(anonymous_0)
FN:27,(anonymous_1)
FN:39,(anonymous_2)
FN:53,(anonymous_3)
FN:82,(anonymous_4)
FNF:5
FNH:1
FNDA:2,(anonymous_0)
FNDA:0,(anonymous_1)
FNDA:0,(anonymous_2)
FNDA:0,(anonymous_3)
FNDA:0,(anonymous_4)
DA:1,28
DA:7,28
DA:8,28
DA:9,28
DA:12,28
DA:14,2
DA:15,1
DA:16,1
DA:19,0
DA:20,0
DA:21,0
DA:24,0
DA:27,28
DA:28,0
DA:29,0
DA:30,0
DA:33,0
DA:34,0
DA:36,0
DA:39,28
DA:40,0
DA:41,0
DA:42,0
DA:45,0
DA:46,0
DA:47,0
DA:50,0
DA:53,28
DA:54,0
DA:55,0
DA:57,0
DA:58,0
DA:62,0
DA:64,0
DA:65,0
DA:68,0
DA:70,0
DA:71,0
DA:73,0
DA:79,0
DA:82,28
DA:83,0
DA:84,0
DA:85,0
DA:88,0
DA:92,0
DA:96,28
LF:47
LH:13
BRDA:12,0,0,2
BRDA:15,1,0,1
BRDA:15,1,1,0
BRDA:29,2,0,0
BRDA:29,2,1,0
BRDA:41,3,0,0
BRDA:41,3,1,0
BRDA:46,4,0,0
BRDA:46,4,1,0
BRDA:54,5,0,0
BRDA:54,5,1,0
BRDA:54,6,0,0
BRDA:54,6,1,0
BRDA:57,7,0,0
BRDA:57,7,1,0
BRDA:64,8,0,0
BRDA:64,8,1,0
BRDA:70,9,0,0
BRDA:70,9,1,0
BRDA:71,10,0,0
BRDA:71,10,1,0
BRDA:71,11,0,0
BRDA:71,11,1,0
BRDA:84,12,0,0
BRDA:84,12,1,0
BRF:25
BRH:2
end_of_record
TN:
SF:src\repositories\timetable.repository.js
FN:15,(anonymous_0)
FN:25,(anonymous_1)
FN:27,(anonymous_2)
FN:40,(anonymous_3)
FN:44,(anonymous_4)
FN:66,(anonymous_5)
FN:94,(anonymous_6)
FN:102,(anonymous_7)
FN:155,(anonymous_8)
FN:170,(anonymous_9)
FN:187,(anonymous_10)
FN:228,(anonymous_11)
FN:237,(anonymous_12)
FN:244,(anonymous_13)
FN:265,(anonymous_14)
FNF:15
FNH:0
FNDA:0,(anonymous_0)
FNDA:0,(anonymous_1)
FNDA:0,(anonymous_2)
FNDA:0,(anonymous_3)
FNDA:0,(anonymous_4)
FNDA:0,(anonymous_5)
FNDA:0,(anonymous_6)
FNDA:0,(anonymous_7)
FNDA:0,(anonymous_8)
FNDA:0,(anonymous_9)
FNDA:0,(anonymous_10)
FNDA:0,(anonymous_11)
FNDA:0,(anonymous_12)
FNDA:0,(anonymous_13)
FNDA:0,(anonymous_14)
DA:1,28
DA:3,28
DA:4,28
DA:5,28
DA:11,28
DA:15,28
DA:17,0
DA:18,0
DA:19,0
DA:22,0
DA:25,28
DA:27,0
DA:30,0
DA:31,0
DA:33,0
DA:34,0
DA:37,0
DA:40,28
DA:43,0
DA:44,0
DA:45,0
DA:46,0
DA:48,0
DA:49,0
DA:54,0
DA:55,0
DA:58,0
DA:59,0
DA:61,0
DA:63,0
DA:66,0
DA:68,0
DA:69,0
DA:72,0
DA:73,0
DA:75,0
DA:78,0
DA:81,0
DA:82,0
DA:84,0
DA:85,0
DA:89,0
DA:94,28
DA:95,0
DA:96,0
DA:97,0
DA:100,0
DA:102,0
DA:103,0
DA:104,0
DA:105,0
DA:106,0
DA:107,0
DA:109,0
DA:147,0
DA:150,0
DA:152,0
DA:155,28
DA:156,0
DA:158,0
DA:161,0
DA:162,0
DA:164,0
DA:165,0
DA:168,0
DA:170,0
DA:171,0
DA:173,0
DA:174,0
DA:175,0
DA:178,0
DA:179,0
DA:182,0
DA:184,0
DA:187,28
DA:188,0
DA:190,0
DA:192,0
DA:194,0
DA:197,0
DA:198,0
DA:201,0
DA:203,0
DA:204,0
DA:208,0
DA:209,0
DA:211,0
DA:212,0
DA:214,0
DA:219,0
DA:220,0
DA:223,0
DA:225,0
DA:228,28
DA:229,0
DA:230,0
DA:232,0
DA:234,0
DA:235,0
DA:236,0
DA:237,0
DA:238,0
DA:239,0
DA:240,0
DA:243,0
DA:244,0
DA:245,0
DA:246,0
DA:247,0
DA:251,0
DA:252,0
DA:255,0
DA:257,0
DA:262,0
DA:265,28
DA:266,0
DA:267,0
DA:268,0
DA:271,0
DA:275,0
DA:279,28
LF:121
LH:14
BRDA:15,0,0,0
BRDA:18,1,0,0
BRDA:18,1,1,0
BRDA:33,2,0,0
BRDA:33,2,1,0
BRDA:43,3,0,0
BRDA:43,3,1,0
BRDA:43,4,0,0
BRDA:43,4,1,0
BRDA:43,4,2,0
BRDA:63,5,0,0
BRDA:63,5,1,0
BRDA:63,6,0,0
BRDA:63,6,1,0
BRDA:75,7,0,0
BRDA:75,7,1,0
BRDA:75,8,0,0
BRDA:75,8,1,0
BRDA:75,9,0,0
BRDA:75,9,1,0
BRDA:81,10,0,0
BRDA:81,10,1,0
BRDA:84,11,0,0
BRDA:84,11,1,0
BRDA:96,12,0,0
BRDA:96,12,1,0
BRDA:96,13,0,0
BRDA:96,13,1,0
BRDA:103,14,0,0
BRDA:103,14,1,0
BRDA:164,15,0,0
BRDA:164,15,1,0
BRDA:174,16,0,0
BRDA:174,16,1,0
BRDA:197,17,0,0
BRDA:197,17,1,0
BRDA:203,18,0,0
BRDA:203,18,1,0
BRDA:211,19,0,0
BRDA:211,19,1,0
BRDA:211,20,0,0
BRDA:211,20,1,0
BRDA:212,21,0,0
BRDA:212,21,1,0
BRDA:212,22,0,0
BRDA:212,22,1,0
BRDA:212,22,2,0
BRDA:212,22,3,0
BRDA:236,23,0,0
BRDA:236,23,1,0
BRDA:239,24,0,0
BRDA:239,24,1,0
BRDA:243,25,0,0
BRDA:243,25,1,0
BRDA:246,26,0,0
BRDA:246,26,1,0
BRDA:267,27,0,0
BRDA:267,27,1,0
BRF:58
BRH:0
end_of_record
TN:
SF:src\routes\activity.routes.js
FNF:0
FNH:0
DA:1,28
DA:2,28
DA:3,28
DA:4,28
DA:5,28
DA:7,28
DA:8,28
DA:15,28
DA:17,28
DA:24,28
DA:29,28
DA:36,28
DA:44,28
DA:52,28
DA:58,28
LF:15
LH:15
BRF:0
BRH:0
end_of_record
TN:
SF:src\routes\activityAttendee.routes.js
FNF:0
FNH:0
DA:1,28
DA:2,28
DA:3,28
DA:4,28
DA:5,28
DA:7,28
DA:8,28
DA:13,28
DA:15,28
DA:23,28
DA:31,28
DA:37,28
LF:12
LH:12
BRF:0
BRH:0
end_of_record
TN:
SF:src\routes\activityStatus.routes.js
FNF:0
FNH:0
DA:1,28
DA:2,28
DA:3,28
DA:4,28
DA:5,28
DA:6,28
DA:8,28
DA:9,28
DA:11,28
DA:15,28
DA:20,28
DA:27,28
DA:34,28
DA:39,28
LF:14
LH:14
BRF:0
BRH:0
end_of_record
TN:
SF:src\routes\activityType.routes.js
FNF:0
FNH:0
DA:1,28
DA:2,28
DA:3,28
DA:4,28
DA:5,28
DA:6,28
DA:8,28
DA:9,28
DA:11,28
DA:15,28
DA:20,28
DA:27,28
DA:34,28
DA:39,28
LF:14
LH:14
BRF:0
BRH:0
end_of_record
TN:
SF:src\routes\auth.routes.js
FNF:0
FNH:0
DA:1,28
DA:2,28
DA:3,28
DA:4,28
DA:6,28
DA:7,28
DA:15,28
DA:17,28
DA:23,28
DA:29,28
DA:35,28
DA:42,28
DA:49,28
DA:56,28
DA:63,28
DA:70,28
LF:16
LH:16
BRF:0
BRH:0
end_of_record
TN:
SF:src\routes\campus.routes.js
FNF:0
FNH:0
DA:1,28
DA:2,28
DA:3,28
DA:4,28
DA:5,28
DA:6,28
DA:8,28
DA:9,28
DA:11,28
DA:15,28
DA:20,28
DA:27,28
DA:34,28
DA:40,28
LF:14
LH:14
BRF:0
BRH:0
end_of_record
TN:
SF:src\routes\campusSpot.routes.js
FNF:0
FNH:0
DA:1,28
DA:2,28
DA:3,28
DA:4,28
DA:5,28
DA:6,28
DA:8,28
DA:9,28
DA:11,28
DA:15,28
DA:20,28
DA:27,28
DA:34,28
DA:40,28
LF:14
LH:14
BRF:0
BRH:0
end_of_record
TN:
SF:src\routes\class.routes.js
FNF:0
FNH:0
DA:1,28
DA:2,28
DA:3,28
DA:4,28
DA:5,28
DA:6,28
DA:8,28
DA:14,28
DA:16,28
DA:23,28
DA:28,28
DA:35,28
DA:42,28
DA:49,28
DA:54,28
LF:15
LH:15
BRF:0
BRH:0
end_of_record
TN:
SF:src\routes\classroom.routes.js
FNF:0
FNH:0
DA:1,28
DA:2,28
DA:3,28
DA:4,28
DA:5,28
DA:6,28
DA:8,28
DA:9,28
DA:11,28
DA:16,28
DA:21,28
DA:28,28
DA:35,28
DA:40,28
LF:14
LH:14
BRF:0
BRH:0
end_of_record
TN:
SF:src\routes\hangoutRequest.routes.js
FNF:0
FNH:0
DA:1,28
DA:2,28
DA:3,28
DA:4,28
DA:5,28
DA:7,28
DA:8,28
DA:14,28
DA:16,28
DA:24,28
DA:30,28
DA:38,28
DA:46,28
DA:52,28
LF:14
LH:14
BRF:0
BRH:0
end_of_record
TN:
SF:src\routes\healthCheck.routes.js
FNF:0
FNH:0
DA:1,28
DA:2,28
DA:3,28
DA:5,28
DA:7,28
DA:11,28
LF:6
LH:6
BRF:0
BRH:0
end_of_record
TN:
SF:src\routes\hobby.routes.js
FNF:0
FNH:0
DA:1,28
DA:2,28
DA:3,28
DA:4,28
DA:5,28
DA:7,28
DA:8,28
DA:9,28
DA:11,28
DA:15,28
DA:20,28
DA:27,28
DA:34,28
DA:39,28
LF:14
LH:14
BRF:0
BRH:0
end_of_record
TN:
SF:src\routes\interest.routes.js
FNF:0
FNH:0
DA:1,28
DA:2,28
DA:3,28
DA:4,28
DA:5,28
DA:6,28
DA:8,28
DA:9,28
DA:11,28
DA:15,28
DA:20,28
DA:27,28
DA:34,28
DA:39,28
LF:14
LH:14
BRF:0
BRH:0
end_of_record
TN:
SF:src\routes\post.routes.js
FNF:0
FNH:0
DA:1,28
DA:2,28
DA:3,28
DA:4,28
DA:5,28
DA:7,28
DA:8,28
DA:14,28
DA:16,28
DA:23,28
DA:28,28
DA:34,28
DA:42,28
DA:50,28
DA:56,28
LF:15
LH:15
BRF:0
BRH:0
end_of_record
TN:
SF:src\routes\postReaction.routes.js
FNF:0
FNH:0
DA:1,28
DA:2,28
DA:3,28
DA:4,28
DA:5,28
DA:7,28
DA:8,28
DA:13,28
DA:15,28
DA:23,28
DA:31,28
DA:37,28
LF:12
LH:12
BRF:0
BRH:0
end_of_record
TN:
SF:src\routes\program.routes.js
FNF:0
FNH:0
DA:1,28
DA:2,28
DA:3,28
DA:4,28
DA:5,28
DA:6,28
DA:8,28
DA:9,28
DA:11,28
DA:15,28
DA:20,28
DA:27,28
DA:34,28
DA:39,28
LF:14
LH:14
BRF:0
BRH:0
end_of_record
TN:
SF:src\routes\reactionType.routes.js
FNF:0
FNH:0
DA:1,28
DA:2,28
DA:3,28
DA:4,28
DA:5,28
DA:6,28
DA:8,28
DA:9,28
DA:11,28
DA:15,28
DA:20,28
DA:27,28
DA:34,28
DA:39,28
LF:14
LH:14
BRF:0
BRH:0
end_of_record
TN:
SF:src\routes\savedActivity.routes.js
FNF:0
FNH:0
DA:1,28
DA:2,28
DA:3,28
DA:4,28
DA:5,28
DA:7,28
DA:8,28
DA:9,28
DA:11,28
DA:19,28
DA:25,28
LF:11
LH:11
BRF:0
BRH:0
end_of_record
TN:
SF:src\routes\student.routes.js
FNF:0
FNH:0
DA:1,28
DA:2,28
DA:3,28
DA:4,28
DA:5,28
DA:7,28
DA:8,28
DA:15,28
DA:17,28
DA:24,28
DA:29,28
DA:36,28
DA:43,28
DA:51,28
DA:59,28
DA:64,28
LF:16
LH:16
BRF:0
BRH:0
end_of_record
TN:
SF:src\routes\studentConnection.routes.js
FNF:0
FNH:0
DA:1,28
DA:2,28
DA:3,28
DA:4,28
DA:5,28
DA:7,28
DA:8,28
DA:15,28
DA:17,28
DA:24,28
DA:32,28
DA:38,28
DA:46,28
DA:54,28
DA:60,28
LF:15
LH:15
BRF:0
BRH:0
end_of_record
TN:
SF:src\routes\studentStatus.routes.js
FNF:0
FNH:0
DA:1,28
DA:2,28
DA:3,28
DA:4,28
DA:5,28
DA:6,28
DA:8,28
DA:9,28
DA:11,28
DA:15,28
DA:20,28
DA:27,28
DA:34,28
DA:39,28
LF:14
LH:14
BRF:0
BRH:0
end_of_record
TN:
SF:src\routes\subject.routes.js
FNF:0
FNH:0
DA:1,28
DA:2,28
DA:3,28
DA:4,28
DA:5,28
DA:6,28
DA:8,28
DA:9,28
DA:11,28
DA:16,28
DA:21,28
DA:28,28
DA:35,28
DA:40,28
LF:14
LH:14
BRF:0
BRH:0
end_of_record
TN:
SF:src\routes\teacher.routes.js
FNF:0
FNH:0
DA:1,28
DA:2,28
DA:3,28
DA:4,28
DA:5,28
DA:6,28
DA:8,28
DA:9,28
DA:11,28
DA:16,28
DA:21,28
DA:28,28
DA:35,28
DA:40,28
LF:14
LH:14
BRF:0
BRH:0
end_of_record
TN:
SF:src\routes\teacherReview.routes.js
FNF:0
FNH:0
DA:1,28
DA:2,28
DA:3,28
DA:4,28
DA:5,28
DA:7,28
DA:8,28
DA:14,28
DA:16,28
DA:23,28
DA:28,28
DA:36,28
DA:44,28
LF:13
LH:13
BRF:0
BRH:0
end_of_record
TN:
SF:src\routes\term.routes.js
FNF:0
FNH:0
DA:1,28
DA:2,28
DA:3,28
DA:4,28
DA:5,28
DA:6,28
DA:8,28
DA:9,28
DA:11,28
DA:16,28
DA:21,28
DA:28,28
DA:35,28
DA:40,28
LF:14
LH:14
BRF:0
BRH:0
end_of_record
TN:
SF:src\routes\timeslot.routes.js
FNF:0
FNH:0
DA:1,28
DA:2,28
DA:3,28
DA:4,28
DA:5,28
DA:6,28
DA:8,28
DA:9,28
DA:11,28
DA:15,28
DA:20,28
DA:27,28
DA:34,28
DA:39,28
LF:14
LH:14
BRF:0
BRH:0
end_of_record
TN:
SF:src\routes\timetable.routes.js
FNF:0
FNH:0
DA:1,28
DA:2,28
DA:3,28
DA:4,28
DA:5,28
DA:6,28
DA:8,28
DA:17,28
DA:19,28
DA:27,28
DA:32,28
DA:40,28
DA:47,28
DA:55,28
DA:63,28
DA:69,28
LF:16
LH:16
BRF:0
BRH:0
end_of_record
TN:
SF:src\utils\common.utils.js
FN:3,(anonymous_0)
FN:11,(anonymous_1)
FN:19,(anonymous_2)
FN:34,(anonymous_3)
FN:41,(anonymous_4)
FN:46,(anonymous_5)
FN:59,(anonymous_6)
FN:67,(anonymous_7)
FN:75,(anonymous_8)
FN:81,(anonymous_9)
FN:82,(anonymous_10)
FNF:11
FNH:8
FNDA:9,(anonymous_0)
FNDA:78,(anonymous_1)
FNDA:0,(anonymous_2)
FNDA:0,(anonymous_3)
FNDA:0,(anonymous_4)
FNDA:1,(anonymous_5)
FNDA:2,(anonymous_6)
FNDA:2,(anonymous_7)
FNDA:7,(anonymous_8)
FNDA:1,(anonymous_9)
FNDA:1,(anonymous_10)
DA:1,28
DA:3,28
DA:4,9
DA:5,0
DA:8,9
DA:9,9
DA:11,78
DA:13,9
DA:19,28
DA:24,0
DA:26,0
DA:27,0
DA:28,0
DA:29,0
DA:31,0
DA:34,28
DA:35,0
DA:36,0
DA:37,0
DA:38,0
DA:41,28
DA:42,0
DA:43,0
DA:46,28
DA:48,1
DA:49,1
DA:52,1
DA:55,1
DA:56,1
DA:59,28
DA:60,2
DA:61,0
DA:64,2
DA:65,2
DA:67,2
DA:69,2
DA:75,28
DA:76,7
DA:77,7
DA:81,28
DA:82,1
DA:85,28
DA:86,28
DA:87,28
DA:88,28
DA:89,28
DA:90,28
DA:91,28
LF:48
LH:34
BRDA:4,0,0,0
BRDA:4,0,1,9
BRDA:26,1,0,0
BRDA:26,1,1,0
BRDA:26,1,2,0
BRDA:27,2,0,0
BRDA:27,2,1,0
BRDA:27,2,2,0
BRDA:28,3,0,0
BRDA:28,3,1,0
BRDA:29,4,0,0
BRDA:29,4,1,0
BRDA:37,5,0,0
BRDA:37,5,1,0
BRDA:42,6,0,0
BRDA:42,6,1,0
BRDA:48,7,0,0
BRDA:48,7,1,1
BRDA:52,8,0,0
BRDA:52,8,1,1
BRDA:60,9,0,0
BRDA:60,9,1,2
BRDA:76,10,0,7
BRDA:76,10,1,0
BRF:24
BRH:5
end_of_record
TN:
SF:src\utils\errorStatusCodes.utils.js
FNF:0
FNH:0
DA:1,28
LF:1
LH:1
BRF:0
BRH:0
end_of_record
TN:
SF:src\utils\responses.utils.js
FN:1,(anonymous_0)
FN:11,(anonymous_1)
FNF:2
FNH:2
FNDA:1,(anonymous_0)
FNDA:596,(anonymous_1)
DA:1,28
DA:2,1
DA:11,28
DA:12,596
LF:4
LH:4
BRDA:1,0,0,1
BRDA:17,1,0,596
BRDA:17,1,1,8
BRF:3
BRH:3
end_of_record
TN:
SF:src\utils\sendgrid.utils.js
FN:7,(anonymous_0)
FNF:1
FNH:0
FNDA:0,(anonymous_0)
DA:1,28
DA:2,28
DA:3,28
DA:5,28
DA:7,28
DA:8,0
DA:16,0
DA:17,0
DA:19,0
DA:20,0
DA:21,0
DA:22,0
LF:12
LH:5
BRDA:20,0,0,0
BRDA:20,0,1,0
BRF:2
BRH:0
end_of_record
TN:
SF:src\utils\tableNames.utils.js
FNF:0
FNH:0
DA:1,28
LF:1
LH:1
BRF:0
BRH:0
end_of_record
TN:
SF:src\utils\enums\activityFrequency.utils.js
FNF:0
FNH:0
DA:1,28
LF:1
LH:1
BRF:0
BRH:0
end_of_record
TN:
SF:src\utils\enums\activityLocation.utils.js
FNF:0
FNH:0
DA:1,28
LF:1
LH:1
BRF:0
BRH:0
end_of_record
TN:
SF:src\utils\enums\connectionStatus.utils.js
FNF:0
FNH:0
DA:1,28
LF:1
LH:1
BRF:0
BRH:0
end_of_record
TN:
SF:src\utils\enums\days.utils.js
FNF:0
FNH:0
DA:1,28
LF:1
LH:1
BRF:0
BRH:0
end_of_record
TN:
SF:src\utils\enums\genders.utils.js
FNF:0
FNH:0
DA:1,28
LF:1
LH:1
BRF:0
BRH:0
end_of_record
TN:
SF:src\utils\enums\hangoutRequestStatus.utils.js
FNF:0
FNH:0
DA:1,28
LF:1
LH:1
BRF:0
BRH:0
end_of_record
TN:
SF:src\utils\enums\involvementType.utils.js
FNF:0
FNH:0
DA:1,28
LF:1
LH:1
BRF:0
BRH:0
end_of_record
TN:
SF:src\utils\enums\privacy.utils.js
FNF:0
FNH:0
DA:1,28
LF:1
LH:1
BRF:0
BRH:0
end_of_record
TN:
SF:src\utils\enums\requestMethods.utils.js
FNF:0
FNH:0
DA:1,28
LF:1
LH:1
BRF:0
BRH:0
end_of_record
TN:
SF:src\utils\enums\resourceType.utils.js
FNF:0
FNH:0
DA:1,28
LF:1
LH:1
BRF:0
BRH:0
end_of_record
TN:
SF:src\utils\enums\roles.utils.js
FNF:0
FNH:0
DA:1,28
LF:1
LH:1
BRF:0
BRH:0
end_of_record
TN:
SF:src\utils\exceptions\api.exception.js
FN:5,(anonymous_0)
FN:17,(anonymous_1)
FN:23,(anonymous_2)
FN:29,(anonymous_3)
FN:35,(anonymous_4)
FNF:5
FNH:2
FNDA:465,(anonymous_0)
FNDA:465,(anonymous_1)
FNDA:0,(anonymous_2)
FNDA:0,(anonymous_3)
FNDA:0,(anonymous_4)
DA:1,28
DA:2,28
DA:6,465
DA:7,465
DA:8,465
DA:9,465
DA:10,465
DA:11,465
DA:12,465
DA:18,465
DA:24,0
DA:30,0
DA:36,0
DA:40,28
LF:14
LH:11
BRDA:5,0,0,0
BRDA:7,1,0,0
BRDA:7,1,1,465
BRDA:23,2,0,0
BRDA:29,3,0,0
BRF:5
BRH:1
end_of_record
TN:
SF:src\utils\exceptions\auth.exception.js
FN:5,(anonymous_0)
FN:17,(anonymous_1)
FN:23,(anonymous_2)
FN:29,(anonymous_3)
FN:35,(anonymous_4)
FN:41,(anonymous_5)
FN:47,(anonymous_6)
FN:53,(anonymous_7)
FN:59,(anonymous_8)
FN:65,(anonymous_9)
FNF:10
FNH:2
FNDA:113,(anonymous_0)
FNDA:0,(anonymous_1)
FNDA:113,(anonymous_2)
FNDA:0,(anonymous_3)
FNDA:0,(anonymous_4)
FNDA:0,(anonymous_5)
FNDA:0,(anonymous_6)
FNDA:0,(anonymous_7)
FNDA:0,(anonymous_8)
FNDA:0,(anonymous_9)
DA:1,28
DA:2,28
DA:6,113
DA:7,113
DA:8,113
DA:9,113
DA:10,113
DA:11,113
DA:12,113
DA:18,0
DA:24,113
DA:30,0
DA:36,0
DA:42,0
DA:48,0
DA:54,0
DA:60,0
DA:66,0
DA:70,28
LF:19
LH:11
BRDA:5,0,0,113
BRDA:7,1,0,0
BRDA:7,1,1,113
BRDA:17,2,0,0
BRDA:23,3,0,113
BRDA:29,4,0,0
BRDA:35,5,0,0
BRDA:41,6,0,0
BRDA:47,7,0,0
BRDA:53,8,0,0
BRDA:65,9,0,0
BRF:11
BRH:3
end_of_record
TN:
SF:src\utils\exceptions\database.exception.js
FN:5,(anonymous_0)
FN:18,(anonymous_1)
FN:24,(anonymous_2)
FN:30,(anonymous_3)
FN:36,(anonymous_4)
FN:42,(anonymous_5)
FN:48,(anonymous_6)
FN:54,(anonymous_7)
FNF:8
FNH:2
FNDA:505,(anonymous_0)
FNDA:10,(anonymous_1)
FNDA:0,(anonymous_2)
FNDA:0,(anonymous_3)
FNDA:0,(anonymous_4)
FNDA:0,(anonymous_5)
FNDA:0,(anonymous_6)
FNDA:0,(anonymous_7)
DA:1,28
DA:2,28
DA:6,505
DA:7,505
DA:8,505
DA:9,505
DA:10,505
DA:11,505
DA:12,505
DA:13,505
DA:19,10
DA:25,0
DA:31,0
DA:37,0
DA:43,0
DA:49,0
DA:55,0
DA:59,28
LF:18
LH:12
BRDA:5,0,0,28
BRDA:5,1,0,495
BRDA:7,2,0,0
BRDA:7,2,1,505
BRDA:54,3,0,0
BRF:5
BRH:3
end_of_record
TN:
SF:src\utils\exceptions\validation.exception.js
FN:5,(anonymous_0)
FN:17,(anonymous_1)
FNF:2
FNH:2
FNDA:8,(anonymous_0)
FNDA:8,(anonymous_1)
DA:1,28
DA:2,28
DA:6,8
DA:7,8
DA:8,8
DA:9,8
DA:10,8
DA:11,8
DA:12,8
DA:18,8
DA:22,28
LF:11
LH:11
BRDA:5,0,0,8
BRDA:7,1,0,0
BRDA:7,1,1,8
BRF:3
BRH:2
end_of_record
